[2026-01-13T04:08:00.698+0000] {logging_mixin.py:188} INFO - Changing /opt/***/logs/dag_id=streamflow_main/run_id=scheduled__2026-01-12T00:00:00+00:00/task_id=spark_etl permission to 509
[2026-01-13T04:08:00.749+0000] {logging_mixin.py:188} INFO - Changing /opt/***/logs/dag_id=streamflow_main/run_id=scheduled__2026-01-12T00:00:00+00:00/task_id=spark_etl permission to 509
[2026-01-13T04:08:00.803+0000] {taskinstance.py:1956} INFO - Dependencies all met for dep_context=non-requeueable deps ti=<TaskInstance: streamflow_main.spark_etl scheduled__2026-01-12T00:00:00+00:00 [queued]>
[2026-01-13T04:08:00.816+0000] {taskinstance.py:1956} INFO - Dependencies all met for dep_context=requeueable deps ti=<TaskInstance: streamflow_main.spark_etl scheduled__2026-01-12T00:00:00+00:00 [queued]>
[2026-01-13T04:08:00.819+0000] {taskinstance.py:2170} INFO - Starting attempt 1 of 2
[2026-01-13T04:08:00.839+0000] {taskinstance.py:2191} INFO - Executing <Task(BashOperator): spark_etl> on 2026-01-12 00:00:00+00:00
[2026-01-13T04:08:00.846+0000] {standard_task_runner.py:60} INFO - Started process 356 to run task
[2026-01-13T04:08:00.856+0000] {standard_task_runner.py:87} INFO - Running: ['***', 'tasks', 'run', 'streamflow_main', 'spark_etl', 'scheduled__2026-01-12T00:00:00+00:00', '--job-id', '5', '--raw', '--subdir', 'DAGS_FOLDER/dag_streamflow.py', '--cfg-path', '/tmp/tmp28axlrep']
[2026-01-13T04:08:00.860+0000] {standard_task_runner.py:88} INFO - Job 5: Subtask spark_etl
[2026-01-13T04:08:01.042+0000] {logging_mixin.py:188} INFO - Changing /opt/***/logs/dag_id=streamflow_main/run_id=scheduled__2026-01-12T00:00:00+00:00/task_id=spark_etl permission to 509
[2026-01-13T04:08:01.051+0000] {task_command.py:423} INFO - Running <TaskInstance: streamflow_main.spark_etl scheduled__2026-01-12T00:00:00+00:00 [running]> on host fff62030f240
[2026-01-13T04:08:01.203+0000] {taskinstance.py:2480} INFO - Exporting env vars: AIRFLOW_CTX_DAG_OWNER='student' AIRFLOW_CTX_DAG_ID='streamflow_main' AIRFLOW_CTX_TASK_ID='spark_etl' AIRFLOW_CTX_EXECUTION_DATE='2026-01-12T00:00:00+00:00' AIRFLOW_CTX_TRY_NUMBER='1' AIRFLOW_CTX_DAG_RUN_ID='scheduled__2026-01-12T00:00:00+00:00'
[2026-01-13T04:08:01.208+0000] {subprocess.py:63} INFO - Tmp dir root location: /tmp
[2026-01-13T04:08:01.211+0000] {subprocess.py:75} INFO - Running command: ['/usr/bin/bash', '-c', '\n        spark-submit           --master spark://spark-master:7077           /opt/spark-jobs/etl_job.py           --input_path /opt/spark-data/landing/2026-01-12           --output_path /opt/spark-data/gold/2026-01-12\n        ']
[2026-01-13T04:08:01.222+0000] {subprocess.py:86} INFO - Output:
[2026-01-13T04:08:01.236+0000] {subprocess.py:93} INFO - /opt/spark/bin/load-spark-env.sh: line 68: ps: command not found
[2026-01-13T04:08:05.375+0000] {subprocess.py:93} INFO - 26/01/13 04:08:05 INFO SparkContext: Running Spark version 3.5.0
[2026-01-13T04:08:05.378+0000] {subprocess.py:93} INFO - 26/01/13 04:08:05 INFO SparkContext: OS info Linux, 6.6.87.2-microsoft-standard-WSL2, amd64
[2026-01-13T04:08:05.380+0000] {subprocess.py:93} INFO - 26/01/13 04:08:05 INFO SparkContext: Java version 17.0.17
[2026-01-13T04:08:05.518+0000] {subprocess.py:93} INFO - 26/01/13 04:08:05 WARN NativeCodeLoader: Unable to load native-hadoop library for your platform... using builtin-java classes where applicable
[2026-01-13T04:08:05.686+0000] {subprocess.py:93} INFO - 26/01/13 04:08:05 INFO ResourceUtils: ==============================================================
[2026-01-13T04:08:05.688+0000] {subprocess.py:93} INFO - 26/01/13 04:08:05 INFO ResourceUtils: No custom resources configured for spark.driver.
[2026-01-13T04:08:05.689+0000] {subprocess.py:93} INFO - 26/01/13 04:08:05 INFO ResourceUtils: ==============================================================
[2026-01-13T04:08:05.690+0000] {subprocess.py:93} INFO - 26/01/13 04:08:05 INFO SparkContext: Submitted application: StreamFlow_Enrichment_Job
[2026-01-13T04:08:05.719+0000] {subprocess.py:93} INFO - 26/01/13 04:08:05 INFO ResourceProfile: Default ResourceProfile created, executor resources: Map(memory -> name: memory, amount: 1024, script: , vendor: , offHeap -> name: offHeap, amount: 0, script: , vendor: ), task resources: Map(cpus -> name: cpus, amount: 1.0)
[2026-01-13T04:08:05.729+0000] {subprocess.py:93} INFO - 26/01/13 04:08:05 INFO ResourceProfile: Limiting resource is cpu
[2026-01-13T04:08:05.731+0000] {subprocess.py:93} INFO - 26/01/13 04:08:05 INFO ResourceProfileManager: Added ResourceProfile id: 0
[2026-01-13T04:08:05.823+0000] {subprocess.py:93} INFO - 26/01/13 04:08:05 INFO SecurityManager: Changing view acls to: root
[2026-01-13T04:08:05.825+0000] {subprocess.py:93} INFO - 26/01/13 04:08:05 INFO SecurityManager: Changing modify acls to: root
[2026-01-13T04:08:05.827+0000] {subprocess.py:93} INFO - 26/01/13 04:08:05 INFO SecurityManager: Changing view acls groups to:
[2026-01-13T04:08:05.828+0000] {subprocess.py:93} INFO - 26/01/13 04:08:05 INFO SecurityManager: Changing modify acls groups to:
[2026-01-13T04:08:05.829+0000] {subprocess.py:93} INFO - 26/01/13 04:08:05 INFO SecurityManager: SecurityManager: authentication disabled; ui acls disabled; users with view permissions: root; groups with view permissions: EMPTY; users with modify permissions: root; groups with modify permissions: EMPTY
[2026-01-13T04:08:06.362+0000] {subprocess.py:93} INFO - 26/01/13 04:08:06 INFO Utils: Successfully started service 'sparkDriver' on port 44623.
[2026-01-13T04:08:06.456+0000] {subprocess.py:93} INFO - 26/01/13 04:08:06 INFO SparkEnv: Registering MapOutputTracker
[2026-01-13T04:08:06.559+0000] {subprocess.py:93} INFO - 26/01/13 04:08:06 INFO SparkEnv: Registering BlockManagerMaster
[2026-01-13T04:08:06.596+0000] {subprocess.py:93} INFO - 26/01/13 04:08:06 INFO BlockManagerMasterEndpoint: Using org.apache.spark.storage.DefaultTopologyMapper for getting topology information
[2026-01-13T04:08:06.597+0000] {subprocess.py:93} INFO - 26/01/13 04:08:06 INFO BlockManagerMasterEndpoint: BlockManagerMasterEndpoint up
[2026-01-13T04:08:06.608+0000] {subprocess.py:93} INFO - 26/01/13 04:08:06 INFO SparkEnv: Registering BlockManagerMasterHeartbeat
[2026-01-13T04:08:06.661+0000] {subprocess.py:93} INFO - 26/01/13 04:08:06 INFO DiskBlockManager: Created local directory at /tmp/blockmgr-2ab0ab8a-5a86-4aae-a2a9-340e0d4de7e0
[2026-01-13T04:08:06.690+0000] {subprocess.py:93} INFO - 26/01/13 04:08:06 INFO MemoryStore: MemoryStore started with capacity 434.4 MiB
[2026-01-13T04:08:06.716+0000] {subprocess.py:93} INFO - 26/01/13 04:08:06 INFO SparkEnv: Registering OutputCommitCoordinator
[2026-01-13T04:08:06.945+0000] {subprocess.py:93} INFO - 26/01/13 04:08:06 INFO JettyUtils: Start Jetty 0.0.0.0:4040 for SparkUI
[2026-01-13T04:08:07.052+0000] {subprocess.py:93} INFO - 26/01/13 04:08:07 WARN Utils: Service 'SparkUI' could not bind on port 4040. Attempting port 4041.
[2026-01-13T04:08:07.074+0000] {subprocess.py:93} INFO - 26/01/13 04:08:07 INFO Utils: Successfully started service 'SparkUI' on port 4041.
[2026-01-13T04:08:07.324+0000] {subprocess.py:93} INFO - 26/01/13 04:08:07 INFO StandaloneAppClient$ClientEndpoint: Connecting to master spark://spark-master:7077...
[2026-01-13T04:08:07.421+0000] {subprocess.py:93} INFO - 26/01/13 04:08:07 INFO TransportClientFactory: Successfully created connection to spark-master/172.19.0.2:7077 after 57 ms (0 ms spent in bootstraps)
[2026-01-13T04:08:07.785+0000] {subprocess.py:93} INFO - 26/01/13 04:08:07 INFO StandaloneSchedulerBackend: Connected to Spark cluster with app ID app-20260113040807-0000
[2026-01-13T04:08:07.800+0000] {subprocess.py:93} INFO - 26/01/13 04:08:07 INFO Utils: Successfully started service 'org.apache.spark.network.netty.NettyBlockTransferService' on port 43995.
[2026-01-13T04:08:07.802+0000] {subprocess.py:93} INFO - 26/01/13 04:08:07 INFO NettyBlockTransferService: Server created on fff62030f240:43995
[2026-01-13T04:08:07.806+0000] {subprocess.py:93} INFO - 26/01/13 04:08:07 INFO BlockManager: Using org.apache.spark.storage.RandomBlockReplicationPolicy for block replication policy
[2026-01-13T04:08:07.819+0000] {subprocess.py:93} INFO - 26/01/13 04:08:07 INFO BlockManagerMaster: Registering BlockManager BlockManagerId(driver, fff62030f240, 43995, None)
[2026-01-13T04:08:07.826+0000] {subprocess.py:93} INFO - 26/01/13 04:08:07 INFO BlockManagerMasterEndpoint: Registering block manager fff62030f240:43995 with 434.4 MiB RAM, BlockManagerId(driver, fff62030f240, 43995, None)
[2026-01-13T04:08:07.832+0000] {subprocess.py:93} INFO - 26/01/13 04:08:07 INFO BlockManagerMaster: Registered BlockManager BlockManagerId(driver, fff62030f240, 43995, None)
[2026-01-13T04:08:07.835+0000] {subprocess.py:93} INFO - 26/01/13 04:08:07 INFO BlockManager: Initialized BlockManager: BlockManagerId(driver, fff62030f240, 43995, None)
[2026-01-13T04:08:07.909+0000] {subprocess.py:93} INFO - 26/01/13 04:08:07 INFO StandaloneAppClient$ClientEndpoint: Executor added: app-20260113040807-0000/0 on worker-20260113040315-172.19.0.5-36397 (172.19.0.5:36397) with 2 core(s)
[2026-01-13T04:08:07.916+0000] {subprocess.py:93} INFO - 26/01/13 04:08:07 INFO StandaloneSchedulerBackend: Granted executor ID app-20260113040807-0000/0 on hostPort 172.19.0.5:36397 with 2 core(s), 1024.0 MiB RAM
[2026-01-13T04:08:08.340+0000] {subprocess.py:93} INFO - 26/01/13 04:08:08 INFO StandaloneAppClient$ClientEndpoint: Executor updated: app-20260113040807-0000/0 is now RUNNING
[2026-01-13T04:08:08.387+0000] {subprocess.py:93} INFO - 26/01/13 04:08:08 INFO StandaloneSchedulerBackend: SchedulerBackend is ready for scheduling beginning after reached minRegisteredResourcesRatio: 0.0
[2026-01-13T04:08:21.882+0000] {subprocess.py:93} INFO - DEBUG: User Schema
[2026-01-13T04:08:21.934+0000] {subprocess.py:93} INFO - root
[2026-01-13T04:08:21.935+0000] {subprocess.py:93} INFO -  |-- browser: string (nullable = true)
[2026-01-13T04:08:21.941+0000] {subprocess.py:93} INFO -  |-- city: string (nullable = true)
[2026-01-13T04:08:21.942+0000] {subprocess.py:93} INFO -  |-- country: string (nullable = true)
[2026-01-13T04:08:21.943+0000] {subprocess.py:93} INFO -  |-- device: string (nullable = true)
[2026-01-13T04:08:21.945+0000] {subprocess.py:93} INFO -  |-- element_id: string (nullable = true)
[2026-01-13T04:08:21.947+0000] {subprocess.py:93} INFO -  |-- event_id: string (nullable = true)
[2026-01-13T04:08:21.948+0000] {subprocess.py:93} INFO -  |-- event_type: string (nullable = true)
[2026-01-13T04:08:21.950+0000] {subprocess.py:93} INFO -  |-- ip_address: string (nullable = true)
[2026-01-13T04:08:21.951+0000] {subprocess.py:93} INFO -  |-- page: string (nullable = true)
[2026-01-13T04:08:21.955+0000] {subprocess.py:93} INFO -  |-- product_id: string (nullable = true)
[2026-01-13T04:08:21.956+0000] {subprocess.py:93} INFO -  |-- quantity: long (nullable = true)
[2026-01-13T04:08:21.958+0000] {subprocess.py:93} INFO -  |-- search_query: string (nullable = true)
[2026-01-13T04:08:21.959+0000] {subprocess.py:93} INFO -  |-- session_id: string (nullable = true)
[2026-01-13T04:08:21.961+0000] {subprocess.py:93} INFO -  |-- timestamp: string (nullable = true)
[2026-01-13T04:08:21.962+0000] {subprocess.py:93} INFO -  |-- user_id: string (nullable = true)
[2026-01-13T04:08:21.964+0000] {subprocess.py:93} INFO - 
[2026-01-13T04:08:21.965+0000] {subprocess.py:93} INFO - DEBUG: Transaction Schema
[2026-01-13T04:08:21.968+0000] {subprocess.py:93} INFO - root
[2026-01-13T04:08:21.969+0000] {subprocess.py:93} INFO -  |-- billing_address: struct (nullable = true)
[2026-01-13T04:08:21.970+0000] {subprocess.py:93} INFO -  |    |-- city: string (nullable = true)
[2026-01-13T04:08:21.971+0000] {subprocess.py:93} INFO -  |    |-- country: string (nullable = true)
[2026-01-13T04:08:21.975+0000] {subprocess.py:93} INFO -  |    |-- state: string (nullable = true)
[2026-01-13T04:08:21.977+0000] {subprocess.py:93} INFO -  |    |-- street: string (nullable = true)
[2026-01-13T04:08:21.978+0000] {subprocess.py:93} INFO -  |    |-- zip_code: string (nullable = true)
[2026-01-13T04:08:21.980+0000] {subprocess.py:93} INFO -  |-- currency: string (nullable = true)
[2026-01-13T04:08:21.981+0000] {subprocess.py:93} INFO -  |-- original_transaction_id: string (nullable = true)
[2026-01-13T04:08:21.983+0000] {subprocess.py:93} INFO -  |-- payment_method: string (nullable = true)
[2026-01-13T04:08:21.984+0000] {subprocess.py:93} INFO -  |-- products: array (nullable = true)
[2026-01-13T04:08:21.986+0000] {subprocess.py:93} INFO -  |    |-- element: struct (containsNull = true)
[2026-01-13T04:08:21.987+0000] {subprocess.py:93} INFO -  |    |    |-- category: string (nullable = true)
[2026-01-13T04:08:21.989+0000] {subprocess.py:93} INFO -  |    |    |-- product_id: string (nullable = true)
[2026-01-13T04:08:21.990+0000] {subprocess.py:93} INFO -  |    |    |-- product_name: string (nullable = true)
[2026-01-13T04:08:21.991+0000] {subprocess.py:93} INFO -  |    |    |-- quantity: long (nullable = true)
[2026-01-13T04:08:21.994+0000] {subprocess.py:93} INFO -  |    |    |-- unit_price: double (nullable = true)
[2026-01-13T04:08:21.995+0000] {subprocess.py:93} INFO -  |-- shipping_address: struct (nullable = true)
[2026-01-13T04:08:21.997+0000] {subprocess.py:93} INFO -  |    |-- city: string (nullable = true)
[2026-01-13T04:08:21.998+0000] {subprocess.py:93} INFO -  |    |-- country: string (nullable = true)
[2026-01-13T04:08:21.999+0000] {subprocess.py:93} INFO -  |    |-- state: string (nullable = true)
[2026-01-13T04:08:22.001+0000] {subprocess.py:93} INFO -  |    |-- street: string (nullable = true)
[2026-01-13T04:08:22.002+0000] {subprocess.py:93} INFO -  |    |-- zip_code: string (nullable = true)
[2026-01-13T04:08:22.003+0000] {subprocess.py:93} INFO -  |-- status: string (nullable = true)
[2026-01-13T04:08:22.004+0000] {subprocess.py:93} INFO -  |-- subtotal: double (nullable = true)
[2026-01-13T04:08:22.005+0000] {subprocess.py:93} INFO -  |-- tax: double (nullable = true)
[2026-01-13T04:08:22.009+0000] {subprocess.py:93} INFO -  |-- timestamp: string (nullable = true)
[2026-01-13T04:08:22.011+0000] {subprocess.py:93} INFO -  |-- total: double (nullable = true)
[2026-01-13T04:08:22.013+0000] {subprocess.py:93} INFO -  |-- transaction_id: string (nullable = true)
[2026-01-13T04:08:22.014+0000] {subprocess.py:93} INFO -  |-- transaction_type: string (nullable = true)
[2026-01-13T04:08:22.018+0000] {subprocess.py:93} INFO -  |-- user_id: string (nullable = true)
[2026-01-13T04:08:22.019+0000] {subprocess.py:93} INFO - 
[2026-01-13T04:08:25.137+0000] {subprocess.py:93} INFO - Writing to Gold Zone: /opt/spark-data/gold/2026-01-12
[2026-01-13T04:08:39.727+0000] {subprocess.py:97} INFO - Command exited with return code 0
[2026-01-13T04:08:39.816+0000] {taskinstance.py:1138} INFO - Marking task as SUCCESS. dag_id=streamflow_main, task_id=spark_etl, execution_date=20260112T000000, start_date=20260113T040800, end_date=20260113T040839
[2026-01-13T04:08:39.887+0000] {local_task_job_runner.py:234} INFO - Task exited with return code 0
[2026-01-13T04:08:39.936+0000] {taskinstance.py:3280} INFO - 1 downstream tasks scheduled from follow-on schedule check
