[2026-01-12T18:19:10.555+0000] {processor.py:161} INFO - Started process (PID=203) to work on /opt/airflow/dags/dag_streamflow.py
[2026-01-12T18:19:10.568+0000] {processor.py:830} INFO - Processing file /opt/airflow/dags/dag_streamflow.py for tasks to queue
[2026-01-12T18:19:10.591+0000] {logging_mixin.py:188} INFO - [2026-01-12T18:19:10.590+0000] {dagbag.py:538} INFO - Filling up the DagBag from /opt/airflow/dags/dag_streamflow.py
[2026-01-12T18:19:10.734+0000] {processor.py:840} INFO - DAG(s) 'streamflow_main' retrieved from /opt/airflow/dags/dag_streamflow.py
[2026-01-12T18:19:10.955+0000] {logging_mixin.py:188} INFO - [2026-01-12T18:19:10.955+0000] {dag.py:3036} INFO - Sync 1 DAGs
[2026-01-12T18:19:10.985+0000] {logging_mixin.py:188} INFO - [2026-01-12T18:19:10.984+0000] {dag.py:3823} INFO - Setting next_dagrun for streamflow_main to None, run_after=None
[2026-01-12T18:19:11.028+0000] {processor.py:183} INFO - Processing /opt/airflow/dags/dag_streamflow.py took 0.500 seconds
[2026-01-12T18:19:41.119+0000] {processor.py:161} INFO - Started process (PID=221) to work on /opt/airflow/dags/dag_streamflow.py
[2026-01-12T18:19:41.121+0000] {processor.py:830} INFO - Processing file /opt/airflow/dags/dag_streamflow.py for tasks to queue
[2026-01-12T18:19:41.123+0000] {logging_mixin.py:188} INFO - [2026-01-12T18:19:41.122+0000] {dagbag.py:538} INFO - Filling up the DagBag from /opt/airflow/dags/dag_streamflow.py
[2026-01-12T18:19:41.148+0000] {processor.py:840} INFO - DAG(s) 'streamflow_main' retrieved from /opt/airflow/dags/dag_streamflow.py
[2026-01-12T18:19:41.448+0000] {logging_mixin.py:188} INFO - [2026-01-12T18:19:41.447+0000] {dag.py:3036} INFO - Sync 1 DAGs
[2026-01-12T18:19:41.478+0000] {logging_mixin.py:188} INFO - [2026-01-12T18:19:41.477+0000] {dag.py:3823} INFO - Setting next_dagrun for streamflow_main to None, run_after=None
[2026-01-12T18:19:41.523+0000] {processor.py:183} INFO - Processing /opt/airflow/dags/dag_streamflow.py took 0.415 seconds
[2026-01-12T18:20:11.766+0000] {processor.py:161} INFO - Started process (PID=233) to work on /opt/airflow/dags/dag_streamflow.py
[2026-01-12T18:20:11.767+0000] {processor.py:830} INFO - Processing file /opt/airflow/dags/dag_streamflow.py for tasks to queue
[2026-01-12T18:20:11.769+0000] {logging_mixin.py:188} INFO - [2026-01-12T18:20:11.769+0000] {dagbag.py:538} INFO - Filling up the DagBag from /opt/airflow/dags/dag_streamflow.py
[2026-01-12T18:20:11.787+0000] {processor.py:840} INFO - DAG(s) 'streamflow_main' retrieved from /opt/airflow/dags/dag_streamflow.py
[2026-01-12T18:20:11.825+0000] {logging_mixin.py:188} INFO - [2026-01-12T18:20:11.825+0000] {dag.py:3036} INFO - Sync 1 DAGs
[2026-01-12T18:20:11.844+0000] {logging_mixin.py:188} INFO - [2026-01-12T18:20:11.844+0000] {dag.py:3823} INFO - Setting next_dagrun for streamflow_main to None, run_after=None
[2026-01-12T18:20:11.876+0000] {processor.py:183} INFO - Processing /opt/airflow/dags/dag_streamflow.py took 0.117 seconds
[2026-01-12T18:20:42.083+0000] {processor.py:161} INFO - Started process (PID=245) to work on /opt/airflow/dags/dag_streamflow.py
[2026-01-12T18:20:42.085+0000] {processor.py:830} INFO - Processing file /opt/airflow/dags/dag_streamflow.py for tasks to queue
[2026-01-12T18:20:42.087+0000] {logging_mixin.py:188} INFO - [2026-01-12T18:20:42.086+0000] {dagbag.py:538} INFO - Filling up the DagBag from /opt/airflow/dags/dag_streamflow.py
[2026-01-12T18:20:42.111+0000] {processor.py:840} INFO - DAG(s) 'streamflow_main' retrieved from /opt/airflow/dags/dag_streamflow.py
[2026-01-12T18:20:42.173+0000] {logging_mixin.py:188} INFO - [2026-01-12T18:20:42.173+0000] {dag.py:3036} INFO - Sync 1 DAGs
[2026-01-12T18:20:42.209+0000] {logging_mixin.py:188} INFO - [2026-01-12T18:20:42.209+0000] {dag.py:3823} INFO - Setting next_dagrun for streamflow_main to None, run_after=None
[2026-01-12T18:20:42.246+0000] {processor.py:183} INFO - Processing /opt/airflow/dags/dag_streamflow.py took 0.169 seconds
[2026-01-12T18:21:12.611+0000] {processor.py:161} INFO - Started process (PID=257) to work on /opt/airflow/dags/dag_streamflow.py
[2026-01-12T18:21:12.630+0000] {processor.py:830} INFO - Processing file /opt/airflow/dags/dag_streamflow.py for tasks to queue
[2026-01-12T18:21:12.633+0000] {logging_mixin.py:188} INFO - [2026-01-12T18:21:12.631+0000] {dagbag.py:538} INFO - Filling up the DagBag from /opt/airflow/dags/dag_streamflow.py
[2026-01-12T18:21:12.666+0000] {processor.py:840} INFO - DAG(s) 'streamflow_main' retrieved from /opt/airflow/dags/dag_streamflow.py
[2026-01-12T18:21:12.747+0000] {logging_mixin.py:188} INFO - [2026-01-12T18:21:12.746+0000] {dag.py:3036} INFO - Sync 1 DAGs
[2026-01-12T18:21:12.767+0000] {logging_mixin.py:188} INFO - [2026-01-12T18:21:12.767+0000] {dag.py:3823} INFO - Setting next_dagrun for streamflow_main to None, run_after=None
[2026-01-12T18:21:12.805+0000] {processor.py:183} INFO - Processing /opt/airflow/dags/dag_streamflow.py took 0.201 seconds
[2026-01-12T18:21:43.004+0000] {processor.py:161} INFO - Started process (PID=269) to work on /opt/airflow/dags/dag_streamflow.py
[2026-01-12T18:21:43.005+0000] {processor.py:830} INFO - Processing file /opt/airflow/dags/dag_streamflow.py for tasks to queue
[2026-01-12T18:21:43.007+0000] {logging_mixin.py:188} INFO - [2026-01-12T18:21:43.007+0000] {dagbag.py:538} INFO - Filling up the DagBag from /opt/airflow/dags/dag_streamflow.py
[2026-01-12T18:21:43.028+0000] {processor.py:840} INFO - DAG(s) 'streamflow_main' retrieved from /opt/airflow/dags/dag_streamflow.py
[2026-01-12T18:21:43.065+0000] {logging_mixin.py:188} INFO - [2026-01-12T18:21:43.065+0000] {dag.py:3036} INFO - Sync 1 DAGs
[2026-01-12T18:21:43.084+0000] {logging_mixin.py:188} INFO - [2026-01-12T18:21:43.084+0000] {dag.py:3823} INFO - Setting next_dagrun for streamflow_main to None, run_after=None
[2026-01-12T18:21:43.115+0000] {processor.py:183} INFO - Processing /opt/airflow/dags/dag_streamflow.py took 0.117 seconds
[2026-01-12T18:22:13.286+0000] {processor.py:161} INFO - Started process (PID=280) to work on /opt/airflow/dags/dag_streamflow.py
[2026-01-12T18:22:13.287+0000] {processor.py:830} INFO - Processing file /opt/airflow/dags/dag_streamflow.py for tasks to queue
[2026-01-12T18:22:13.289+0000] {logging_mixin.py:188} INFO - [2026-01-12T18:22:13.288+0000] {dagbag.py:538} INFO - Filling up the DagBag from /opt/airflow/dags/dag_streamflow.py
[2026-01-12T18:22:13.305+0000] {processor.py:840} INFO - DAG(s) 'streamflow_main' retrieved from /opt/airflow/dags/dag_streamflow.py
[2026-01-12T18:22:13.340+0000] {logging_mixin.py:188} INFO - [2026-01-12T18:22:13.340+0000] {dag.py:3036} INFO - Sync 1 DAGs
[2026-01-12T18:22:13.364+0000] {logging_mixin.py:188} INFO - [2026-01-12T18:22:13.364+0000] {dag.py:3823} INFO - Setting next_dagrun for streamflow_main to None, run_after=None
[2026-01-12T18:22:13.397+0000] {processor.py:183} INFO - Processing /opt/airflow/dags/dag_streamflow.py took 0.116 seconds
