[2026-01-13T07:50:04.528+0000] {taskinstance.py:1956} INFO - Dependencies all met for dep_context=non-requeueable deps ti=<TaskInstance: streamflow_main.ingest_kafka_to_landing manual__2026-01-13T07:49:33+00:00 [queued]>
[2026-01-13T07:50:04.636+0000] {taskinstance.py:1956} INFO - Dependencies all met for dep_context=requeueable deps ti=<TaskInstance: streamflow_main.ingest_kafka_to_landing manual__2026-01-13T07:49:33+00:00 [queued]>
[2026-01-13T07:50:04.642+0000] {taskinstance.py:2170} INFO - Starting attempt 1 of 2
[2026-01-13T07:50:04.722+0000] {taskinstance.py:2191} INFO - Executing <Task(BashOperator): ingest_kafka_to_landing> on 2026-01-13 07:49:33+00:00
[2026-01-13T07:50:04.747+0000] {standard_task_runner.py:60} INFO - Started process 285 to run task
[2026-01-13T07:50:04.754+0000] {standard_task_runner.py:87} INFO - Running: ['***', 'tasks', 'run', 'streamflow_main', 'ingest_kafka_to_landing', 'manual__2026-01-13T07:49:33+00:00', '--job-id', '2', '--raw', '--subdir', 'DAGS_FOLDER/dag_streamflow.py', '--cfg-path', '/tmp/tmpknk_nm3l']
[2026-01-13T07:50:04.772+0000] {standard_task_runner.py:88} INFO - Job 2: Subtask ingest_kafka_to_landing
[2026-01-13T07:50:05.220+0000] {task_command.py:423} INFO - Running <TaskInstance: streamflow_main.ingest_kafka_to_landing manual__2026-01-13T07:49:33+00:00 [running]> on host 7e67da143af4
[2026-01-13T07:50:05.665+0000] {taskinstance.py:2480} INFO - Exporting env vars: AIRFLOW_CTX_DAG_OWNER='student' AIRFLOW_CTX_DAG_ID='streamflow_main' AIRFLOW_CTX_TASK_ID='ingest_kafka_to_landing' AIRFLOW_CTX_EXECUTION_DATE='2026-01-13T07:49:33+00:00' AIRFLOW_CTX_TRY_NUMBER='1' AIRFLOW_CTX_DAG_RUN_ID='manual__2026-01-13T07:49:33+00:00'
[2026-01-13T07:50:05.669+0000] {subprocess.py:63} INFO - Tmp dir root location: /tmp
[2026-01-13T07:50:05.673+0000] {subprocess.py:75} INFO - Running command: ['/usr/bin/bash', '-c', '\n        python /opt/spark-jobs/ingest_kafka_to_landing.py         --output-path /opt/spark-data/landing/2026-01-13\n        ']
[2026-01-13T07:50:05.726+0000] {subprocess.py:86} INFO - Output:
[2026-01-13T07:51:09.589+0000] {subprocess.py:93} INFO - Wrote 1791 messages to /opt/spark-data/landing/2026-01-13/user_events_20260113_075038.json
[2026-01-13T07:51:09.602+0000] {subprocess.py:93} INFO - Consumed 1791 messages from user_events
[2026-01-13T07:51:09.604+0000] {subprocess.py:93} INFO - Wrote 1901 messages to /opt/spark-data/landing/2026-01-13/transaction_events_20260113_075108.json
[2026-01-13T07:51:09.606+0000] {subprocess.py:93} INFO - Consumed 1901 messages from transaction_events
[2026-01-13T07:51:09.607+0000] {subprocess.py:93} INFO - Total messages consumed: 3692
[2026-01-13T07:51:09.750+0000] {subprocess.py:97} INFO - Command exited with return code 0
[2026-01-13T07:51:09.829+0000] {taskinstance.py:1138} INFO - Marking task as SUCCESS. dag_id=streamflow_main, task_id=ingest_kafka_to_landing, execution_date=20260113T074933, start_date=20260113T075004, end_date=20260113T075109
[2026-01-13T07:51:09.928+0000] {local_task_job_runner.py:234} INFO - Task exited with return code 0
[2026-01-13T07:51:10.038+0000] {taskinstance.py:3280} INFO - 1 downstream tasks scheduled from follow-on schedule check
