[2026-01-10T06:29:58.721+0000] {processor.py:161} INFO - Started process (PID=961) to work on /opt/airflow/dags/dag_streamflow.py
[2026-01-10T06:29:58.722+0000] {processor.py:830} INFO - Processing file /opt/airflow/dags/dag_streamflow.py for tasks to queue
[2026-01-10T06:29:58.731+0000] {logging_mixin.py:188} INFO - [2026-01-10T06:29:58.728+0000] {dagbag.py:538} INFO - Filling up the DagBag from /opt/airflow/dags/dag_streamflow.py
[2026-01-10T06:29:58.839+0000] {processor.py:840} INFO - DAG(s) 'streamflow_main' retrieved from /opt/airflow/dags/dag_streamflow.py
[2026-01-10T06:29:59.430+0000] {logging_mixin.py:188} INFO - [2026-01-10T06:29:59.428+0000] {override.py:1769} INFO - Created Permission View: can edit on DAG:streamflow_main
[2026-01-10T06:29:59.456+0000] {logging_mixin.py:188} INFO - [2026-01-10T06:29:59.455+0000] {override.py:1769} INFO - Created Permission View: can delete on DAG:streamflow_main
[2026-01-10T06:29:59.473+0000] {logging_mixin.py:188} INFO - [2026-01-10T06:29:59.473+0000] {override.py:1769} INFO - Created Permission View: can read on DAG:streamflow_main
[2026-01-10T06:29:59.474+0000] {logging_mixin.py:188} INFO - [2026-01-10T06:29:59.474+0000] {dag.py:3036} INFO - Sync 1 DAGs
[2026-01-10T06:29:59.509+0000] {logging_mixin.py:188} INFO - [2026-01-10T06:29:59.508+0000] {dag.py:3058} INFO - Creating ORM DAG for streamflow_main
[2026-01-10T06:29:59.511+0000] {logging_mixin.py:188} INFO - [2026-01-10T06:29:59.510+0000] {dag.py:3823} INFO - Setting next_dagrun for streamflow_main to None, run_after=None
[2026-01-10T06:29:59.555+0000] {processor.py:183} INFO - Processing /opt/airflow/dags/dag_streamflow.py took 0.874 seconds
[2026-01-10T06:30:29.995+0000] {processor.py:161} INFO - Started process (PID=973) to work on /opt/airflow/dags/dag_streamflow.py
[2026-01-10T06:30:29.997+0000] {processor.py:830} INFO - Processing file /opt/airflow/dags/dag_streamflow.py for tasks to queue
[2026-01-10T06:30:30.001+0000] {logging_mixin.py:188} INFO - [2026-01-10T06:30:30.001+0000] {dagbag.py:538} INFO - Filling up the DagBag from /opt/airflow/dags/dag_streamflow.py
[2026-01-10T06:30:30.023+0000] {processor.py:840} INFO - DAG(s) 'streamflow_main' retrieved from /opt/airflow/dags/dag_streamflow.py
[2026-01-10T06:30:30.075+0000] {logging_mixin.py:188} INFO - [2026-01-10T06:30:30.074+0000] {dag.py:3036} INFO - Sync 1 DAGs
[2026-01-10T06:30:30.103+0000] {logging_mixin.py:188} INFO - [2026-01-10T06:30:30.102+0000] {dag.py:3823} INFO - Setting next_dagrun for streamflow_main to None, run_after=None
[2026-01-10T06:30:30.140+0000] {processor.py:183} INFO - Processing /opt/airflow/dags/dag_streamflow.py took 0.156 seconds
[2026-01-10T06:31:00.364+0000] {processor.py:161} INFO - Started process (PID=985) to work on /opt/airflow/dags/dag_streamflow.py
[2026-01-10T06:31:00.366+0000] {processor.py:830} INFO - Processing file /opt/airflow/dags/dag_streamflow.py for tasks to queue
[2026-01-10T06:31:00.369+0000] {logging_mixin.py:188} INFO - [2026-01-10T06:31:00.368+0000] {dagbag.py:538} INFO - Filling up the DagBag from /opt/airflow/dags/dag_streamflow.py
[2026-01-10T06:31:00.386+0000] {processor.py:840} INFO - DAG(s) 'streamflow_main' retrieved from /opt/airflow/dags/dag_streamflow.py
[2026-01-10T06:31:00.435+0000] {logging_mixin.py:188} INFO - [2026-01-10T06:31:00.435+0000] {dag.py:3036} INFO - Sync 1 DAGs
[2026-01-10T06:31:00.480+0000] {logging_mixin.py:188} INFO - [2026-01-10T06:31:00.479+0000] {dag.py:3823} INFO - Setting next_dagrun for streamflow_main to None, run_after=None
[2026-01-10T06:31:00.549+0000] {processor.py:183} INFO - Processing /opt/airflow/dags/dag_streamflow.py took 0.191 seconds
[2026-01-10T06:31:30.743+0000] {processor.py:161} INFO - Started process (PID=997) to work on /opt/airflow/dags/dag_streamflow.py
[2026-01-10T06:31:30.745+0000] {processor.py:830} INFO - Processing file /opt/airflow/dags/dag_streamflow.py for tasks to queue
[2026-01-10T06:31:30.748+0000] {logging_mixin.py:188} INFO - [2026-01-10T06:31:30.747+0000] {dagbag.py:538} INFO - Filling up the DagBag from /opt/airflow/dags/dag_streamflow.py
[2026-01-10T06:31:30.768+0000] {processor.py:840} INFO - DAG(s) 'streamflow_main' retrieved from /opt/airflow/dags/dag_streamflow.py
[2026-01-10T06:31:30.812+0000] {logging_mixin.py:188} INFO - [2026-01-10T06:31:30.812+0000] {dag.py:3036} INFO - Sync 1 DAGs
[2026-01-10T06:31:30.832+0000] {logging_mixin.py:188} INFO - [2026-01-10T06:31:30.831+0000] {dag.py:3823} INFO - Setting next_dagrun for streamflow_main to None, run_after=None
[2026-01-10T06:31:30.867+0000] {processor.py:183} INFO - Processing /opt/airflow/dags/dag_streamflow.py took 0.134 seconds
[2026-01-10T06:32:01.106+0000] {processor.py:161} INFO - Started process (PID=1009) to work on /opt/airflow/dags/dag_streamflow.py
[2026-01-10T06:32:01.108+0000] {processor.py:830} INFO - Processing file /opt/airflow/dags/dag_streamflow.py for tasks to queue
[2026-01-10T06:32:01.111+0000] {logging_mixin.py:188} INFO - [2026-01-10T06:32:01.110+0000] {dagbag.py:538} INFO - Filling up the DagBag from /opt/airflow/dags/dag_streamflow.py
[2026-01-10T06:32:01.150+0000] {processor.py:840} INFO - DAG(s) 'streamflow_main' retrieved from /opt/airflow/dags/dag_streamflow.py
[2026-01-10T06:32:01.206+0000] {logging_mixin.py:188} INFO - [2026-01-10T06:32:01.206+0000] {dag.py:3036} INFO - Sync 1 DAGs
[2026-01-10T06:32:01.240+0000] {logging_mixin.py:188} INFO - [2026-01-10T06:32:01.239+0000] {dag.py:3823} INFO - Setting next_dagrun for streamflow_main to None, run_after=None
[2026-01-10T06:32:01.287+0000] {processor.py:183} INFO - Processing /opt/airflow/dags/dag_streamflow.py took 0.203 seconds
[2026-01-10T06:32:31.621+0000] {processor.py:161} INFO - Started process (PID=1021) to work on /opt/airflow/dags/dag_streamflow.py
[2026-01-10T06:32:31.623+0000] {processor.py:830} INFO - Processing file /opt/airflow/dags/dag_streamflow.py for tasks to queue
[2026-01-10T06:32:31.625+0000] {logging_mixin.py:188} INFO - [2026-01-10T06:32:31.624+0000] {dagbag.py:538} INFO - Filling up the DagBag from /opt/airflow/dags/dag_streamflow.py
[2026-01-10T06:32:31.643+0000] {processor.py:840} INFO - DAG(s) 'streamflow_main' retrieved from /opt/airflow/dags/dag_streamflow.py
[2026-01-10T06:32:31.687+0000] {logging_mixin.py:188} INFO - [2026-01-10T06:32:31.686+0000] {dag.py:3036} INFO - Sync 1 DAGs
[2026-01-10T06:32:31.707+0000] {logging_mixin.py:188} INFO - [2026-01-10T06:32:31.706+0000] {dag.py:3823} INFO - Setting next_dagrun for streamflow_main to None, run_after=None
[2026-01-10T06:32:31.740+0000] {processor.py:183} INFO - Processing /opt/airflow/dags/dag_streamflow.py took 0.124 seconds
[2026-01-10T06:33:02.125+0000] {processor.py:161} INFO - Started process (PID=1033) to work on /opt/airflow/dags/dag_streamflow.py
[2026-01-10T06:33:02.127+0000] {processor.py:830} INFO - Processing file /opt/airflow/dags/dag_streamflow.py for tasks to queue
[2026-01-10T06:33:02.129+0000] {logging_mixin.py:188} INFO - [2026-01-10T06:33:02.128+0000] {dagbag.py:538} INFO - Filling up the DagBag from /opt/airflow/dags/dag_streamflow.py
[2026-01-10T06:33:02.147+0000] {processor.py:840} INFO - DAG(s) 'streamflow_main' retrieved from /opt/airflow/dags/dag_streamflow.py
[2026-01-10T06:33:02.189+0000] {logging_mixin.py:188} INFO - [2026-01-10T06:33:02.189+0000] {dag.py:3036} INFO - Sync 1 DAGs
[2026-01-10T06:33:02.211+0000] {logging_mixin.py:188} INFO - [2026-01-10T06:33:02.211+0000] {dag.py:3823} INFO - Setting next_dagrun for streamflow_main to None, run_after=None
[2026-01-10T06:33:02.248+0000] {processor.py:183} INFO - Processing /opt/airflow/dags/dag_streamflow.py took 0.129 seconds
[2026-01-10T06:33:32.557+0000] {processor.py:161} INFO - Started process (PID=1045) to work on /opt/airflow/dags/dag_streamflow.py
[2026-01-10T06:33:32.560+0000] {processor.py:830} INFO - Processing file /opt/airflow/dags/dag_streamflow.py for tasks to queue
[2026-01-10T06:33:32.563+0000] {logging_mixin.py:188} INFO - [2026-01-10T06:33:32.562+0000] {dagbag.py:538} INFO - Filling up the DagBag from /opt/airflow/dags/dag_streamflow.py
[2026-01-10T06:33:32.591+0000] {processor.py:840} INFO - DAG(s) 'streamflow_main' retrieved from /opt/airflow/dags/dag_streamflow.py
[2026-01-10T06:33:32.637+0000] {logging_mixin.py:188} INFO - [2026-01-10T06:33:32.637+0000] {dag.py:3036} INFO - Sync 1 DAGs
[2026-01-10T06:33:32.661+0000] {logging_mixin.py:188} INFO - [2026-01-10T06:33:32.660+0000] {dag.py:3823} INFO - Setting next_dagrun for streamflow_main to None, run_after=None
[2026-01-10T06:33:32.693+0000] {processor.py:183} INFO - Processing /opt/airflow/dags/dag_streamflow.py took 0.145 seconds
[2026-01-10T06:34:03.118+0000] {processor.py:161} INFO - Started process (PID=1057) to work on /opt/airflow/dags/dag_streamflow.py
[2026-01-10T06:34:03.124+0000] {processor.py:830} INFO - Processing file /opt/airflow/dags/dag_streamflow.py for tasks to queue
[2026-01-10T06:34:03.126+0000] {logging_mixin.py:188} INFO - [2026-01-10T06:34:03.125+0000] {dagbag.py:538} INFO - Filling up the DagBag from /opt/airflow/dags/dag_streamflow.py
[2026-01-10T06:34:03.172+0000] {processor.py:840} INFO - DAG(s) 'streamflow_main' retrieved from /opt/airflow/dags/dag_streamflow.py
[2026-01-10T06:34:03.251+0000] {logging_mixin.py:188} INFO - [2026-01-10T06:34:03.250+0000] {dag.py:3036} INFO - Sync 1 DAGs
[2026-01-10T06:34:03.301+0000] {logging_mixin.py:188} INFO - [2026-01-10T06:34:03.301+0000] {dag.py:3823} INFO - Setting next_dagrun for streamflow_main to None, run_after=None
[2026-01-10T06:34:03.360+0000] {processor.py:183} INFO - Processing /opt/airflow/dags/dag_streamflow.py took 0.258 seconds
[2026-01-10T06:34:33.837+0000] {processor.py:161} INFO - Started process (PID=1069) to work on /opt/airflow/dags/dag_streamflow.py
[2026-01-10T06:34:33.847+0000] {processor.py:830} INFO - Processing file /opt/airflow/dags/dag_streamflow.py for tasks to queue
[2026-01-10T06:34:33.854+0000] {logging_mixin.py:188} INFO - [2026-01-10T06:34:33.850+0000] {dagbag.py:538} INFO - Filling up the DagBag from /opt/airflow/dags/dag_streamflow.py
[2026-01-10T06:34:33.931+0000] {processor.py:840} INFO - DAG(s) 'streamflow_main' retrieved from /opt/airflow/dags/dag_streamflow.py
[2026-01-10T06:34:33.994+0000] {logging_mixin.py:188} INFO - [2026-01-10T06:34:33.993+0000] {dag.py:3036} INFO - Sync 1 DAGs
[2026-01-10T06:34:34.046+0000] {logging_mixin.py:188} INFO - [2026-01-10T06:34:34.045+0000] {dag.py:3823} INFO - Setting next_dagrun for streamflow_main to None, run_after=None
[2026-01-10T06:34:34.085+0000] {processor.py:183} INFO - Processing /opt/airflow/dags/dag_streamflow.py took 0.275 seconds
[2026-01-10T06:35:04.426+0000] {processor.py:161} INFO - Started process (PID=1080) to work on /opt/airflow/dags/dag_streamflow.py
[2026-01-10T06:35:04.428+0000] {processor.py:830} INFO - Processing file /opt/airflow/dags/dag_streamflow.py for tasks to queue
[2026-01-10T06:35:04.430+0000] {logging_mixin.py:188} INFO - [2026-01-10T06:35:04.430+0000] {dagbag.py:538} INFO - Filling up the DagBag from /opt/airflow/dags/dag_streamflow.py
[2026-01-10T06:35:04.452+0000] {processor.py:840} INFO - DAG(s) 'streamflow_main' retrieved from /opt/airflow/dags/dag_streamflow.py
[2026-01-10T06:35:04.499+0000] {logging_mixin.py:188} INFO - [2026-01-10T06:35:04.498+0000] {dag.py:3036} INFO - Sync 1 DAGs
[2026-01-10T06:35:04.520+0000] {logging_mixin.py:188} INFO - [2026-01-10T06:35:04.519+0000] {dag.py:3823} INFO - Setting next_dagrun for streamflow_main to None, run_after=None
[2026-01-10T06:35:04.562+0000] {processor.py:183} INFO - Processing /opt/airflow/dags/dag_streamflow.py took 0.142 seconds
[2026-01-10T06:35:34.968+0000] {processor.py:161} INFO - Started process (PID=1092) to work on /opt/airflow/dags/dag_streamflow.py
[2026-01-10T06:35:34.972+0000] {processor.py:830} INFO - Processing file /opt/airflow/dags/dag_streamflow.py for tasks to queue
[2026-01-10T06:35:34.977+0000] {logging_mixin.py:188} INFO - [2026-01-10T06:35:34.976+0000] {dagbag.py:538} INFO - Filling up the DagBag from /opt/airflow/dags/dag_streamflow.py
[2026-01-10T06:35:35.001+0000] {processor.py:840} INFO - DAG(s) 'streamflow_main' retrieved from /opt/airflow/dags/dag_streamflow.py
[2026-01-10T06:35:35.040+0000] {logging_mixin.py:188} INFO - [2026-01-10T06:35:35.040+0000] {dag.py:3036} INFO - Sync 1 DAGs
[2026-01-10T06:35:35.063+0000] {logging_mixin.py:188} INFO - [2026-01-10T06:35:35.063+0000] {dag.py:3823} INFO - Setting next_dagrun for streamflow_main to None, run_after=None
[2026-01-10T06:35:35.098+0000] {processor.py:183} INFO - Processing /opt/airflow/dags/dag_streamflow.py took 0.139 seconds
[2026-01-10T06:36:05.406+0000] {processor.py:161} INFO - Started process (PID=1104) to work on /opt/airflow/dags/dag_streamflow.py
[2026-01-10T06:36:05.408+0000] {processor.py:830} INFO - Processing file /opt/airflow/dags/dag_streamflow.py for tasks to queue
[2026-01-10T06:36:05.412+0000] {logging_mixin.py:188} INFO - [2026-01-10T06:36:05.410+0000] {dagbag.py:538} INFO - Filling up the DagBag from /opt/airflow/dags/dag_streamflow.py
[2026-01-10T06:36:05.432+0000] {processor.py:840} INFO - DAG(s) 'streamflow_main' retrieved from /opt/airflow/dags/dag_streamflow.py
[2026-01-10T06:36:05.469+0000] {logging_mixin.py:188} INFO - [2026-01-10T06:36:05.468+0000] {dag.py:3036} INFO - Sync 1 DAGs
[2026-01-10T06:36:05.491+0000] {logging_mixin.py:188} INFO - [2026-01-10T06:36:05.490+0000] {dag.py:3823} INFO - Setting next_dagrun for streamflow_main to None, run_after=None
[2026-01-10T06:36:05.525+0000] {processor.py:183} INFO - Processing /opt/airflow/dags/dag_streamflow.py took 0.125 seconds
[2026-01-10T06:36:36.565+0000] {processor.py:161} INFO - Started process (PID=1116) to work on /opt/airflow/dags/dag_streamflow.py
[2026-01-10T06:36:36.591+0000] {processor.py:830} INFO - Processing file /opt/airflow/dags/dag_streamflow.py for tasks to queue
[2026-01-10T06:36:36.695+0000] {logging_mixin.py:188} INFO - [2026-01-10T06:36:36.691+0000] {dagbag.py:538} INFO - Filling up the DagBag from /opt/airflow/dags/dag_streamflow.py
[2026-01-10T06:36:36.879+0000] {processor.py:840} INFO - DAG(s) 'streamflow_main' retrieved from /opt/airflow/dags/dag_streamflow.py
[2026-01-10T06:36:37.468+0000] {logging_mixin.py:188} INFO - [2026-01-10T06:36:37.464+0000] {dag.py:3036} INFO - Sync 1 DAGs
[2026-01-10T06:36:38.068+0000] {logging_mixin.py:188} INFO - [2026-01-10T06:36:38.067+0000] {dag.py:3823} INFO - Setting next_dagrun for streamflow_main to None, run_after=None
[2026-01-10T06:36:38.366+0000] {processor.py:183} INFO - Processing /opt/airflow/dags/dag_streamflow.py took 1.994 seconds
[2026-01-10T06:37:08.699+0000] {processor.py:161} INFO - Started process (PID=1127) to work on /opt/airflow/dags/dag_streamflow.py
[2026-01-10T06:37:08.702+0000] {processor.py:830} INFO - Processing file /opt/airflow/dags/dag_streamflow.py for tasks to queue
[2026-01-10T06:37:08.705+0000] {logging_mixin.py:188} INFO - [2026-01-10T06:37:08.704+0000] {dagbag.py:538} INFO - Filling up the DagBag from /opt/airflow/dags/dag_streamflow.py
[2026-01-10T06:37:08.745+0000] {processor.py:840} INFO - DAG(s) 'streamflow_main' retrieved from /opt/airflow/dags/dag_streamflow.py
[2026-01-10T06:37:08.805+0000] {logging_mixin.py:188} INFO - [2026-01-10T06:37:08.805+0000] {dag.py:3036} INFO - Sync 1 DAGs
[2026-01-10T06:37:08.839+0000] {logging_mixin.py:188} INFO - [2026-01-10T06:37:08.838+0000] {dag.py:3823} INFO - Setting next_dagrun for streamflow_main to None, run_after=None
[2026-01-10T06:37:08.916+0000] {processor.py:183} INFO - Processing /opt/airflow/dags/dag_streamflow.py took 0.229 seconds
[2026-01-10T06:37:39.108+0000] {processor.py:161} INFO - Started process (PID=1138) to work on /opt/airflow/dags/dag_streamflow.py
[2026-01-10T06:37:39.110+0000] {processor.py:830} INFO - Processing file /opt/airflow/dags/dag_streamflow.py for tasks to queue
[2026-01-10T06:37:39.115+0000] {logging_mixin.py:188} INFO - [2026-01-10T06:37:39.113+0000] {dagbag.py:538} INFO - Filling up the DagBag from /opt/airflow/dags/dag_streamflow.py
[2026-01-10T06:37:39.193+0000] {processor.py:840} INFO - DAG(s) 'streamflow_main' retrieved from /opt/airflow/dags/dag_streamflow.py
[2026-01-10T06:37:39.273+0000] {logging_mixin.py:188} INFO - [2026-01-10T06:37:39.272+0000] {dag.py:3036} INFO - Sync 1 DAGs
[2026-01-10T06:37:39.322+0000] {logging_mixin.py:188} INFO - [2026-01-10T06:37:39.322+0000] {dag.py:3823} INFO - Setting next_dagrun for streamflow_main to None, run_after=None
[2026-01-10T06:37:39.382+0000] {processor.py:183} INFO - Processing /opt/airflow/dags/dag_streamflow.py took 0.299 seconds
[2026-01-10T06:38:09.602+0000] {processor.py:161} INFO - Started process (PID=1149) to work on /opt/airflow/dags/dag_streamflow.py
[2026-01-10T06:38:09.612+0000] {processor.py:830} INFO - Processing file /opt/airflow/dags/dag_streamflow.py for tasks to queue
[2026-01-10T06:38:09.616+0000] {logging_mixin.py:188} INFO - [2026-01-10T06:38:09.614+0000] {dagbag.py:538} INFO - Filling up the DagBag from /opt/airflow/dags/dag_streamflow.py
[2026-01-10T06:38:09.662+0000] {processor.py:840} INFO - DAG(s) 'streamflow_main' retrieved from /opt/airflow/dags/dag_streamflow.py
[2026-01-10T06:38:09.743+0000] {logging_mixin.py:188} INFO - [2026-01-10T06:38:09.742+0000] {dag.py:3036} INFO - Sync 1 DAGs
[2026-01-10T06:38:09.775+0000] {logging_mixin.py:188} INFO - [2026-01-10T06:38:09.775+0000] {dag.py:3823} INFO - Setting next_dagrun for streamflow_main to None, run_after=None
[2026-01-10T06:38:09.827+0000] {processor.py:183} INFO - Processing /opt/airflow/dags/dag_streamflow.py took 0.238 seconds
[2026-01-10T06:38:40.010+0000] {processor.py:161} INFO - Started process (PID=1161) to work on /opt/airflow/dags/dag_streamflow.py
[2026-01-10T06:38:40.018+0000] {processor.py:830} INFO - Processing file /opt/airflow/dags/dag_streamflow.py for tasks to queue
[2026-01-10T06:38:40.022+0000] {logging_mixin.py:188} INFO - [2026-01-10T06:38:40.022+0000] {dagbag.py:538} INFO - Filling up the DagBag from /opt/airflow/dags/dag_streamflow.py
[2026-01-10T06:38:40.055+0000] {processor.py:840} INFO - DAG(s) 'streamflow_main' retrieved from /opt/airflow/dags/dag_streamflow.py
[2026-01-10T06:38:40.117+0000] {logging_mixin.py:188} INFO - [2026-01-10T06:38:40.117+0000] {dag.py:3036} INFO - Sync 1 DAGs
[2026-01-10T06:38:40.156+0000] {logging_mixin.py:188} INFO - [2026-01-10T06:38:40.155+0000] {dag.py:3823} INFO - Setting next_dagrun for streamflow_main to None, run_after=None
[2026-01-10T06:38:40.209+0000] {processor.py:183} INFO - Processing /opt/airflow/dags/dag_streamflow.py took 0.210 seconds
[2026-01-10T06:39:10.682+0000] {processor.py:161} INFO - Started process (PID=1173) to work on /opt/airflow/dags/dag_streamflow.py
[2026-01-10T06:39:10.694+0000] {processor.py:830} INFO - Processing file /opt/airflow/dags/dag_streamflow.py for tasks to queue
[2026-01-10T06:39:10.706+0000] {logging_mixin.py:188} INFO - [2026-01-10T06:39:10.701+0000] {dagbag.py:538} INFO - Filling up the DagBag from /opt/airflow/dags/dag_streamflow.py
[2026-01-10T06:39:10.848+0000] {processor.py:840} INFO - DAG(s) 'streamflow_main' retrieved from /opt/airflow/dags/dag_streamflow.py
[2026-01-10T06:39:11.079+0000] {logging_mixin.py:188} INFO - [2026-01-10T06:39:11.078+0000] {dag.py:3036} INFO - Sync 1 DAGs
[2026-01-10T06:39:11.230+0000] {logging_mixin.py:188} INFO - [2026-01-10T06:39:11.230+0000] {dag.py:3823} INFO - Setting next_dagrun for streamflow_main to None, run_after=None
[2026-01-10T06:39:11.416+0000] {processor.py:183} INFO - Processing /opt/airflow/dags/dag_streamflow.py took 0.741 seconds
[2026-01-10T06:39:42.193+0000] {processor.py:161} INFO - Started process (PID=1185) to work on /opt/airflow/dags/dag_streamflow.py
[2026-01-10T06:39:42.195+0000] {processor.py:830} INFO - Processing file /opt/airflow/dags/dag_streamflow.py for tasks to queue
[2026-01-10T06:39:42.197+0000] {logging_mixin.py:188} INFO - [2026-01-10T06:39:42.197+0000] {dagbag.py:538} INFO - Filling up the DagBag from /opt/airflow/dags/dag_streamflow.py
[2026-01-10T06:39:42.218+0000] {processor.py:840} INFO - DAG(s) 'streamflow_main' retrieved from /opt/airflow/dags/dag_streamflow.py
[2026-01-10T06:39:42.263+0000] {logging_mixin.py:188} INFO - [2026-01-10T06:39:42.262+0000] {dag.py:3036} INFO - Sync 1 DAGs
[2026-01-10T06:39:42.286+0000] {logging_mixin.py:188} INFO - [2026-01-10T06:39:42.286+0000] {dag.py:3823} INFO - Setting next_dagrun for streamflow_main to None, run_after=None
[2026-01-10T06:39:42.328+0000] {processor.py:183} INFO - Processing /opt/airflow/dags/dag_streamflow.py took 0.142 seconds
[2026-01-10T06:40:12.901+0000] {processor.py:161} INFO - Started process (PID=1196) to work on /opt/airflow/dags/dag_streamflow.py
[2026-01-10T06:40:12.904+0000] {processor.py:830} INFO - Processing file /opt/airflow/dags/dag_streamflow.py for tasks to queue
[2026-01-10T06:40:12.907+0000] {logging_mixin.py:188} INFO - [2026-01-10T06:40:12.906+0000] {dagbag.py:538} INFO - Filling up the DagBag from /opt/airflow/dags/dag_streamflow.py
[2026-01-10T06:40:12.942+0000] {processor.py:840} INFO - DAG(s) 'streamflow_main' retrieved from /opt/airflow/dags/dag_streamflow.py
[2026-01-10T06:40:13.000+0000] {logging_mixin.py:188} INFO - [2026-01-10T06:40:12.999+0000] {dag.py:3036} INFO - Sync 1 DAGs
[2026-01-10T06:40:13.028+0000] {logging_mixin.py:188} INFO - [2026-01-10T06:40:13.028+0000] {dag.py:3823} INFO - Setting next_dagrun for streamflow_main to None, run_after=None
[2026-01-10T06:40:13.104+0000] {processor.py:183} INFO - Processing /opt/airflow/dags/dag_streamflow.py took 0.212 seconds
[2026-01-10T06:40:43.327+0000] {processor.py:161} INFO - Started process (PID=1208) to work on /opt/airflow/dags/dag_streamflow.py
[2026-01-10T06:40:43.330+0000] {processor.py:830} INFO - Processing file /opt/airflow/dags/dag_streamflow.py for tasks to queue
[2026-01-10T06:40:43.331+0000] {logging_mixin.py:188} INFO - [2026-01-10T06:40:43.331+0000] {dagbag.py:538} INFO - Filling up the DagBag from /opt/airflow/dags/dag_streamflow.py
[2026-01-10T06:40:43.352+0000] {processor.py:840} INFO - DAG(s) 'streamflow_main' retrieved from /opt/airflow/dags/dag_streamflow.py
[2026-01-10T06:40:43.396+0000] {logging_mixin.py:188} INFO - [2026-01-10T06:40:43.395+0000] {dag.py:3036} INFO - Sync 1 DAGs
[2026-01-10T06:40:43.419+0000] {logging_mixin.py:188} INFO - [2026-01-10T06:40:43.419+0000] {dag.py:3823} INFO - Setting next_dagrun for streamflow_main to None, run_after=None
[2026-01-10T06:40:43.457+0000] {processor.py:183} INFO - Processing /opt/airflow/dags/dag_streamflow.py took 0.139 seconds
[2026-01-10T06:41:13.902+0000] {processor.py:161} INFO - Started process (PID=1219) to work on /opt/airflow/dags/dag_streamflow.py
[2026-01-10T06:41:13.912+0000] {processor.py:830} INFO - Processing file /opt/airflow/dags/dag_streamflow.py for tasks to queue
[2026-01-10T06:41:13.915+0000] {logging_mixin.py:188} INFO - [2026-01-10T06:41:13.914+0000] {dagbag.py:538} INFO - Filling up the DagBag from /opt/airflow/dags/dag_streamflow.py
[2026-01-10T06:41:13.957+0000] {processor.py:840} INFO - DAG(s) 'streamflow_main' retrieved from /opt/airflow/dags/dag_streamflow.py
[2026-01-10T06:41:14.060+0000] {logging_mixin.py:188} INFO - [2026-01-10T06:41:14.059+0000] {dag.py:3036} INFO - Sync 1 DAGs
[2026-01-10T06:41:14.175+0000] {logging_mixin.py:188} INFO - [2026-01-10T06:41:14.175+0000] {dag.py:3823} INFO - Setting next_dagrun for streamflow_main to None, run_after=None
[2026-01-10T06:41:14.217+0000] {processor.py:183} INFO - Processing /opt/airflow/dags/dag_streamflow.py took 0.325 seconds
[2026-01-10T06:41:44.434+0000] {processor.py:161} INFO - Started process (PID=1231) to work on /opt/airflow/dags/dag_streamflow.py
[2026-01-10T06:41:44.436+0000] {processor.py:830} INFO - Processing file /opt/airflow/dags/dag_streamflow.py for tasks to queue
[2026-01-10T06:41:44.437+0000] {logging_mixin.py:188} INFO - [2026-01-10T06:41:44.437+0000] {dagbag.py:538} INFO - Filling up the DagBag from /opt/airflow/dags/dag_streamflow.py
[2026-01-10T06:41:44.454+0000] {processor.py:840} INFO - DAG(s) 'streamflow_main' retrieved from /opt/airflow/dags/dag_streamflow.py
[2026-01-10T06:41:44.492+0000] {logging_mixin.py:188} INFO - [2026-01-10T06:41:44.492+0000] {dag.py:3036} INFO - Sync 1 DAGs
[2026-01-10T06:41:44.512+0000] {logging_mixin.py:188} INFO - [2026-01-10T06:41:44.512+0000] {dag.py:3823} INFO - Setting next_dagrun for streamflow_main to None, run_after=None
[2026-01-10T06:41:44.546+0000] {processor.py:183} INFO - Processing /opt/airflow/dags/dag_streamflow.py took 0.118 seconds
[2026-01-10T06:42:14.804+0000] {processor.py:161} INFO - Started process (PID=1243) to work on /opt/airflow/dags/dag_streamflow.py
[2026-01-10T06:42:14.808+0000] {processor.py:830} INFO - Processing file /opt/airflow/dags/dag_streamflow.py for tasks to queue
[2026-01-10T06:42:14.812+0000] {logging_mixin.py:188} INFO - [2026-01-10T06:42:14.811+0000] {dagbag.py:538} INFO - Filling up the DagBag from /opt/airflow/dags/dag_streamflow.py
[2026-01-10T06:42:14.861+0000] {processor.py:840} INFO - DAG(s) 'streamflow_main' retrieved from /opt/airflow/dags/dag_streamflow.py
[2026-01-10T06:42:14.919+0000] {logging_mixin.py:188} INFO - [2026-01-10T06:42:14.919+0000] {dag.py:3036} INFO - Sync 1 DAGs
[2026-01-10T06:42:14.950+0000] {logging_mixin.py:188} INFO - [2026-01-10T06:42:14.949+0000] {dag.py:3823} INFO - Setting next_dagrun for streamflow_main to None, run_after=None
[2026-01-10T06:42:14.999+0000] {processor.py:183} INFO - Processing /opt/airflow/dags/dag_streamflow.py took 0.201 seconds
[2026-01-10T06:42:45.546+0000] {processor.py:161} INFO - Started process (PID=1254) to work on /opt/airflow/dags/dag_streamflow.py
[2026-01-10T06:42:45.552+0000] {processor.py:830} INFO - Processing file /opt/airflow/dags/dag_streamflow.py for tasks to queue
[2026-01-10T06:42:45.558+0000] {logging_mixin.py:188} INFO - [2026-01-10T06:42:45.557+0000] {dagbag.py:538} INFO - Filling up the DagBag from /opt/airflow/dags/dag_streamflow.py
[2026-01-10T06:42:45.596+0000] {processor.py:840} INFO - DAG(s) 'streamflow_main' retrieved from /opt/airflow/dags/dag_streamflow.py
[2026-01-10T06:42:45.683+0000] {logging_mixin.py:188} INFO - [2026-01-10T06:42:45.683+0000] {dag.py:3036} INFO - Sync 1 DAGs
[2026-01-10T06:42:45.720+0000] {logging_mixin.py:188} INFO - [2026-01-10T06:42:45.719+0000] {dag.py:3823} INFO - Setting next_dagrun for streamflow_main to None, run_after=None
[2026-01-10T06:42:45.782+0000] {processor.py:183} INFO - Processing /opt/airflow/dags/dag_streamflow.py took 0.247 seconds
[2026-01-10T06:43:16.069+0000] {processor.py:161} INFO - Started process (PID=1266) to work on /opt/airflow/dags/dag_streamflow.py
[2026-01-10T06:43:16.071+0000] {processor.py:830} INFO - Processing file /opt/airflow/dags/dag_streamflow.py for tasks to queue
[2026-01-10T06:43:16.074+0000] {logging_mixin.py:188} INFO - [2026-01-10T06:43:16.073+0000] {dagbag.py:538} INFO - Filling up the DagBag from /opt/airflow/dags/dag_streamflow.py
[2026-01-10T06:43:16.106+0000] {processor.py:840} INFO - DAG(s) 'streamflow_main' retrieved from /opt/airflow/dags/dag_streamflow.py
[2026-01-10T06:43:16.158+0000] {logging_mixin.py:188} INFO - [2026-01-10T06:43:16.157+0000] {dag.py:3036} INFO - Sync 1 DAGs
[2026-01-10T06:43:16.189+0000] {logging_mixin.py:188} INFO - [2026-01-10T06:43:16.189+0000] {dag.py:3823} INFO - Setting next_dagrun for streamflow_main to None, run_after=None
[2026-01-10T06:43:16.288+0000] {processor.py:183} INFO - Processing /opt/airflow/dags/dag_streamflow.py took 0.240 seconds
[2026-01-10T06:43:46.643+0000] {processor.py:161} INFO - Started process (PID=1278) to work on /opt/airflow/dags/dag_streamflow.py
[2026-01-10T06:43:46.646+0000] {processor.py:830} INFO - Processing file /opt/airflow/dags/dag_streamflow.py for tasks to queue
[2026-01-10T06:43:46.651+0000] {logging_mixin.py:188} INFO - [2026-01-10T06:43:46.649+0000] {dagbag.py:538} INFO - Filling up the DagBag from /opt/airflow/dags/dag_streamflow.py
[2026-01-10T06:43:46.701+0000] {processor.py:840} INFO - DAG(s) 'streamflow_main' retrieved from /opt/airflow/dags/dag_streamflow.py
[2026-01-10T06:43:46.770+0000] {logging_mixin.py:188} INFO - [2026-01-10T06:43:46.769+0000] {dag.py:3036} INFO - Sync 1 DAGs
[2026-01-10T06:43:46.806+0000] {logging_mixin.py:188} INFO - [2026-01-10T06:43:46.806+0000] {dag.py:3823} INFO - Setting next_dagrun for streamflow_main to None, run_after=None
[2026-01-10T06:43:46.868+0000] {processor.py:183} INFO - Processing /opt/airflow/dags/dag_streamflow.py took 0.235 seconds
[2026-01-10T06:44:17.234+0000] {processor.py:161} INFO - Started process (PID=1290) to work on /opt/airflow/dags/dag_streamflow.py
[2026-01-10T06:44:17.257+0000] {processor.py:830} INFO - Processing file /opt/airflow/dags/dag_streamflow.py for tasks to queue
[2026-01-10T06:44:17.264+0000] {logging_mixin.py:188} INFO - [2026-01-10T06:44:17.262+0000] {dagbag.py:538} INFO - Filling up the DagBag from /opt/airflow/dags/dag_streamflow.py
[2026-01-10T06:44:17.356+0000] {processor.py:840} INFO - DAG(s) 'streamflow_main' retrieved from /opt/airflow/dags/dag_streamflow.py
[2026-01-10T06:44:17.435+0000] {logging_mixin.py:188} INFO - [2026-01-10T06:44:17.433+0000] {dag.py:3036} INFO - Sync 1 DAGs
[2026-01-10T06:44:17.468+0000] {logging_mixin.py:188} INFO - [2026-01-10T06:44:17.468+0000] {dag.py:3823} INFO - Setting next_dagrun for streamflow_main to None, run_after=None
[2026-01-10T06:44:17.514+0000] {processor.py:183} INFO - Processing /opt/airflow/dags/dag_streamflow.py took 0.288 seconds
[2026-01-10T06:44:47.932+0000] {processor.py:161} INFO - Started process (PID=1302) to work on /opt/airflow/dags/dag_streamflow.py
[2026-01-10T06:44:47.934+0000] {processor.py:830} INFO - Processing file /opt/airflow/dags/dag_streamflow.py for tasks to queue
[2026-01-10T06:44:47.936+0000] {logging_mixin.py:188} INFO - [2026-01-10T06:44:47.936+0000] {dagbag.py:538} INFO - Filling up the DagBag from /opt/airflow/dags/dag_streamflow.py
[2026-01-10T06:44:47.963+0000] {processor.py:840} INFO - DAG(s) 'streamflow_main' retrieved from /opt/airflow/dags/dag_streamflow.py
[2026-01-10T06:44:48.046+0000] {logging_mixin.py:188} INFO - [2026-01-10T06:44:48.045+0000] {dag.py:3036} INFO - Sync 1 DAGs
[2026-01-10T06:44:48.086+0000] {logging_mixin.py:188} INFO - [2026-01-10T06:44:48.086+0000] {dag.py:3823} INFO - Setting next_dagrun for streamflow_main to None, run_after=None
[2026-01-10T06:44:48.173+0000] {processor.py:183} INFO - Processing /opt/airflow/dags/dag_streamflow.py took 0.252 seconds
[2026-01-10T06:45:18.337+0000] {processor.py:161} INFO - Started process (PID=1314) to work on /opt/airflow/dags/dag_streamflow.py
[2026-01-10T06:45:18.339+0000] {processor.py:830} INFO - Processing file /opt/airflow/dags/dag_streamflow.py for tasks to queue
[2026-01-10T06:45:18.341+0000] {logging_mixin.py:188} INFO - [2026-01-10T06:45:18.340+0000] {dagbag.py:538} INFO - Filling up the DagBag from /opt/airflow/dags/dag_streamflow.py
[2026-01-10T06:45:18.368+0000] {processor.py:840} INFO - DAG(s) 'streamflow_main' retrieved from /opt/airflow/dags/dag_streamflow.py
[2026-01-10T06:45:18.462+0000] {logging_mixin.py:188} INFO - [2026-01-10T06:45:18.458+0000] {dag.py:3036} INFO - Sync 1 DAGs
[2026-01-10T06:45:18.519+0000] {logging_mixin.py:188} INFO - [2026-01-10T06:45:18.518+0000] {dag.py:3823} INFO - Setting next_dagrun for streamflow_main to None, run_after=None
[2026-01-10T06:45:18.589+0000] {processor.py:183} INFO - Processing /opt/airflow/dags/dag_streamflow.py took 0.260 seconds
[2026-01-10T06:45:48.815+0000] {processor.py:161} INFO - Started process (PID=1326) to work on /opt/airflow/dags/dag_streamflow.py
[2026-01-10T06:45:48.818+0000] {processor.py:830} INFO - Processing file /opt/airflow/dags/dag_streamflow.py for tasks to queue
[2026-01-10T06:45:48.820+0000] {logging_mixin.py:188} INFO - [2026-01-10T06:45:48.820+0000] {dagbag.py:538} INFO - Filling up the DagBag from /opt/airflow/dags/dag_streamflow.py
[2026-01-10T06:45:48.856+0000] {processor.py:840} INFO - DAG(s) 'streamflow_main' retrieved from /opt/airflow/dags/dag_streamflow.py
[2026-01-10T06:45:48.979+0000] {logging_mixin.py:188} INFO - [2026-01-10T06:45:48.978+0000] {dag.py:3036} INFO - Sync 1 DAGs
[2026-01-10T06:45:49.036+0000] {logging_mixin.py:188} INFO - [2026-01-10T06:45:49.035+0000] {dag.py:3823} INFO - Setting next_dagrun for streamflow_main to None, run_after=None
[2026-01-10T06:45:49.085+0000] {processor.py:183} INFO - Processing /opt/airflow/dags/dag_streamflow.py took 0.295 seconds
[2026-01-10T06:46:19.417+0000] {processor.py:161} INFO - Started process (PID=1338) to work on /opt/airflow/dags/dag_streamflow.py
[2026-01-10T06:46:19.419+0000] {processor.py:830} INFO - Processing file /opt/airflow/dags/dag_streamflow.py for tasks to queue
[2026-01-10T06:46:19.423+0000] {logging_mixin.py:188} INFO - [2026-01-10T06:46:19.422+0000] {dagbag.py:538} INFO - Filling up the DagBag from /opt/airflow/dags/dag_streamflow.py
[2026-01-10T06:46:19.447+0000] {processor.py:840} INFO - DAG(s) 'streamflow_main' retrieved from /opt/airflow/dags/dag_streamflow.py
[2026-01-10T06:46:19.523+0000] {logging_mixin.py:188} INFO - [2026-01-10T06:46:19.522+0000] {dag.py:3036} INFO - Sync 1 DAGs
[2026-01-10T06:46:19.555+0000] {logging_mixin.py:188} INFO - [2026-01-10T06:46:19.555+0000] {dag.py:3823} INFO - Setting next_dagrun for streamflow_main to None, run_after=None
[2026-01-10T06:46:19.619+0000] {processor.py:183} INFO - Processing /opt/airflow/dags/dag_streamflow.py took 0.211 seconds
[2026-01-10T06:46:50.039+0000] {processor.py:161} INFO - Started process (PID=1350) to work on /opt/airflow/dags/dag_streamflow.py
[2026-01-10T06:46:50.041+0000] {processor.py:830} INFO - Processing file /opt/airflow/dags/dag_streamflow.py for tasks to queue
[2026-01-10T06:46:50.042+0000] {logging_mixin.py:188} INFO - [2026-01-10T06:46:50.042+0000] {dagbag.py:538} INFO - Filling up the DagBag from /opt/airflow/dags/dag_streamflow.py
[2026-01-10T06:46:50.059+0000] {processor.py:840} INFO - DAG(s) 'streamflow_main' retrieved from /opt/airflow/dags/dag_streamflow.py
[2026-01-10T06:46:50.094+0000] {logging_mixin.py:188} INFO - [2026-01-10T06:46:50.094+0000] {dag.py:3036} INFO - Sync 1 DAGs
[2026-01-10T06:46:50.115+0000] {logging_mixin.py:188} INFO - [2026-01-10T06:46:50.114+0000] {dag.py:3823} INFO - Setting next_dagrun for streamflow_main to None, run_after=None
[2026-01-10T06:46:50.148+0000] {processor.py:183} INFO - Processing /opt/airflow/dags/dag_streamflow.py took 0.115 seconds
[2026-01-10T06:47:20.399+0000] {processor.py:161} INFO - Started process (PID=1362) to work on /opt/airflow/dags/dag_streamflow.py
[2026-01-10T06:47:20.400+0000] {processor.py:830} INFO - Processing file /opt/airflow/dags/dag_streamflow.py for tasks to queue
[2026-01-10T06:47:20.402+0000] {logging_mixin.py:188} INFO - [2026-01-10T06:47:20.401+0000] {dagbag.py:538} INFO - Filling up the DagBag from /opt/airflow/dags/dag_streamflow.py
[2026-01-10T06:47:20.420+0000] {processor.py:840} INFO - DAG(s) 'streamflow_main' retrieved from /opt/airflow/dags/dag_streamflow.py
[2026-01-10T06:47:20.458+0000] {logging_mixin.py:188} INFO - [2026-01-10T06:47:20.458+0000] {dag.py:3036} INFO - Sync 1 DAGs
[2026-01-10T06:47:20.478+0000] {logging_mixin.py:188} INFO - [2026-01-10T06:47:20.477+0000] {dag.py:3823} INFO - Setting next_dagrun for streamflow_main to None, run_after=None
[2026-01-10T06:47:20.513+0000] {processor.py:183} INFO - Processing /opt/airflow/dags/dag_streamflow.py took 0.119 seconds
[2026-01-10T06:47:50.751+0000] {processor.py:161} INFO - Started process (PID=1374) to work on /opt/airflow/dags/dag_streamflow.py
[2026-01-10T06:47:50.753+0000] {processor.py:830} INFO - Processing file /opt/airflow/dags/dag_streamflow.py for tasks to queue
[2026-01-10T06:47:50.758+0000] {logging_mixin.py:188} INFO - [2026-01-10T06:47:50.755+0000] {dagbag.py:538} INFO - Filling up the DagBag from /opt/airflow/dags/dag_streamflow.py
[2026-01-10T06:47:50.793+0000] {processor.py:840} INFO - DAG(s) 'streamflow_main' retrieved from /opt/airflow/dags/dag_streamflow.py
[2026-01-10T06:47:50.855+0000] {logging_mixin.py:188} INFO - [2026-01-10T06:47:50.855+0000] {dag.py:3036} INFO - Sync 1 DAGs
[2026-01-10T06:47:50.898+0000] {logging_mixin.py:188} INFO - [2026-01-10T06:47:50.898+0000] {dag.py:3823} INFO - Setting next_dagrun for streamflow_main to None, run_after=None
[2026-01-10T06:47:50.978+0000] {processor.py:183} INFO - Processing /opt/airflow/dags/dag_streamflow.py took 0.236 seconds
[2026-01-10T06:48:21.419+0000] {processor.py:161} INFO - Started process (PID=1386) to work on /opt/airflow/dags/dag_streamflow.py
[2026-01-10T06:48:21.420+0000] {processor.py:830} INFO - Processing file /opt/airflow/dags/dag_streamflow.py for tasks to queue
[2026-01-10T06:48:21.426+0000] {logging_mixin.py:188} INFO - [2026-01-10T06:48:21.425+0000] {dagbag.py:538} INFO - Filling up the DagBag from /opt/airflow/dags/dag_streamflow.py
[2026-01-10T06:48:21.452+0000] {processor.py:840} INFO - DAG(s) 'streamflow_main' retrieved from /opt/airflow/dags/dag_streamflow.py
[2026-01-10T06:48:21.520+0000] {logging_mixin.py:188} INFO - [2026-01-10T06:48:21.519+0000] {dag.py:3036} INFO - Sync 1 DAGs
[2026-01-10T06:48:21.593+0000] {logging_mixin.py:188} INFO - [2026-01-10T06:48:21.592+0000] {dag.py:3823} INFO - Setting next_dagrun for streamflow_main to None, run_after=None
[2026-01-10T06:48:21.663+0000] {processor.py:183} INFO - Processing /opt/airflow/dags/dag_streamflow.py took 0.254 seconds
[2026-01-10T06:48:52.500+0000] {processor.py:161} INFO - Started process (PID=1397) to work on /opt/airflow/dags/dag_streamflow.py
[2026-01-10T06:48:52.516+0000] {processor.py:830} INFO - Processing file /opt/airflow/dags/dag_streamflow.py for tasks to queue
[2026-01-10T06:48:52.530+0000] {logging_mixin.py:188} INFO - [2026-01-10T06:48:52.529+0000] {dagbag.py:538} INFO - Filling up the DagBag from /opt/airflow/dags/dag_streamflow.py
[2026-01-10T06:48:53.006+0000] {processor.py:840} INFO - DAG(s) 'streamflow_main' retrieved from /opt/airflow/dags/dag_streamflow.py
[2026-01-10T06:48:53.172+0000] {logging_mixin.py:188} INFO - [2026-01-10T06:48:53.172+0000] {dag.py:3036} INFO - Sync 1 DAGs
[2026-01-10T06:48:53.251+0000] {logging_mixin.py:188} INFO - [2026-01-10T06:48:53.251+0000] {dag.py:3823} INFO - Setting next_dagrun for streamflow_main to None, run_after=None
[2026-01-10T06:48:53.316+0000] {processor.py:183} INFO - Processing /opt/airflow/dags/dag_streamflow.py took 0.925 seconds
[2026-01-10T06:49:24.226+0000] {processor.py:161} INFO - Started process (PID=1415) to work on /opt/airflow/dags/dag_streamflow.py
[2026-01-10T06:49:24.229+0000] {processor.py:830} INFO - Processing file /opt/airflow/dags/dag_streamflow.py for tasks to queue
[2026-01-10T06:49:24.232+0000] {logging_mixin.py:188} INFO - [2026-01-10T06:49:24.231+0000] {dagbag.py:538} INFO - Filling up the DagBag from /opt/airflow/dags/dag_streamflow.py
[2026-01-10T06:49:24.261+0000] {processor.py:840} INFO - DAG(s) 'streamflow_main' retrieved from /opt/airflow/dags/dag_streamflow.py
[2026-01-10T06:49:24.344+0000] {logging_mixin.py:188} INFO - [2026-01-10T06:49:24.343+0000] {dag.py:3036} INFO - Sync 1 DAGs
[2026-01-10T06:49:24.364+0000] {logging_mixin.py:188} INFO - [2026-01-10T06:49:24.363+0000] {dag.py:3823} INFO - Setting next_dagrun for streamflow_main to None, run_after=None
[2026-01-10T06:49:24.398+0000] {processor.py:183} INFO - Processing /opt/airflow/dags/dag_streamflow.py took 0.180 seconds
[2026-01-10T06:49:54.604+0000] {processor.py:161} INFO - Started process (PID=1427) to work on /opt/airflow/dags/dag_streamflow.py
[2026-01-10T06:49:54.607+0000] {processor.py:830} INFO - Processing file /opt/airflow/dags/dag_streamflow.py for tasks to queue
[2026-01-10T06:49:54.610+0000] {logging_mixin.py:188} INFO - [2026-01-10T06:49:54.609+0000] {dagbag.py:538} INFO - Filling up the DagBag from /opt/airflow/dags/dag_streamflow.py
[2026-01-10T06:49:54.635+0000] {processor.py:840} INFO - DAG(s) 'streamflow_main' retrieved from /opt/airflow/dags/dag_streamflow.py
[2026-01-10T06:49:54.686+0000] {logging_mixin.py:188} INFO - [2026-01-10T06:49:54.686+0000] {dag.py:3036} INFO - Sync 1 DAGs
[2026-01-10T06:49:54.716+0000] {logging_mixin.py:188} INFO - [2026-01-10T06:49:54.715+0000] {dag.py:3823} INFO - Setting next_dagrun for streamflow_main to None, run_after=None
[2026-01-10T06:49:54.765+0000] {processor.py:183} INFO - Processing /opt/airflow/dags/dag_streamflow.py took 0.170 seconds
[2026-01-10T06:50:25.210+0000] {processor.py:161} INFO - Started process (PID=1439) to work on /opt/airflow/dags/dag_streamflow.py
[2026-01-10T06:50:25.213+0000] {processor.py:830} INFO - Processing file /opt/airflow/dags/dag_streamflow.py for tasks to queue
[2026-01-10T06:50:25.215+0000] {logging_mixin.py:188} INFO - [2026-01-10T06:50:25.214+0000] {dagbag.py:538} INFO - Filling up the DagBag from /opt/airflow/dags/dag_streamflow.py
[2026-01-10T06:50:25.245+0000] {processor.py:840} INFO - DAG(s) 'streamflow_main' retrieved from /opt/airflow/dags/dag_streamflow.py
[2026-01-10T06:50:25.308+0000] {logging_mixin.py:188} INFO - [2026-01-10T06:50:25.307+0000] {dag.py:3036} INFO - Sync 1 DAGs
[2026-01-10T06:50:25.339+0000] {logging_mixin.py:188} INFO - [2026-01-10T06:50:25.339+0000] {dag.py:3823} INFO - Setting next_dagrun for streamflow_main to None, run_after=None
[2026-01-10T06:50:25.403+0000] {processor.py:183} INFO - Processing /opt/airflow/dags/dag_streamflow.py took 0.201 seconds
[2026-01-10T06:50:55.841+0000] {processor.py:161} INFO - Started process (PID=1451) to work on /opt/airflow/dags/dag_streamflow.py
[2026-01-10T06:50:55.845+0000] {processor.py:830} INFO - Processing file /opt/airflow/dags/dag_streamflow.py for tasks to queue
[2026-01-10T06:50:55.848+0000] {logging_mixin.py:188} INFO - [2026-01-10T06:50:55.848+0000] {dagbag.py:538} INFO - Filling up the DagBag from /opt/airflow/dags/dag_streamflow.py
[2026-01-10T06:50:55.874+0000] {processor.py:840} INFO - DAG(s) 'streamflow_main' retrieved from /opt/airflow/dags/dag_streamflow.py
[2026-01-10T06:50:55.944+0000] {logging_mixin.py:188} INFO - [2026-01-10T06:50:55.942+0000] {dag.py:3036} INFO - Sync 1 DAGs
[2026-01-10T06:50:55.983+0000] {logging_mixin.py:188} INFO - [2026-01-10T06:50:55.982+0000] {dag.py:3823} INFO - Setting next_dagrun for streamflow_main to None, run_after=None
[2026-01-10T06:50:56.028+0000] {processor.py:183} INFO - Processing /opt/airflow/dags/dag_streamflow.py took 0.196 seconds
[2026-01-10T06:51:26.163+0000] {processor.py:161} INFO - Started process (PID=1463) to work on /opt/airflow/dags/dag_streamflow.py
[2026-01-10T06:51:26.165+0000] {processor.py:830} INFO - Processing file /opt/airflow/dags/dag_streamflow.py for tasks to queue
[2026-01-10T06:51:26.166+0000] {logging_mixin.py:188} INFO - [2026-01-10T06:51:26.166+0000] {dagbag.py:538} INFO - Filling up the DagBag from /opt/airflow/dags/dag_streamflow.py
[2026-01-10T06:51:26.189+0000] {processor.py:840} INFO - DAG(s) 'streamflow_main' retrieved from /opt/airflow/dags/dag_streamflow.py
[2026-01-10T06:51:26.240+0000] {logging_mixin.py:188} INFO - [2026-01-10T06:51:26.239+0000] {dag.py:3036} INFO - Sync 1 DAGs
[2026-01-10T06:51:26.261+0000] {logging_mixin.py:188} INFO - [2026-01-10T06:51:26.261+0000] {dag.py:3823} INFO - Setting next_dagrun for streamflow_main to None, run_after=None
[2026-01-10T06:51:26.302+0000] {processor.py:183} INFO - Processing /opt/airflow/dags/dag_streamflow.py took 0.145 seconds
[2026-01-10T06:51:56.680+0000] {processor.py:161} INFO - Started process (PID=1475) to work on /opt/airflow/dags/dag_streamflow.py
[2026-01-10T06:51:56.682+0000] {processor.py:830} INFO - Processing file /opt/airflow/dags/dag_streamflow.py for tasks to queue
[2026-01-10T06:51:56.684+0000] {logging_mixin.py:188} INFO - [2026-01-10T06:51:56.683+0000] {dagbag.py:538} INFO - Filling up the DagBag from /opt/airflow/dags/dag_streamflow.py
[2026-01-10T06:51:56.701+0000] {processor.py:840} INFO - DAG(s) 'streamflow_main' retrieved from /opt/airflow/dags/dag_streamflow.py
[2026-01-10T06:51:56.740+0000] {logging_mixin.py:188} INFO - [2026-01-10T06:51:56.740+0000] {dag.py:3036} INFO - Sync 1 DAGs
[2026-01-10T06:51:56.760+0000] {logging_mixin.py:188} INFO - [2026-01-10T06:51:56.760+0000] {dag.py:3823} INFO - Setting next_dagrun for streamflow_main to None, run_after=None
[2026-01-10T06:51:56.957+0000] {processor.py:183} INFO - Processing /opt/airflow/dags/dag_streamflow.py took 0.283 seconds
[2026-01-10T06:52:27.201+0000] {processor.py:161} INFO - Started process (PID=1487) to work on /opt/airflow/dags/dag_streamflow.py
[2026-01-10T06:52:27.207+0000] {processor.py:830} INFO - Processing file /opt/airflow/dags/dag_streamflow.py for tasks to queue
[2026-01-10T06:52:27.209+0000] {logging_mixin.py:188} INFO - [2026-01-10T06:52:27.209+0000] {dagbag.py:538} INFO - Filling up the DagBag from /opt/airflow/dags/dag_streamflow.py
[2026-01-10T06:52:27.246+0000] {processor.py:840} INFO - DAG(s) 'streamflow_main' retrieved from /opt/airflow/dags/dag_streamflow.py
[2026-01-10T06:52:27.324+0000] {logging_mixin.py:188} INFO - [2026-01-10T06:52:27.324+0000] {dag.py:3036} INFO - Sync 1 DAGs
[2026-01-10T06:52:27.360+0000] {logging_mixin.py:188} INFO - [2026-01-10T06:52:27.360+0000] {dag.py:3823} INFO - Setting next_dagrun for streamflow_main to None, run_after=None
[2026-01-10T06:52:27.394+0000] {processor.py:183} INFO - Processing /opt/airflow/dags/dag_streamflow.py took 0.209 seconds
[2026-01-10T06:52:57.716+0000] {processor.py:161} INFO - Started process (PID=1499) to work on /opt/airflow/dags/dag_streamflow.py
[2026-01-10T06:52:57.718+0000] {processor.py:830} INFO - Processing file /opt/airflow/dags/dag_streamflow.py for tasks to queue
[2026-01-10T06:52:57.720+0000] {logging_mixin.py:188} INFO - [2026-01-10T06:52:57.720+0000] {dagbag.py:538} INFO - Filling up the DagBag from /opt/airflow/dags/dag_streamflow.py
[2026-01-10T06:52:57.745+0000] {processor.py:840} INFO - DAG(s) 'streamflow_main' retrieved from /opt/airflow/dags/dag_streamflow.py
[2026-01-10T06:52:57.799+0000] {logging_mixin.py:188} INFO - [2026-01-10T06:52:57.799+0000] {dag.py:3036} INFO - Sync 1 DAGs
[2026-01-10T06:52:57.830+0000] {logging_mixin.py:188} INFO - [2026-01-10T06:52:57.830+0000] {dag.py:3823} INFO - Setting next_dagrun for streamflow_main to None, run_after=None
[2026-01-10T06:52:57.875+0000] {processor.py:183} INFO - Processing /opt/airflow/dags/dag_streamflow.py took 0.170 seconds
[2026-01-10T06:53:28.186+0000] {processor.py:161} INFO - Started process (PID=1511) to work on /opt/airflow/dags/dag_streamflow.py
[2026-01-10T06:53:28.188+0000] {processor.py:830} INFO - Processing file /opt/airflow/dags/dag_streamflow.py for tasks to queue
[2026-01-10T06:53:28.189+0000] {logging_mixin.py:188} INFO - [2026-01-10T06:53:28.189+0000] {dagbag.py:538} INFO - Filling up the DagBag from /opt/airflow/dags/dag_streamflow.py
[2026-01-10T06:53:28.207+0000] {processor.py:840} INFO - DAG(s) 'streamflow_main' retrieved from /opt/airflow/dags/dag_streamflow.py
[2026-01-10T06:53:28.246+0000] {logging_mixin.py:188} INFO - [2026-01-10T06:53:28.246+0000] {dag.py:3036} INFO - Sync 1 DAGs
[2026-01-10T06:53:28.273+0000] {logging_mixin.py:188} INFO - [2026-01-10T06:53:28.273+0000] {dag.py:3823} INFO - Setting next_dagrun for streamflow_main to None, run_after=None
[2026-01-10T06:53:28.307+0000] {processor.py:183} INFO - Processing /opt/airflow/dags/dag_streamflow.py took 0.127 seconds
[2026-01-10T06:53:58.572+0000] {processor.py:161} INFO - Started process (PID=1523) to work on /opt/airflow/dags/dag_streamflow.py
[2026-01-10T06:53:58.575+0000] {processor.py:830} INFO - Processing file /opt/airflow/dags/dag_streamflow.py for tasks to queue
[2026-01-10T06:53:58.577+0000] {logging_mixin.py:188} INFO - [2026-01-10T06:53:58.576+0000] {dagbag.py:538} INFO - Filling up the DagBag from /opt/airflow/dags/dag_streamflow.py
[2026-01-10T06:53:58.596+0000] {processor.py:840} INFO - DAG(s) 'streamflow_main' retrieved from /opt/airflow/dags/dag_streamflow.py
[2026-01-10T06:53:58.635+0000] {logging_mixin.py:188} INFO - [2026-01-10T06:53:58.635+0000] {dag.py:3036} INFO - Sync 1 DAGs
[2026-01-10T06:53:58.656+0000] {logging_mixin.py:188} INFO - [2026-01-10T06:53:58.655+0000] {dag.py:3823} INFO - Setting next_dagrun for streamflow_main to None, run_after=None
[2026-01-10T06:53:58.689+0000] {processor.py:183} INFO - Processing /opt/airflow/dags/dag_streamflow.py took 0.123 seconds
[2026-01-10T06:54:29.364+0000] {processor.py:161} INFO - Started process (PID=1535) to work on /opt/airflow/dags/dag_streamflow.py
[2026-01-10T06:54:29.366+0000] {processor.py:830} INFO - Processing file /opt/airflow/dags/dag_streamflow.py for tasks to queue
[2026-01-10T06:54:29.368+0000] {logging_mixin.py:188} INFO - [2026-01-10T06:54:29.367+0000] {dagbag.py:538} INFO - Filling up the DagBag from /opt/airflow/dags/dag_streamflow.py
[2026-01-10T06:54:29.384+0000] {processor.py:840} INFO - DAG(s) 'streamflow_main' retrieved from /opt/airflow/dags/dag_streamflow.py
[2026-01-10T06:54:29.420+0000] {logging_mixin.py:188} INFO - [2026-01-10T06:54:29.420+0000] {dag.py:3036} INFO - Sync 1 DAGs
[2026-01-10T06:54:29.440+0000] {logging_mixin.py:188} INFO - [2026-01-10T06:54:29.440+0000] {dag.py:3823} INFO - Setting next_dagrun for streamflow_main to None, run_after=None
[2026-01-10T06:54:29.476+0000] {processor.py:183} INFO - Processing /opt/airflow/dags/dag_streamflow.py took 0.116 seconds
[2026-01-10T06:54:59.794+0000] {processor.py:161} INFO - Started process (PID=1547) to work on /opt/airflow/dags/dag_streamflow.py
[2026-01-10T06:54:59.796+0000] {processor.py:830} INFO - Processing file /opt/airflow/dags/dag_streamflow.py for tasks to queue
[2026-01-10T06:54:59.798+0000] {logging_mixin.py:188} INFO - [2026-01-10T06:54:59.797+0000] {dagbag.py:538} INFO - Filling up the DagBag from /opt/airflow/dags/dag_streamflow.py
[2026-01-10T06:54:59.815+0000] {processor.py:840} INFO - DAG(s) 'streamflow_main' retrieved from /opt/airflow/dags/dag_streamflow.py
[2026-01-10T06:54:59.853+0000] {logging_mixin.py:188} INFO - [2026-01-10T06:54:59.852+0000] {dag.py:3036} INFO - Sync 1 DAGs
[2026-01-10T06:54:59.874+0000] {logging_mixin.py:188} INFO - [2026-01-10T06:54:59.874+0000] {dag.py:3823} INFO - Setting next_dagrun for streamflow_main to None, run_after=None
[2026-01-10T06:54:59.914+0000] {processor.py:183} INFO - Processing /opt/airflow/dags/dag_streamflow.py took 0.124 seconds
[2026-01-10T06:55:30.166+0000] {processor.py:161} INFO - Started process (PID=1560) to work on /opt/airflow/dags/dag_streamflow.py
[2026-01-10T06:55:30.168+0000] {processor.py:830} INFO - Processing file /opt/airflow/dags/dag_streamflow.py for tasks to queue
[2026-01-10T06:55:30.170+0000] {logging_mixin.py:188} INFO - [2026-01-10T06:55:30.170+0000] {dagbag.py:538} INFO - Filling up the DagBag from /opt/airflow/dags/dag_streamflow.py
[2026-01-10T06:55:30.190+0000] {processor.py:840} INFO - DAG(s) 'streamflow_main' retrieved from /opt/airflow/dags/dag_streamflow.py
[2026-01-10T06:55:30.232+0000] {logging_mixin.py:188} INFO - [2026-01-10T06:55:30.231+0000] {dag.py:3036} INFO - Sync 1 DAGs
[2026-01-10T06:55:30.255+0000] {logging_mixin.py:188} INFO - [2026-01-10T06:55:30.255+0000] {dag.py:3823} INFO - Setting next_dagrun for streamflow_main to None, run_after=None
[2026-01-10T06:55:30.291+0000] {processor.py:183} INFO - Processing /opt/airflow/dags/dag_streamflow.py took 0.131 seconds
[2026-01-10T06:56:00.735+0000] {processor.py:161} INFO - Started process (PID=1572) to work on /opt/airflow/dags/dag_streamflow.py
[2026-01-10T06:56:00.737+0000] {processor.py:830} INFO - Processing file /opt/airflow/dags/dag_streamflow.py for tasks to queue
[2026-01-10T06:56:00.739+0000] {logging_mixin.py:188} INFO - [2026-01-10T06:56:00.738+0000] {dagbag.py:538} INFO - Filling up the DagBag from /opt/airflow/dags/dag_streamflow.py
[2026-01-10T06:56:00.761+0000] {processor.py:840} INFO - DAG(s) 'streamflow_main' retrieved from /opt/airflow/dags/dag_streamflow.py
[2026-01-10T06:56:00.808+0000] {logging_mixin.py:188} INFO - [2026-01-10T06:56:00.808+0000] {dag.py:3036} INFO - Sync 1 DAGs
[2026-01-10T06:56:00.837+0000] {logging_mixin.py:188} INFO - [2026-01-10T06:56:00.836+0000] {dag.py:3823} INFO - Setting next_dagrun for streamflow_main to None, run_after=None
[2026-01-10T06:56:00.878+0000] {processor.py:183} INFO - Processing /opt/airflow/dags/dag_streamflow.py took 0.147 seconds
[2026-01-10T06:56:31.118+0000] {processor.py:161} INFO - Started process (PID=1584) to work on /opt/airflow/dags/dag_streamflow.py
[2026-01-10T06:56:31.119+0000] {processor.py:830} INFO - Processing file /opt/airflow/dags/dag_streamflow.py for tasks to queue
[2026-01-10T06:56:31.122+0000] {logging_mixin.py:188} INFO - [2026-01-10T06:56:31.121+0000] {dagbag.py:538} INFO - Filling up the DagBag from /opt/airflow/dags/dag_streamflow.py
[2026-01-10T06:56:31.142+0000] {processor.py:840} INFO - DAG(s) 'streamflow_main' retrieved from /opt/airflow/dags/dag_streamflow.py
[2026-01-10T06:56:31.189+0000] {logging_mixin.py:188} INFO - [2026-01-10T06:56:31.188+0000] {dag.py:3036} INFO - Sync 1 DAGs
[2026-01-10T06:56:31.213+0000] {logging_mixin.py:188} INFO - [2026-01-10T06:56:31.212+0000] {dag.py:3823} INFO - Setting next_dagrun for streamflow_main to None, run_after=None
[2026-01-10T06:56:31.251+0000] {processor.py:183} INFO - Processing /opt/airflow/dags/dag_streamflow.py took 0.141 seconds
[2026-01-10T06:57:01.943+0000] {processor.py:161} INFO - Started process (PID=1595) to work on /opt/airflow/dags/dag_streamflow.py
[2026-01-10T06:57:01.945+0000] {processor.py:830} INFO - Processing file /opt/airflow/dags/dag_streamflow.py for tasks to queue
[2026-01-10T06:57:01.953+0000] {logging_mixin.py:188} INFO - [2026-01-10T06:57:01.951+0000] {dagbag.py:538} INFO - Filling up the DagBag from /opt/airflow/dags/dag_streamflow.py
[2026-01-10T06:57:02.022+0000] {processor.py:840} INFO - DAG(s) 'streamflow_main' retrieved from /opt/airflow/dags/dag_streamflow.py
[2026-01-10T06:57:02.164+0000] {logging_mixin.py:188} INFO - [2026-01-10T06:57:02.163+0000] {dag.py:3036} INFO - Sync 1 DAGs
[2026-01-10T06:57:02.252+0000] {logging_mixin.py:188} INFO - [2026-01-10T06:57:02.250+0000] {dag.py:3823} INFO - Setting next_dagrun for streamflow_main to None, run_after=None
[2026-01-10T06:57:02.435+0000] {processor.py:183} INFO - Processing /opt/airflow/dags/dag_streamflow.py took 0.510 seconds
[2026-01-10T06:57:33.213+0000] {processor.py:161} INFO - Started process (PID=1607) to work on /opt/airflow/dags/dag_streamflow.py
[2026-01-10T06:57:33.215+0000] {processor.py:830} INFO - Processing file /opt/airflow/dags/dag_streamflow.py for tasks to queue
[2026-01-10T06:57:33.217+0000] {logging_mixin.py:188} INFO - [2026-01-10T06:57:33.217+0000] {dagbag.py:538} INFO - Filling up the DagBag from /opt/airflow/dags/dag_streamflow.py
[2026-01-10T06:57:33.243+0000] {processor.py:840} INFO - DAG(s) 'streamflow_main' retrieved from /opt/airflow/dags/dag_streamflow.py
[2026-01-10T06:57:33.326+0000] {logging_mixin.py:188} INFO - [2026-01-10T06:57:33.324+0000] {dag.py:3036} INFO - Sync 1 DAGs
[2026-01-10T06:57:33.387+0000] {logging_mixin.py:188} INFO - [2026-01-10T06:57:33.386+0000] {dag.py:3823} INFO - Setting next_dagrun for streamflow_main to None, run_after=None
[2026-01-10T06:57:33.442+0000] {processor.py:183} INFO - Processing /opt/airflow/dags/dag_streamflow.py took 0.237 seconds
[2026-01-10T06:58:03.692+0000] {processor.py:161} INFO - Started process (PID=1619) to work on /opt/airflow/dags/dag_streamflow.py
[2026-01-10T06:58:03.694+0000] {processor.py:830} INFO - Processing file /opt/airflow/dags/dag_streamflow.py for tasks to queue
[2026-01-10T06:58:03.696+0000] {logging_mixin.py:188} INFO - [2026-01-10T06:58:03.695+0000] {dagbag.py:538} INFO - Filling up the DagBag from /opt/airflow/dags/dag_streamflow.py
[2026-01-10T06:58:03.712+0000] {processor.py:840} INFO - DAG(s) 'streamflow_main' retrieved from /opt/airflow/dags/dag_streamflow.py
[2026-01-10T06:58:03.749+0000] {logging_mixin.py:188} INFO - [2026-01-10T06:58:03.748+0000] {dag.py:3036} INFO - Sync 1 DAGs
[2026-01-10T06:58:03.777+0000] {logging_mixin.py:188} INFO - [2026-01-10T06:58:03.777+0000] {dag.py:3823} INFO - Setting next_dagrun for streamflow_main to None, run_after=None
[2026-01-10T06:58:03.815+0000] {processor.py:183} INFO - Processing /opt/airflow/dags/dag_streamflow.py took 0.130 seconds
[2026-01-10T06:58:34.443+0000] {processor.py:161} INFO - Started process (PID=1630) to work on /opt/airflow/dags/dag_streamflow.py
[2026-01-10T06:58:34.445+0000] {processor.py:830} INFO - Processing file /opt/airflow/dags/dag_streamflow.py for tasks to queue
[2026-01-10T06:58:34.448+0000] {logging_mixin.py:188} INFO - [2026-01-10T06:58:34.447+0000] {dagbag.py:538} INFO - Filling up the DagBag from /opt/airflow/dags/dag_streamflow.py
[2026-01-10T06:58:34.468+0000] {processor.py:840} INFO - DAG(s) 'streamflow_main' retrieved from /opt/airflow/dags/dag_streamflow.py
[2026-01-10T06:58:34.510+0000] {logging_mixin.py:188} INFO - [2026-01-10T06:58:34.510+0000] {dag.py:3036} INFO - Sync 1 DAGs
[2026-01-10T06:58:34.538+0000] {logging_mixin.py:188} INFO - [2026-01-10T06:58:34.538+0000] {dag.py:3823} INFO - Setting next_dagrun for streamflow_main to None, run_after=None
[2026-01-10T06:58:34.578+0000] {processor.py:183} INFO - Processing /opt/airflow/dags/dag_streamflow.py took 0.141 seconds
[2026-01-10T23:43:59.233+0000] {processor.py:161} INFO - Started process (PID=357) to work on /opt/airflow/dags/dag_streamflow.py
[2026-01-10T23:43:59.241+0000] {processor.py:830} INFO - Processing file /opt/airflow/dags/dag_streamflow.py for tasks to queue
[2026-01-10T23:43:59.249+0000] {logging_mixin.py:188} INFO - [2026-01-10T23:43:59.248+0000] {dagbag.py:538} INFO - Filling up the DagBag from /opt/airflow/dags/dag_streamflow.py
[2026-01-10T23:43:59.320+0000] {processor.py:840} INFO - DAG(s) 'streamflow_main' retrieved from /opt/airflow/dags/dag_streamflow.py
[2026-01-10T23:43:59.466+0000] {logging_mixin.py:188} INFO - [2026-01-10T23:43:59.465+0000] {dag.py:3036} INFO - Sync 1 DAGs
[2026-01-10T23:43:59.492+0000] {logging_mixin.py:188} INFO - [2026-01-10T23:43:59.492+0000] {dag.py:3823} INFO - Setting next_dagrun for streamflow_main to None, run_after=None
[2026-01-10T23:43:59.533+0000] {processor.py:183} INFO - Processing /opt/airflow/dags/dag_streamflow.py took 0.318 seconds
[2026-01-10T23:44:30.073+0000] {processor.py:161} INFO - Started process (PID=372) to work on /opt/airflow/dags/dag_streamflow.py
[2026-01-10T23:44:30.077+0000] {processor.py:830} INFO - Processing file /opt/airflow/dags/dag_streamflow.py for tasks to queue
[2026-01-10T23:44:30.083+0000] {logging_mixin.py:188} INFO - [2026-01-10T23:44:30.082+0000] {dagbag.py:538} INFO - Filling up the DagBag from /opt/airflow/dags/dag_streamflow.py
[2026-01-10T23:44:30.147+0000] {processor.py:840} INFO - DAG(s) 'streamflow_main' retrieved from /opt/airflow/dags/dag_streamflow.py
[2026-01-10T23:44:30.473+0000] {logging_mixin.py:188} INFO - [2026-01-10T23:44:30.473+0000] {dag.py:3036} INFO - Sync 1 DAGs
[2026-01-10T23:44:30.502+0000] {logging_mixin.py:188} INFO - [2026-01-10T23:44:30.502+0000] {dag.py:3823} INFO - Setting next_dagrun for streamflow_main to None, run_after=None
[2026-01-10T23:44:30.656+0000] {processor.py:183} INFO - Processing /opt/airflow/dags/dag_streamflow.py took 0.590 seconds
[2026-01-10T23:45:01.143+0000] {processor.py:161} INFO - Started process (PID=388) to work on /opt/airflow/dags/dag_streamflow.py
[2026-01-10T23:45:01.145+0000] {processor.py:830} INFO - Processing file /opt/airflow/dags/dag_streamflow.py for tasks to queue
[2026-01-10T23:45:01.149+0000] {logging_mixin.py:188} INFO - [2026-01-10T23:45:01.147+0000] {dagbag.py:538} INFO - Filling up the DagBag from /opt/airflow/dags/dag_streamflow.py
[2026-01-10T23:45:01.184+0000] {processor.py:840} INFO - DAG(s) 'streamflow_main' retrieved from /opt/airflow/dags/dag_streamflow.py
[2026-01-10T23:45:01.242+0000] {logging_mixin.py:188} INFO - [2026-01-10T23:45:01.242+0000] {dag.py:3036} INFO - Sync 1 DAGs
[2026-01-10T23:45:01.274+0000] {logging_mixin.py:188} INFO - [2026-01-10T23:45:01.274+0000] {dag.py:3823} INFO - Setting next_dagrun for streamflow_main to None, run_after=None
[2026-01-10T23:45:01.790+0000] {processor.py:183} INFO - Processing /opt/airflow/dags/dag_streamflow.py took 0.656 seconds
[2026-01-10T23:45:32.156+0000] {processor.py:161} INFO - Started process (PID=400) to work on /opt/airflow/dags/dag_streamflow.py
[2026-01-10T23:45:32.159+0000] {processor.py:830} INFO - Processing file /opt/airflow/dags/dag_streamflow.py for tasks to queue
[2026-01-10T23:45:32.184+0000] {logging_mixin.py:188} INFO - [2026-01-10T23:45:32.180+0000] {dagbag.py:538} INFO - Filling up the DagBag from /opt/airflow/dags/dag_streamflow.py
[2026-01-10T23:45:32.253+0000] {processor.py:840} INFO - DAG(s) 'streamflow_main' retrieved from /opt/airflow/dags/dag_streamflow.py
[2026-01-10T23:45:32.412+0000] {logging_mixin.py:188} INFO - [2026-01-10T23:45:32.412+0000] {dag.py:3036} INFO - Sync 1 DAGs
[2026-01-10T23:45:32.512+0000] {logging_mixin.py:188} INFO - [2026-01-10T23:45:32.512+0000] {dag.py:3823} INFO - Setting next_dagrun for streamflow_main to None, run_after=None
[2026-01-10T23:45:32.574+0000] {processor.py:183} INFO - Processing /opt/airflow/dags/dag_streamflow.py took 0.552 seconds
[2026-01-10T23:49:30.073+0000] {processor.py:161} INFO - Started process (PID=208) to work on /opt/airflow/dags/dag_streamflow.py
[2026-01-10T23:49:30.080+0000] {processor.py:830} INFO - Processing file /opt/airflow/dags/dag_streamflow.py for tasks to queue
[2026-01-10T23:49:30.082+0000] {logging_mixin.py:188} INFO - [2026-01-10T23:49:30.081+0000] {dagbag.py:538} INFO - Filling up the DagBag from /opt/airflow/dags/dag_streamflow.py
[2026-01-10T23:49:30.134+0000] {processor.py:840} INFO - DAG(s) 'streamflow_main' retrieved from /opt/airflow/dags/dag_streamflow.py
[2026-01-10T23:49:30.226+0000] {logging_mixin.py:188} INFO - [2026-01-10T23:49:30.226+0000] {dag.py:3036} INFO - Sync 1 DAGs
[2026-01-10T23:49:30.272+0000] {logging_mixin.py:188} INFO - [2026-01-10T23:49:30.272+0000] {dag.py:3823} INFO - Setting next_dagrun for streamflow_main to None, run_after=None
[2026-01-10T23:49:30.316+0000] {processor.py:183} INFO - Processing /opt/airflow/dags/dag_streamflow.py took 0.259 seconds
[2026-01-10T23:50:00.599+0000] {processor.py:161} INFO - Started process (PID=222) to work on /opt/airflow/dags/dag_streamflow.py
[2026-01-10T23:50:00.602+0000] {processor.py:830} INFO - Processing file /opt/airflow/dags/dag_streamflow.py for tasks to queue
[2026-01-10T23:50:00.607+0000] {logging_mixin.py:188} INFO - [2026-01-10T23:50:00.606+0000] {dagbag.py:538} INFO - Filling up the DagBag from /opt/airflow/dags/dag_streamflow.py
[2026-01-10T23:50:00.664+0000] {processor.py:840} INFO - DAG(s) 'streamflow_main' retrieved from /opt/airflow/dags/dag_streamflow.py
[2026-01-10T23:50:01.258+0000] {logging_mixin.py:188} INFO - [2026-01-10T23:50:01.257+0000] {dag.py:3036} INFO - Sync 1 DAGs
[2026-01-10T23:50:01.375+0000] {logging_mixin.py:188} INFO - [2026-01-10T23:50:01.374+0000] {dag.py:3823} INFO - Setting next_dagrun for streamflow_main to None, run_after=None
[2026-01-10T23:50:01.541+0000] {processor.py:183} INFO - Processing /opt/airflow/dags/dag_streamflow.py took 0.951 seconds
[2026-01-10T23:50:32.308+0000] {processor.py:161} INFO - Started process (PID=239) to work on /opt/airflow/dags/dag_streamflow.py
[2026-01-10T23:50:32.313+0000] {processor.py:830} INFO - Processing file /opt/airflow/dags/dag_streamflow.py for tasks to queue
[2026-01-10T23:50:32.315+0000] {logging_mixin.py:188} INFO - [2026-01-10T23:50:32.315+0000] {dagbag.py:538} INFO - Filling up the DagBag from /opt/airflow/dags/dag_streamflow.py
[2026-01-10T23:50:32.335+0000] {processor.py:840} INFO - DAG(s) 'streamflow_main' retrieved from /opt/airflow/dags/dag_streamflow.py
[2026-01-10T23:50:32.392+0000] {logging_mixin.py:188} INFO - [2026-01-10T23:50:32.391+0000] {dag.py:3036} INFO - Sync 1 DAGs
[2026-01-10T23:50:32.412+0000] {logging_mixin.py:188} INFO - [2026-01-10T23:50:32.412+0000] {dag.py:3823} INFO - Setting next_dagrun for streamflow_main to None, run_after=None
[2026-01-10T23:50:32.448+0000] {processor.py:183} INFO - Processing /opt/airflow/dags/dag_streamflow.py took 0.146 seconds
[2026-01-10T23:51:03.121+0000] {processor.py:161} INFO - Started process (PID=252) to work on /opt/airflow/dags/dag_streamflow.py
[2026-01-10T23:51:03.124+0000] {processor.py:830} INFO - Processing file /opt/airflow/dags/dag_streamflow.py for tasks to queue
[2026-01-10T23:51:03.144+0000] {logging_mixin.py:188} INFO - [2026-01-10T23:51:03.134+0000] {dagbag.py:538} INFO - Filling up the DagBag from /opt/airflow/dags/dag_streamflow.py
[2026-01-10T23:51:03.222+0000] {processor.py:840} INFO - DAG(s) 'streamflow_main' retrieved from /opt/airflow/dags/dag_streamflow.py
[2026-01-10T23:51:03.344+0000] {logging_mixin.py:188} INFO - [2026-01-10T23:51:03.341+0000] {dag.py:3036} INFO - Sync 1 DAGs
[2026-01-10T23:51:03.417+0000] {logging_mixin.py:188} INFO - [2026-01-10T23:51:03.416+0000] {dag.py:3823} INFO - Setting next_dagrun for streamflow_main to None, run_after=None
[2026-01-10T23:51:03.468+0000] {processor.py:183} INFO - Processing /opt/airflow/dags/dag_streamflow.py took 0.365 seconds
[2026-01-10T23:51:33.648+0000] {processor.py:161} INFO - Started process (PID=264) to work on /opt/airflow/dags/dag_streamflow.py
[2026-01-10T23:51:33.650+0000] {processor.py:830} INFO - Processing file /opt/airflow/dags/dag_streamflow.py for tasks to queue
[2026-01-10T23:51:33.662+0000] {logging_mixin.py:188} INFO - [2026-01-10T23:51:33.661+0000] {dagbag.py:538} INFO - Filling up the DagBag from /opt/airflow/dags/dag_streamflow.py
[2026-01-10T23:51:33.760+0000] {processor.py:840} INFO - DAG(s) 'streamflow_main' retrieved from /opt/airflow/dags/dag_streamflow.py
[2026-01-10T23:51:33.869+0000] {logging_mixin.py:188} INFO - [2026-01-10T23:51:33.867+0000] {dag.py:3036} INFO - Sync 1 DAGs
[2026-01-10T23:51:33.911+0000] {logging_mixin.py:188} INFO - [2026-01-10T23:51:33.911+0000] {dag.py:3823} INFO - Setting next_dagrun for streamflow_main to None, run_after=None
[2026-01-10T23:51:33.964+0000] {processor.py:183} INFO - Processing /opt/airflow/dags/dag_streamflow.py took 0.324 seconds
[2026-01-10T23:52:05.028+0000] {processor.py:161} INFO - Started process (PID=276) to work on /opt/airflow/dags/dag_streamflow.py
[2026-01-10T23:52:05.033+0000] {processor.py:830} INFO - Processing file /opt/airflow/dags/dag_streamflow.py for tasks to queue
[2026-01-10T23:52:05.038+0000] {logging_mixin.py:188} INFO - [2026-01-10T23:52:05.037+0000] {dagbag.py:538} INFO - Filling up the DagBag from /opt/airflow/dags/dag_streamflow.py
[2026-01-10T23:52:05.074+0000] {processor.py:840} INFO - DAG(s) 'streamflow_main' retrieved from /opt/airflow/dags/dag_streamflow.py
[2026-01-10T23:52:05.160+0000] {logging_mixin.py:188} INFO - [2026-01-10T23:52:05.159+0000] {dag.py:3036} INFO - Sync 1 DAGs
[2026-01-10T23:52:05.205+0000] {logging_mixin.py:188} INFO - [2026-01-10T23:52:05.203+0000] {dag.py:3823} INFO - Setting next_dagrun for streamflow_main to None, run_after=None
[2026-01-10T23:52:05.354+0000] {processor.py:183} INFO - Processing /opt/airflow/dags/dag_streamflow.py took 0.391 seconds
[2026-01-10T23:52:35.698+0000] {processor.py:161} INFO - Started process (PID=289) to work on /opt/airflow/dags/dag_streamflow.py
[2026-01-10T23:52:35.700+0000] {processor.py:830} INFO - Processing file /opt/airflow/dags/dag_streamflow.py for tasks to queue
[2026-01-10T23:52:35.702+0000] {logging_mixin.py:188} INFO - [2026-01-10T23:52:35.702+0000] {dagbag.py:538} INFO - Filling up the DagBag from /opt/airflow/dags/dag_streamflow.py
[2026-01-10T23:52:35.720+0000] {processor.py:840} INFO - DAG(s) 'streamflow_main' retrieved from /opt/airflow/dags/dag_streamflow.py
[2026-01-10T23:52:35.762+0000] {logging_mixin.py:188} INFO - [2026-01-10T23:52:35.762+0000] {dag.py:3036} INFO - Sync 1 DAGs
[2026-01-10T23:52:35.786+0000] {logging_mixin.py:188} INFO - [2026-01-10T23:52:35.786+0000] {dag.py:3823} INFO - Setting next_dagrun for streamflow_main to None, run_after=None
[2026-01-10T23:52:35.827+0000] {processor.py:183} INFO - Processing /opt/airflow/dags/dag_streamflow.py took 0.135 seconds
[2026-01-10T23:53:06.319+0000] {processor.py:161} INFO - Started process (PID=301) to work on /opt/airflow/dags/dag_streamflow.py
[2026-01-10T23:53:06.321+0000] {processor.py:830} INFO - Processing file /opt/airflow/dags/dag_streamflow.py for tasks to queue
[2026-01-10T23:53:06.323+0000] {logging_mixin.py:188} INFO - [2026-01-10T23:53:06.322+0000] {dagbag.py:538} INFO - Filling up the DagBag from /opt/airflow/dags/dag_streamflow.py
[2026-01-10T23:53:06.341+0000] {processor.py:840} INFO - DAG(s) 'streamflow_main' retrieved from /opt/airflow/dags/dag_streamflow.py
[2026-01-10T23:53:06.389+0000] {logging_mixin.py:188} INFO - [2026-01-10T23:53:06.389+0000] {dag.py:3036} INFO - Sync 1 DAGs
[2026-01-10T23:53:06.419+0000] {logging_mixin.py:188} INFO - [2026-01-10T23:53:06.418+0000] {dag.py:3823} INFO - Setting next_dagrun for streamflow_main to None, run_after=None
[2026-01-10T23:53:06.455+0000] {processor.py:183} INFO - Processing /opt/airflow/dags/dag_streamflow.py took 0.143 seconds
[2026-01-10T23:53:36.573+0000] {processor.py:161} INFO - Started process (PID=313) to work on /opt/airflow/dags/dag_streamflow.py
[2026-01-10T23:53:36.575+0000] {processor.py:830} INFO - Processing file /opt/airflow/dags/dag_streamflow.py for tasks to queue
[2026-01-10T23:53:36.577+0000] {logging_mixin.py:188} INFO - [2026-01-10T23:53:36.577+0000] {dagbag.py:538} INFO - Filling up the DagBag from /opt/airflow/dags/dag_streamflow.py
[2026-01-10T23:53:36.611+0000] {processor.py:840} INFO - DAG(s) 'streamflow_main' retrieved from /opt/airflow/dags/dag_streamflow.py
[2026-01-10T23:53:36.676+0000] {logging_mixin.py:188} INFO - [2026-01-10T23:53:36.676+0000] {dag.py:3036} INFO - Sync 1 DAGs
[2026-01-10T23:53:36.723+0000] {logging_mixin.py:188} INFO - [2026-01-10T23:53:36.722+0000] {dag.py:3823} INFO - Setting next_dagrun for streamflow_main to None, run_after=None
[2026-01-10T23:53:36.852+0000] {processor.py:183} INFO - Processing /opt/airflow/dags/dag_streamflow.py took 0.297 seconds
[2026-01-10T23:54:07.054+0000] {processor.py:161} INFO - Started process (PID=325) to work on /opt/airflow/dags/dag_streamflow.py
[2026-01-10T23:54:07.056+0000] {processor.py:830} INFO - Processing file /opt/airflow/dags/dag_streamflow.py for tasks to queue
[2026-01-10T23:54:07.058+0000] {logging_mixin.py:188} INFO - [2026-01-10T23:54:07.058+0000] {dagbag.py:538} INFO - Filling up the DagBag from /opt/airflow/dags/dag_streamflow.py
[2026-01-10T23:54:07.082+0000] {processor.py:840} INFO - DAG(s) 'streamflow_main' retrieved from /opt/airflow/dags/dag_streamflow.py
[2026-01-10T23:54:07.121+0000] {logging_mixin.py:188} INFO - [2026-01-10T23:54:07.120+0000] {dag.py:3036} INFO - Sync 1 DAGs
[2026-01-10T23:54:07.140+0000] {logging_mixin.py:188} INFO - [2026-01-10T23:54:07.140+0000] {dag.py:3823} INFO - Setting next_dagrun for streamflow_main to None, run_after=None
[2026-01-10T23:54:07.176+0000] {processor.py:183} INFO - Processing /opt/airflow/dags/dag_streamflow.py took 0.128 seconds
[2026-01-10T23:54:37.481+0000] {processor.py:161} INFO - Started process (PID=337) to work on /opt/airflow/dags/dag_streamflow.py
[2026-01-10T23:54:37.483+0000] {processor.py:830} INFO - Processing file /opt/airflow/dags/dag_streamflow.py for tasks to queue
[2026-01-10T23:54:37.485+0000] {logging_mixin.py:188} INFO - [2026-01-10T23:54:37.484+0000] {dagbag.py:538} INFO - Filling up the DagBag from /opt/airflow/dags/dag_streamflow.py
[2026-01-10T23:54:37.506+0000] {processor.py:840} INFO - DAG(s) 'streamflow_main' retrieved from /opt/airflow/dags/dag_streamflow.py
[2026-01-10T23:54:37.555+0000] {logging_mixin.py:188} INFO - [2026-01-10T23:54:37.554+0000] {dag.py:3036} INFO - Sync 1 DAGs
[2026-01-10T23:54:37.589+0000] {logging_mixin.py:188} INFO - [2026-01-10T23:54:37.588+0000] {dag.py:3823} INFO - Setting next_dagrun for streamflow_main to None, run_after=None
[2026-01-10T23:54:37.645+0000] {processor.py:183} INFO - Processing /opt/airflow/dags/dag_streamflow.py took 0.169 seconds
[2026-01-10T23:55:07.968+0000] {processor.py:161} INFO - Started process (PID=349) to work on /opt/airflow/dags/dag_streamflow.py
[2026-01-10T23:55:07.970+0000] {processor.py:830} INFO - Processing file /opt/airflow/dags/dag_streamflow.py for tasks to queue
[2026-01-10T23:55:07.972+0000] {logging_mixin.py:188} INFO - [2026-01-10T23:55:07.971+0000] {dagbag.py:538} INFO - Filling up the DagBag from /opt/airflow/dags/dag_streamflow.py
[2026-01-10T23:55:07.989+0000] {processor.py:840} INFO - DAG(s) 'streamflow_main' retrieved from /opt/airflow/dags/dag_streamflow.py
[2026-01-10T23:55:08.031+0000] {logging_mixin.py:188} INFO - [2026-01-10T23:55:08.030+0000] {dag.py:3036} INFO - Sync 1 DAGs
[2026-01-10T23:55:08.051+0000] {logging_mixin.py:188} INFO - [2026-01-10T23:55:08.051+0000] {dag.py:3823} INFO - Setting next_dagrun for streamflow_main to None, run_after=None
[2026-01-10T23:55:08.089+0000] {processor.py:183} INFO - Processing /opt/airflow/dags/dag_streamflow.py took 0.126 seconds
[2026-01-10T23:55:38.515+0000] {processor.py:161} INFO - Started process (PID=361) to work on /opt/airflow/dags/dag_streamflow.py
[2026-01-10T23:55:38.517+0000] {processor.py:830} INFO - Processing file /opt/airflow/dags/dag_streamflow.py for tasks to queue
[2026-01-10T23:55:38.518+0000] {logging_mixin.py:188} INFO - [2026-01-10T23:55:38.518+0000] {dagbag.py:538} INFO - Filling up the DagBag from /opt/airflow/dags/dag_streamflow.py
[2026-01-10T23:55:38.535+0000] {processor.py:840} INFO - DAG(s) 'streamflow_main' retrieved from /opt/airflow/dags/dag_streamflow.py
[2026-01-10T23:55:38.572+0000] {logging_mixin.py:188} INFO - [2026-01-10T23:55:38.572+0000] {dag.py:3036} INFO - Sync 1 DAGs
[2026-01-10T23:55:38.593+0000] {logging_mixin.py:188} INFO - [2026-01-10T23:55:38.593+0000] {dag.py:3823} INFO - Setting next_dagrun for streamflow_main to None, run_after=None
[2026-01-10T23:55:38.682+0000] {processor.py:183} INFO - Processing /opt/airflow/dags/dag_streamflow.py took 0.173 seconds
[2026-01-10T23:56:08.883+0000] {processor.py:161} INFO - Started process (PID=372) to work on /opt/airflow/dags/dag_streamflow.py
[2026-01-10T23:56:08.885+0000] {processor.py:830} INFO - Processing file /opt/airflow/dags/dag_streamflow.py for tasks to queue
[2026-01-10T23:56:08.886+0000] {logging_mixin.py:188} INFO - [2026-01-10T23:56:08.886+0000] {dagbag.py:538} INFO - Filling up the DagBag from /opt/airflow/dags/dag_streamflow.py
[2026-01-10T23:56:08.904+0000] {processor.py:840} INFO - DAG(s) 'streamflow_main' retrieved from /opt/airflow/dags/dag_streamflow.py
[2026-01-10T23:56:08.943+0000] {logging_mixin.py:188} INFO - [2026-01-10T23:56:08.942+0000] {dag.py:3036} INFO - Sync 1 DAGs
[2026-01-10T23:56:08.967+0000] {logging_mixin.py:188} INFO - [2026-01-10T23:56:08.967+0000] {dag.py:3823} INFO - Setting next_dagrun for streamflow_main to None, run_after=None
[2026-01-10T23:56:09.007+0000] {processor.py:183} INFO - Processing /opt/airflow/dags/dag_streamflow.py took 0.131 seconds
[2026-01-10T23:56:39.327+0000] {processor.py:161} INFO - Started process (PID=384) to work on /opt/airflow/dags/dag_streamflow.py
[2026-01-10T23:56:39.333+0000] {processor.py:830} INFO - Processing file /opt/airflow/dags/dag_streamflow.py for tasks to queue
[2026-01-10T23:56:39.336+0000] {logging_mixin.py:188} INFO - [2026-01-10T23:56:39.335+0000] {dagbag.py:538} INFO - Filling up the DagBag from /opt/airflow/dags/dag_streamflow.py
[2026-01-10T23:56:39.369+0000] {processor.py:840} INFO - DAG(s) 'streamflow_main' retrieved from /opt/airflow/dags/dag_streamflow.py
[2026-01-10T23:56:39.434+0000] {logging_mixin.py:188} INFO - [2026-01-10T23:56:39.433+0000] {dag.py:3036} INFO - Sync 1 DAGs
[2026-01-10T23:56:39.486+0000] {logging_mixin.py:188} INFO - [2026-01-10T23:56:39.486+0000] {dag.py:3823} INFO - Setting next_dagrun for streamflow_main to None, run_after=None
[2026-01-10T23:56:39.587+0000] {processor.py:183} INFO - Processing /opt/airflow/dags/dag_streamflow.py took 0.272 seconds
[2026-01-10T23:57:10.039+0000] {processor.py:161} INFO - Started process (PID=396) to work on /opt/airflow/dags/dag_streamflow.py
[2026-01-10T23:57:10.041+0000] {processor.py:830} INFO - Processing file /opt/airflow/dags/dag_streamflow.py for tasks to queue
[2026-01-10T23:57:10.043+0000] {logging_mixin.py:188} INFO - [2026-01-10T23:57:10.042+0000] {dagbag.py:538} INFO - Filling up the DagBag from /opt/airflow/dags/dag_streamflow.py
[2026-01-10T23:57:10.060+0000] {processor.py:840} INFO - DAG(s) 'streamflow_main' retrieved from /opt/airflow/dags/dag_streamflow.py
[2026-01-10T23:57:10.133+0000] {logging_mixin.py:188} INFO - [2026-01-10T23:57:10.133+0000] {dag.py:3036} INFO - Sync 1 DAGs
[2026-01-10T23:57:10.167+0000] {logging_mixin.py:188} INFO - [2026-01-10T23:57:10.166+0000] {dag.py:3823} INFO - Setting next_dagrun for streamflow_main to None, run_after=None
[2026-01-10T23:57:10.210+0000] {processor.py:183} INFO - Processing /opt/airflow/dags/dag_streamflow.py took 0.177 seconds
[2026-01-10T23:57:40.374+0000] {processor.py:161} INFO - Started process (PID=408) to work on /opt/airflow/dags/dag_streamflow.py
[2026-01-10T23:57:40.376+0000] {processor.py:830} INFO - Processing file /opt/airflow/dags/dag_streamflow.py for tasks to queue
[2026-01-10T23:57:40.378+0000] {logging_mixin.py:188} INFO - [2026-01-10T23:57:40.377+0000] {dagbag.py:538} INFO - Filling up the DagBag from /opt/airflow/dags/dag_streamflow.py
[2026-01-10T23:57:40.395+0000] {processor.py:840} INFO - DAG(s) 'streamflow_main' retrieved from /opt/airflow/dags/dag_streamflow.py
[2026-01-10T23:57:40.477+0000] {logging_mixin.py:188} INFO - [2026-01-10T23:57:40.476+0000] {dag.py:3036} INFO - Sync 1 DAGs
[2026-01-10T23:57:40.502+0000] {logging_mixin.py:188} INFO - [2026-01-10T23:57:40.502+0000] {dag.py:3823} INFO - Setting next_dagrun for streamflow_main to None, run_after=None
[2026-01-10T23:57:40.538+0000] {processor.py:183} INFO - Processing /opt/airflow/dags/dag_streamflow.py took 0.170 seconds
[2026-01-10T23:58:10.820+0000] {processor.py:161} INFO - Started process (PID=420) to work on /opt/airflow/dags/dag_streamflow.py
[2026-01-10T23:58:10.823+0000] {processor.py:830} INFO - Processing file /opt/airflow/dags/dag_streamflow.py for tasks to queue
[2026-01-10T23:58:10.825+0000] {logging_mixin.py:188} INFO - [2026-01-10T23:58:10.825+0000] {dagbag.py:538} INFO - Filling up the DagBag from /opt/airflow/dags/dag_streamflow.py
[2026-01-10T23:58:10.843+0000] {processor.py:840} INFO - DAG(s) 'streamflow_main' retrieved from /opt/airflow/dags/dag_streamflow.py
[2026-01-10T23:58:10.879+0000] {logging_mixin.py:188} INFO - [2026-01-10T23:58:10.879+0000] {dag.py:3036} INFO - Sync 1 DAGs
[2026-01-10T23:58:10.901+0000] {logging_mixin.py:188} INFO - [2026-01-10T23:58:10.901+0000] {dag.py:3823} INFO - Setting next_dagrun for streamflow_main to None, run_after=None
[2026-01-10T23:58:10.937+0000] {processor.py:183} INFO - Processing /opt/airflow/dags/dag_streamflow.py took 0.123 seconds
[2026-01-10T23:58:41.370+0000] {processor.py:161} INFO - Started process (PID=432) to work on /opt/airflow/dags/dag_streamflow.py
[2026-01-10T23:58:41.372+0000] {processor.py:830} INFO - Processing file /opt/airflow/dags/dag_streamflow.py for tasks to queue
[2026-01-10T23:58:41.373+0000] {logging_mixin.py:188} INFO - [2026-01-10T23:58:41.373+0000] {dagbag.py:538} INFO - Filling up the DagBag from /opt/airflow/dags/dag_streamflow.py
[2026-01-10T23:58:41.396+0000] {processor.py:840} INFO - DAG(s) 'streamflow_main' retrieved from /opt/airflow/dags/dag_streamflow.py
[2026-01-10T23:58:41.434+0000] {logging_mixin.py:188} INFO - [2026-01-10T23:58:41.433+0000] {dag.py:3036} INFO - Sync 1 DAGs
[2026-01-10T23:58:41.461+0000] {logging_mixin.py:188} INFO - [2026-01-10T23:58:41.461+0000] {dag.py:3823} INFO - Setting next_dagrun for streamflow_main to None, run_after=None
[2026-01-10T23:58:41.498+0000] {processor.py:183} INFO - Processing /opt/airflow/dags/dag_streamflow.py took 0.133 seconds
[2026-01-10T23:59:11.639+0000] {processor.py:161} INFO - Started process (PID=444) to work on /opt/airflow/dags/dag_streamflow.py
[2026-01-10T23:59:11.641+0000] {processor.py:830} INFO - Processing file /opt/airflow/dags/dag_streamflow.py for tasks to queue
[2026-01-10T23:59:11.644+0000] {logging_mixin.py:188} INFO - [2026-01-10T23:59:11.643+0000] {dagbag.py:538} INFO - Filling up the DagBag from /opt/airflow/dags/dag_streamflow.py
[2026-01-10T23:59:11.666+0000] {processor.py:840} INFO - DAG(s) 'streamflow_main' retrieved from /opt/airflow/dags/dag_streamflow.py
[2026-01-10T23:59:11.725+0000] {logging_mixin.py:188} INFO - [2026-01-10T23:59:11.725+0000] {dag.py:3036} INFO - Sync 1 DAGs
[2026-01-10T23:59:11.755+0000] {logging_mixin.py:188} INFO - [2026-01-10T23:59:11.754+0000] {dag.py:3823} INFO - Setting next_dagrun for streamflow_main to None, run_after=None
[2026-01-10T23:59:11.801+0000] {processor.py:183} INFO - Processing /opt/airflow/dags/dag_streamflow.py took 0.168 seconds
[2026-01-10T23:59:42.107+0000] {processor.py:161} INFO - Started process (PID=456) to work on /opt/airflow/dags/dag_streamflow.py
[2026-01-10T23:59:42.109+0000] {processor.py:830} INFO - Processing file /opt/airflow/dags/dag_streamflow.py for tasks to queue
[2026-01-10T23:59:42.111+0000] {logging_mixin.py:188} INFO - [2026-01-10T23:59:42.111+0000] {dagbag.py:538} INFO - Filling up the DagBag from /opt/airflow/dags/dag_streamflow.py
[2026-01-10T23:59:42.152+0000] {processor.py:840} INFO - DAG(s) 'streamflow_main' retrieved from /opt/airflow/dags/dag_streamflow.py
[2026-01-10T23:59:42.199+0000] {logging_mixin.py:188} INFO - [2026-01-10T23:59:42.199+0000] {dag.py:3036} INFO - Sync 1 DAGs
[2026-01-10T23:59:42.224+0000] {logging_mixin.py:188} INFO - [2026-01-10T23:59:42.224+0000] {dag.py:3823} INFO - Setting next_dagrun for streamflow_main to None, run_after=None
[2026-01-10T23:59:42.260+0000] {processor.py:183} INFO - Processing /opt/airflow/dags/dag_streamflow.py took 0.160 seconds
