[2026-01-13T07:51:11.589+0000] {taskinstance.py:1956} INFO - Dependencies all met for dep_context=non-requeueable deps ti=<TaskInstance: streamflow_main.spark_etl scheduled__2026-01-12T00:00:00+00:00 [queued]>
[2026-01-13T07:51:11.630+0000] {taskinstance.py:1956} INFO - Dependencies all met for dep_context=requeueable deps ti=<TaskInstance: streamflow_main.spark_etl scheduled__2026-01-12T00:00:00+00:00 [queued]>
[2026-01-13T07:51:11.631+0000] {taskinstance.py:2170} INFO - Starting attempt 1 of 2
[2026-01-13T07:51:11.695+0000] {taskinstance.py:2191} INFO - Executing <Task(BashOperator): spark_etl> on 2026-01-12 00:00:00+00:00
[2026-01-13T07:51:11.717+0000] {standard_task_runner.py:60} INFO - Started process 317 to run task
[2026-01-13T07:51:11.731+0000] {standard_task_runner.py:87} INFO - Running: ['***', 'tasks', 'run', 'streamflow_main', 'spark_etl', 'scheduled__2026-01-12T00:00:00+00:00', '--job-id', '5', '--raw', '--subdir', 'DAGS_FOLDER/dag_streamflow.py', '--cfg-path', '/tmp/tmpcpua4opp']
[2026-01-13T07:51:11.736+0000] {standard_task_runner.py:88} INFO - Job 5: Subtask spark_etl
[2026-01-13T07:51:11.936+0000] {task_command.py:423} INFO - Running <TaskInstance: streamflow_main.spark_etl scheduled__2026-01-12T00:00:00+00:00 [running]> on host 7e67da143af4
[2026-01-13T07:51:13.054+0000] {taskinstance.py:2480} INFO - Exporting env vars: AIRFLOW_CTX_DAG_OWNER='student' AIRFLOW_CTX_DAG_ID='streamflow_main' AIRFLOW_CTX_TASK_ID='spark_etl' AIRFLOW_CTX_EXECUTION_DATE='2026-01-12T00:00:00+00:00' AIRFLOW_CTX_TRY_NUMBER='1' AIRFLOW_CTX_DAG_RUN_ID='scheduled__2026-01-12T00:00:00+00:00'
[2026-01-13T07:51:13.057+0000] {subprocess.py:63} INFO - Tmp dir root location: /tmp
[2026-01-13T07:51:13.061+0000] {subprocess.py:75} INFO - Running command: ['/usr/bin/bash', '-c', '\n        spark-submit         --master spark://spark-master:7077         /opt/spark-jobs/etl_job.py         --input_path /opt/spark-data/landing/2026-01-12         --output_path /opt/spark-data/gold/2026-01-12\n        ']
[2026-01-13T07:51:13.102+0000] {subprocess.py:86} INFO - Output:
[2026-01-13T07:51:13.187+0000] {subprocess.py:93} INFO - /opt/spark/bin/load-spark-env.sh: line 68: ps: command not found
[2026-01-13T07:51:31.085+0000] {subprocess.py:93} INFO - 26/01/13 07:51:31 INFO SparkContext: Running Spark version 3.5.0
[2026-01-13T07:51:31.098+0000] {subprocess.py:93} INFO - 26/01/13 07:51:31 INFO SparkContext: OS info Linux, 6.10.14-linuxkit, amd64
[2026-01-13T07:51:31.107+0000] {subprocess.py:93} INFO - 26/01/13 07:51:31 INFO SparkContext: Java version 17.0.17
[2026-01-13T07:51:31.620+0000] {subprocess.py:93} INFO - 26/01/13 07:51:31 WARN NativeCodeLoader: Unable to load native-hadoop library for your platform... using builtin-java classes where applicable
[2026-01-13T07:51:33.052+0000] {subprocess.py:93} INFO - 26/01/13 07:51:33 INFO ResourceUtils: ==============================================================
[2026-01-13T07:51:33.056+0000] {subprocess.py:93} INFO - 26/01/13 07:51:33 INFO ResourceUtils: No custom resources configured for spark.driver.
[2026-01-13T07:51:33.058+0000] {subprocess.py:93} INFO - 26/01/13 07:51:33 INFO ResourceUtils: ==============================================================
[2026-01-13T07:51:33.065+0000] {subprocess.py:93} INFO - 26/01/13 07:51:33 INFO SparkContext: Submitted application: StreamFlow_Enrichment_Job
[2026-01-13T07:51:33.173+0000] {subprocess.py:93} INFO - 26/01/13 07:51:33 INFO ResourceProfile: Default ResourceProfile created, executor resources: Map(memory -> name: memory, amount: 1024, script: , vendor: , offHeap -> name: offHeap, amount: 0, script: , vendor: ), task resources: Map(cpus -> name: cpus, amount: 1.0)
[2026-01-13T07:51:33.369+0000] {subprocess.py:93} INFO - 26/01/13 07:51:33 INFO ResourceProfile: Limiting resource is cpu
[2026-01-13T07:51:33.370+0000] {subprocess.py:93} INFO - 26/01/13 07:51:33 INFO ResourceProfileManager: Added ResourceProfile id: 0
[2026-01-13T07:51:33.880+0000] {subprocess.py:93} INFO - 26/01/13 07:51:33 INFO SecurityManager: Changing view acls to: root
[2026-01-13T07:51:33.883+0000] {subprocess.py:93} INFO - 26/01/13 07:51:33 INFO SecurityManager: Changing modify acls to: root
[2026-01-13T07:51:33.897+0000] {subprocess.py:93} INFO - 26/01/13 07:51:33 INFO SecurityManager: Changing view acls groups to:
[2026-01-13T07:51:33.898+0000] {subprocess.py:93} INFO - 26/01/13 07:51:33 INFO SecurityManager: Changing modify acls groups to:
[2026-01-13T07:51:33.900+0000] {subprocess.py:93} INFO - 26/01/13 07:51:33 INFO SecurityManager: SecurityManager: authentication disabled; ui acls disabled; users with view permissions: root; groups with view permissions: EMPTY; users with modify permissions: root; groups with modify permissions: EMPTY
[2026-01-13T07:51:35.527+0000] {subprocess.py:93} INFO - 26/01/13 07:51:35 INFO Utils: Successfully started service 'sparkDriver' on port 37841.
[2026-01-13T07:51:35.830+0000] {subprocess.py:93} INFO - 26/01/13 07:51:35 INFO SparkEnv: Registering MapOutputTracker
[2026-01-13T07:51:35.993+0000] {subprocess.py:93} INFO - 26/01/13 07:51:35 INFO SparkEnv: Registering BlockManagerMaster
[2026-01-13T07:51:36.121+0000] {subprocess.py:93} INFO - 26/01/13 07:51:36 INFO BlockManagerMasterEndpoint: Using org.apache.spark.storage.DefaultTopologyMapper for getting topology information
[2026-01-13T07:51:36.125+0000] {subprocess.py:93} INFO - 26/01/13 07:51:36 INFO BlockManagerMasterEndpoint: BlockManagerMasterEndpoint up
[2026-01-13T07:51:36.146+0000] {subprocess.py:93} INFO - 26/01/13 07:51:36 INFO SparkEnv: Registering BlockManagerMasterHeartbeat
[2026-01-13T07:51:36.300+0000] {subprocess.py:93} INFO - 26/01/13 07:51:36 INFO DiskBlockManager: Created local directory at /tmp/blockmgr-de861941-9464-4a41-aefc-1f024da8810b
[2026-01-13T07:51:36.419+0000] {subprocess.py:93} INFO - 26/01/13 07:51:36 INFO MemoryStore: MemoryStore started with capacity 434.4 MiB
[2026-01-13T07:51:36.488+0000] {subprocess.py:93} INFO - 26/01/13 07:51:36 INFO SparkEnv: Registering OutputCommitCoordinator
[2026-01-13T07:51:37.798+0000] {subprocess.py:93} INFO - 26/01/13 07:51:37 INFO JettyUtils: Start Jetty 0.0.0.0:4040 for SparkUI
[2026-01-13T07:51:38.122+0000] {subprocess.py:93} INFO - 26/01/13 07:51:38 WARN Utils: Service 'SparkUI' could not bind on port 4040. Attempting port 4041.
[2026-01-13T07:51:38.151+0000] {subprocess.py:93} INFO - 26/01/13 07:51:38 INFO Utils: Successfully started service 'SparkUI' on port 4041.
[2026-01-13T07:51:41.228+0000] {subprocess.py:93} INFO - 26/01/13 07:51:41 INFO StandaloneAppClient$ClientEndpoint: Connecting to master spark://spark-master:7077...
[2026-01-13T07:51:41.446+0000] {subprocess.py:93} INFO - 26/01/13 07:51:41 INFO TransportClientFactory: Successfully created connection to spark-master/172.18.0.4:7077 after 108 ms (0 ms spent in bootstraps)
[2026-01-13T07:51:49.440+0000] {subprocess.py:93} INFO - 26/01/13 07:51:49 INFO StandaloneSchedulerBackend: Connected to Spark cluster with app ID app-20260113075149-0001
[2026-01-13T07:51:49.560+0000] {subprocess.py:93} INFO - 26/01/13 07:51:49 INFO Utils: Successfully started service 'org.apache.spark.network.netty.NettyBlockTransferService' on port 34469.
[2026-01-13T07:51:49.578+0000] {subprocess.py:93} INFO - 26/01/13 07:51:49 INFO NettyBlockTransferService: Server created on 7e67da143af4:34469
[2026-01-13T07:51:49.593+0000] {subprocess.py:93} INFO - 26/01/13 07:51:49 INFO BlockManager: Using org.apache.spark.storage.RandomBlockReplicationPolicy for block replication policy
[2026-01-13T07:51:49.658+0000] {subprocess.py:93} INFO - 26/01/13 07:51:49 INFO BlockManagerMaster: Registering BlockManager BlockManagerId(driver, 7e67da143af4, 34469, None)
[2026-01-13T07:51:49.697+0000] {subprocess.py:93} INFO - 26/01/13 07:51:49 INFO BlockManagerMasterEndpoint: Registering block manager 7e67da143af4:34469 with 434.4 MiB RAM, BlockManagerId(driver, 7e67da143af4, 34469, None)
[2026-01-13T07:51:49.703+0000] {subprocess.py:93} INFO - 26/01/13 07:51:49 INFO BlockManagerMaster: Registered BlockManager BlockManagerId(driver, 7e67da143af4, 34469, None)
[2026-01-13T07:51:49.710+0000] {subprocess.py:93} INFO - 26/01/13 07:51:49 INFO BlockManager: Initialized BlockManager: BlockManagerId(driver, 7e67da143af4, 34469, None)
[2026-01-13T07:51:51.492+0000] {subprocess.py:93} INFO - 26/01/13 07:51:51 INFO StandaloneSchedulerBackend: SchedulerBackend is ready for scheduling beginning after reached minRegisteredResourcesRatio: 0.0
[2026-01-13T07:52:42.132+0000] {subprocess.py:93} INFO - 26/01/13 07:52:42 WARN TaskSchedulerImpl: Initial job has not accepted any resources; check your cluster UI to ensure that workers are registered and have sufficient resources
[2026-01-13T07:52:57.131+0000] {subprocess.py:93} INFO - 26/01/13 07:52:57 WARN TaskSchedulerImpl: Initial job has not accepted any resources; check your cluster UI to ensure that workers are registered and have sufficient resources
[2026-01-13T07:53:12.145+0000] {subprocess.py:93} INFO - 26/01/13 07:53:12 WARN TaskSchedulerImpl: Initial job has not accepted any resources; check your cluster UI to ensure that workers are registered and have sufficient resources
[2026-01-13T07:53:27.131+0000] {subprocess.py:93} INFO - 26/01/13 07:53:27 WARN TaskSchedulerImpl: Initial job has not accepted any resources; check your cluster UI to ensure that workers are registered and have sufficient resources
[2026-01-13T07:53:43.606+0000] {subprocess.py:93} INFO - DEBUG: User Schema
[2026-01-13T07:53:43.699+0000] {subprocess.py:93} INFO - root
[2026-01-13T07:53:43.701+0000] {subprocess.py:93} INFO -  |-- browser: string (nullable = true)
[2026-01-13T07:53:43.702+0000] {subprocess.py:93} INFO -  |-- city: string (nullable = true)
[2026-01-13T07:53:43.703+0000] {subprocess.py:93} INFO -  |-- country: string (nullable = true)
[2026-01-13T07:53:43.704+0000] {subprocess.py:93} INFO -  |-- device: string (nullable = true)
[2026-01-13T07:53:43.705+0000] {subprocess.py:93} INFO -  |-- element_id: string (nullable = true)
[2026-01-13T07:53:43.706+0000] {subprocess.py:93} INFO -  |-- event_id: string (nullable = true)
[2026-01-13T07:53:43.708+0000] {subprocess.py:93} INFO -  |-- event_type: string (nullable = true)
[2026-01-13T07:53:43.709+0000] {subprocess.py:93} INFO -  |-- ip_address: string (nullable = true)
[2026-01-13T07:53:43.710+0000] {subprocess.py:93} INFO -  |-- page: string (nullable = true)
[2026-01-13T07:53:43.711+0000] {subprocess.py:93} INFO -  |-- product_id: string (nullable = true)
[2026-01-13T07:53:43.712+0000] {subprocess.py:93} INFO -  |-- quantity: long (nullable = true)
[2026-01-13T07:53:43.714+0000] {subprocess.py:93} INFO -  |-- search_query: string (nullable = true)
[2026-01-13T07:53:43.716+0000] {subprocess.py:93} INFO -  |-- session_id: string (nullable = true)
[2026-01-13T07:53:43.718+0000] {subprocess.py:93} INFO -  |-- timestamp: string (nullable = true)
[2026-01-13T07:53:43.723+0000] {subprocess.py:93} INFO -  |-- user_id: string (nullable = true)
[2026-01-13T07:53:43.729+0000] {subprocess.py:93} INFO - 
[2026-01-13T07:53:43.732+0000] {subprocess.py:93} INFO - DEBUG: Transaction Schema
[2026-01-13T07:53:43.736+0000] {subprocess.py:93} INFO - root
[2026-01-13T07:53:43.738+0000] {subprocess.py:93} INFO -  |-- billing_address: struct (nullable = true)
[2026-01-13T07:53:43.739+0000] {subprocess.py:93} INFO -  |    |-- city: string (nullable = true)
[2026-01-13T07:53:43.747+0000] {subprocess.py:93} INFO -  |    |-- country: string (nullable = true)
[2026-01-13T07:53:43.752+0000] {subprocess.py:93} INFO -  |    |-- state: string (nullable = true)
[2026-01-13T07:53:43.754+0000] {subprocess.py:93} INFO -  |    |-- street: string (nullable = true)
[2026-01-13T07:53:43.755+0000] {subprocess.py:93} INFO -  |    |-- zip_code: string (nullable = true)
[2026-01-13T07:53:43.759+0000] {subprocess.py:93} INFO -  |-- currency: string (nullable = true)
[2026-01-13T07:53:43.761+0000] {subprocess.py:93} INFO -  |-- original_transaction_id: string (nullable = true)
[2026-01-13T07:53:43.762+0000] {subprocess.py:93} INFO -  |-- payment_method: string (nullable = true)
[2026-01-13T07:53:43.763+0000] {subprocess.py:93} INFO -  |-- products: array (nullable = true)
[2026-01-13T07:53:43.764+0000] {subprocess.py:93} INFO -  |    |-- element: struct (containsNull = true)
[2026-01-13T07:53:43.768+0000] {subprocess.py:93} INFO -  |    |    |-- category: string (nullable = true)
[2026-01-13T07:53:43.769+0000] {subprocess.py:93} INFO -  |    |    |-- product_id: string (nullable = true)
[2026-01-13T07:53:43.770+0000] {subprocess.py:93} INFO -  |    |    |-- product_name: string (nullable = true)
[2026-01-13T07:53:43.771+0000] {subprocess.py:93} INFO -  |    |    |-- quantity: long (nullable = true)
[2026-01-13T07:53:43.772+0000] {subprocess.py:93} INFO -  |    |    |-- unit_price: double (nullable = true)
[2026-01-13T07:53:43.775+0000] {subprocess.py:93} INFO -  |-- shipping_address: struct (nullable = true)
[2026-01-13T07:53:43.776+0000] {subprocess.py:93} INFO -  |    |-- city: string (nullable = true)
[2026-01-13T07:53:43.777+0000] {subprocess.py:93} INFO -  |    |-- country: string (nullable = true)
[2026-01-13T07:53:43.778+0000] {subprocess.py:93} INFO -  |    |-- state: string (nullable = true)
[2026-01-13T07:53:43.779+0000] {subprocess.py:93} INFO -  |    |-- street: string (nullable = true)
[2026-01-13T07:53:43.780+0000] {subprocess.py:93} INFO -  |    |-- zip_code: string (nullable = true)
[2026-01-13T07:53:43.782+0000] {subprocess.py:93} INFO -  |-- status: string (nullable = true)
[2026-01-13T07:53:43.784+0000] {subprocess.py:93} INFO -  |-- subtotal: double (nullable = true)
[2026-01-13T07:53:43.785+0000] {subprocess.py:93} INFO -  |-- tax: double (nullable = true)
[2026-01-13T07:53:43.786+0000] {subprocess.py:93} INFO -  |-- timestamp: string (nullable = true)
[2026-01-13T07:53:43.787+0000] {subprocess.py:93} INFO -  |-- total: double (nullable = true)
[2026-01-13T07:53:43.788+0000] {subprocess.py:93} INFO -  |-- transaction_id: string (nullable = true)
[2026-01-13T07:53:43.789+0000] {subprocess.py:93} INFO -  |-- transaction_type: string (nullable = true)
[2026-01-13T07:53:43.791+0000] {subprocess.py:93} INFO -  |-- user_id: string (nullable = true)
[2026-01-13T07:53:43.792+0000] {subprocess.py:93} INFO - 
[2026-01-13T07:53:59.618+0000] {subprocess.py:93} INFO - Writing to Gold Zone: /opt/spark-data/gold/2026-01-12
[2026-01-13T07:54:56.946+0000] {subprocess.py:97} INFO - Command exited with return code 0
[2026-01-13T07:54:57.752+0000] {taskinstance.py:1138} INFO - Marking task as SUCCESS. dag_id=streamflow_main, task_id=spark_etl, execution_date=20260112T000000, start_date=20260113T075111, end_date=20260113T075457
[2026-01-13T07:54:57.948+0000] {local_task_job_runner.py:234} INFO - Task exited with return code 0
[2026-01-13T07:54:58.144+0000] {taskinstance.py:3280} INFO - 1 downstream tasks scheduled from follow-on schedule check
