[2026-01-11T00:00:12.472+0000] {processor.py:161} INFO - Started process (PID=468) to work on /opt/airflow/dags/dag_streamflow.py
[2026-01-11T00:00:12.475+0000] {processor.py:830} INFO - Processing file /opt/airflow/dags/dag_streamflow.py for tasks to queue
[2026-01-11T00:00:12.480+0000] {logging_mixin.py:188} INFO - [2026-01-11T00:00:12.479+0000] {dagbag.py:538} INFO - Filling up the DagBag from /opt/airflow/dags/dag_streamflow.py
[2026-01-11T00:00:12.502+0000] {processor.py:840} INFO - DAG(s) 'streamflow_main' retrieved from /opt/airflow/dags/dag_streamflow.py
[2026-01-11T00:00:12.550+0000] {logging_mixin.py:188} INFO - [2026-01-11T00:00:12.549+0000] {dag.py:3036} INFO - Sync 1 DAGs
[2026-01-11T00:00:12.596+0000] {logging_mixin.py:188} INFO - [2026-01-11T00:00:12.595+0000] {dag.py:3823} INFO - Setting next_dagrun for streamflow_main to None, run_after=None
[2026-01-11T00:00:12.639+0000] {processor.py:183} INFO - Processing /opt/airflow/dags/dag_streamflow.py took 0.174 seconds
[2026-01-11T00:00:43.065+0000] {processor.py:161} INFO - Started process (PID=480) to work on /opt/airflow/dags/dag_streamflow.py
[2026-01-11T00:00:43.069+0000] {processor.py:830} INFO - Processing file /opt/airflow/dags/dag_streamflow.py for tasks to queue
[2026-01-11T00:00:43.071+0000] {logging_mixin.py:188} INFO - [2026-01-11T00:00:43.070+0000] {dagbag.py:538} INFO - Filling up the DagBag from /opt/airflow/dags/dag_streamflow.py
[2026-01-11T00:00:43.154+0000] {processor.py:840} INFO - DAG(s) 'streamflow_main' retrieved from /opt/airflow/dags/dag_streamflow.py
[2026-01-11T00:00:43.232+0000] {logging_mixin.py:188} INFO - [2026-01-11T00:00:43.231+0000] {dag.py:3036} INFO - Sync 1 DAGs
[2026-01-11T00:00:43.285+0000] {logging_mixin.py:188} INFO - [2026-01-11T00:00:43.285+0000] {dag.py:3823} INFO - Setting next_dagrun for streamflow_main to None, run_after=None
[2026-01-11T00:00:43.371+0000] {processor.py:183} INFO - Processing /opt/airflow/dags/dag_streamflow.py took 0.315 seconds
[2026-01-11T00:01:13.714+0000] {processor.py:161} INFO - Started process (PID=492) to work on /opt/airflow/dags/dag_streamflow.py
[2026-01-11T00:01:13.716+0000] {processor.py:830} INFO - Processing file /opt/airflow/dags/dag_streamflow.py for tasks to queue
[2026-01-11T00:01:13.721+0000] {logging_mixin.py:188} INFO - [2026-01-11T00:01:13.720+0000] {dagbag.py:538} INFO - Filling up the DagBag from /opt/airflow/dags/dag_streamflow.py
[2026-01-11T00:01:13.743+0000] {processor.py:840} INFO - DAG(s) 'streamflow_main' retrieved from /opt/airflow/dags/dag_streamflow.py
[2026-01-11T00:01:13.789+0000] {logging_mixin.py:188} INFO - [2026-01-11T00:01:13.788+0000] {dag.py:3036} INFO - Sync 1 DAGs
[2026-01-11T00:01:13.824+0000] {logging_mixin.py:188} INFO - [2026-01-11T00:01:13.824+0000] {dag.py:3823} INFO - Setting next_dagrun for streamflow_main to None, run_after=None
[2026-01-11T00:01:13.877+0000] {processor.py:183} INFO - Processing /opt/airflow/dags/dag_streamflow.py took 0.174 seconds
[2026-01-11T00:01:44.465+0000] {processor.py:161} INFO - Started process (PID=504) to work on /opt/airflow/dags/dag_streamflow.py
[2026-01-11T00:01:44.488+0000] {processor.py:830} INFO - Processing file /opt/airflow/dags/dag_streamflow.py for tasks to queue
[2026-01-11T00:01:44.523+0000] {logging_mixin.py:188} INFO - [2026-01-11T00:01:44.522+0000] {dagbag.py:538} INFO - Filling up the DagBag from /opt/airflow/dags/dag_streamflow.py
[2026-01-11T00:01:44.569+0000] {processor.py:840} INFO - DAG(s) 'streamflow_main' retrieved from /opt/airflow/dags/dag_streamflow.py
[2026-01-11T00:01:44.758+0000] {logging_mixin.py:188} INFO - [2026-01-11T00:01:44.758+0000] {dag.py:3036} INFO - Sync 1 DAGs
[2026-01-11T00:01:44.824+0000] {logging_mixin.py:188} INFO - [2026-01-11T00:01:44.824+0000] {dag.py:3823} INFO - Setting next_dagrun for streamflow_main to None, run_after=None
[2026-01-11T00:01:44.879+0000] {processor.py:183} INFO - Processing /opt/airflow/dags/dag_streamflow.py took 0.422 seconds
[2026-01-11T00:02:15.412+0000] {processor.py:161} INFO - Started process (PID=516) to work on /opt/airflow/dags/dag_streamflow.py
[2026-01-11T00:02:15.416+0000] {processor.py:830} INFO - Processing file /opt/airflow/dags/dag_streamflow.py for tasks to queue
[2026-01-11T00:02:15.419+0000] {logging_mixin.py:188} INFO - [2026-01-11T00:02:15.418+0000] {dagbag.py:538} INFO - Filling up the DagBag from /opt/airflow/dags/dag_streamflow.py
[2026-01-11T00:02:15.450+0000] {processor.py:840} INFO - DAG(s) 'streamflow_main' retrieved from /opt/airflow/dags/dag_streamflow.py
[2026-01-11T00:02:15.513+0000] {logging_mixin.py:188} INFO - [2026-01-11T00:02:15.512+0000] {dag.py:3036} INFO - Sync 1 DAGs
[2026-01-11T00:02:15.550+0000] {logging_mixin.py:188} INFO - [2026-01-11T00:02:15.550+0000] {dag.py:3823} INFO - Setting next_dagrun for streamflow_main to None, run_after=None
[2026-01-11T00:02:15.607+0000] {processor.py:183} INFO - Processing /opt/airflow/dags/dag_streamflow.py took 0.204 seconds
[2026-01-11T00:02:45.782+0000] {processor.py:161} INFO - Started process (PID=528) to work on /opt/airflow/dags/dag_streamflow.py
[2026-01-11T00:02:45.784+0000] {processor.py:830} INFO - Processing file /opt/airflow/dags/dag_streamflow.py for tasks to queue
[2026-01-11T00:02:45.786+0000] {logging_mixin.py:188} INFO - [2026-01-11T00:02:45.785+0000] {dagbag.py:538} INFO - Filling up the DagBag from /opt/airflow/dags/dag_streamflow.py
[2026-01-11T00:02:45.806+0000] {processor.py:840} INFO - DAG(s) 'streamflow_main' retrieved from /opt/airflow/dags/dag_streamflow.py
[2026-01-11T00:02:45.884+0000] {logging_mixin.py:188} INFO - [2026-01-11T00:02:45.883+0000] {dag.py:3036} INFO - Sync 1 DAGs
[2026-01-11T00:02:45.981+0000] {logging_mixin.py:188} INFO - [2026-01-11T00:02:45.980+0000] {dag.py:3823} INFO - Setting next_dagrun for streamflow_main to None, run_after=None
[2026-01-11T00:02:46.200+0000] {processor.py:183} INFO - Processing /opt/airflow/dags/dag_streamflow.py took 0.430 seconds
[2026-01-11T00:03:16.547+0000] {processor.py:161} INFO - Started process (PID=540) to work on /opt/airflow/dags/dag_streamflow.py
[2026-01-11T00:03:16.548+0000] {processor.py:830} INFO - Processing file /opt/airflow/dags/dag_streamflow.py for tasks to queue
[2026-01-11T00:03:16.550+0000] {logging_mixin.py:188} INFO - [2026-01-11T00:03:16.550+0000] {dagbag.py:538} INFO - Filling up the DagBag from /opt/airflow/dags/dag_streamflow.py
[2026-01-11T00:03:16.566+0000] {processor.py:840} INFO - DAG(s) 'streamflow_main' retrieved from /opt/airflow/dags/dag_streamflow.py
[2026-01-11T00:03:16.606+0000] {logging_mixin.py:188} INFO - [2026-01-11T00:03:16.605+0000] {dag.py:3036} INFO - Sync 1 DAGs
[2026-01-11T00:03:16.627+0000] {logging_mixin.py:188} INFO - [2026-01-11T00:03:16.627+0000] {dag.py:3823} INFO - Setting next_dagrun for streamflow_main to None, run_after=None
[2026-01-11T00:03:16.662+0000] {processor.py:183} INFO - Processing /opt/airflow/dags/dag_streamflow.py took 0.121 seconds
[2026-01-11T00:03:46.827+0000] {processor.py:161} INFO - Started process (PID=552) to work on /opt/airflow/dags/dag_streamflow.py
[2026-01-11T00:03:46.828+0000] {processor.py:830} INFO - Processing file /opt/airflow/dags/dag_streamflow.py for tasks to queue
[2026-01-11T00:03:46.830+0000] {logging_mixin.py:188} INFO - [2026-01-11T00:03:46.830+0000] {dagbag.py:538} INFO - Filling up the DagBag from /opt/airflow/dags/dag_streamflow.py
[2026-01-11T00:03:46.847+0000] {processor.py:840} INFO - DAG(s) 'streamflow_main' retrieved from /opt/airflow/dags/dag_streamflow.py
[2026-01-11T00:03:46.883+0000] {logging_mixin.py:188} INFO - [2026-01-11T00:03:46.883+0000] {dag.py:3036} INFO - Sync 1 DAGs
[2026-01-11T00:03:46.903+0000] {logging_mixin.py:188} INFO - [2026-01-11T00:03:46.903+0000] {dag.py:3823} INFO - Setting next_dagrun for streamflow_main to None, run_after=None
[2026-01-11T00:03:46.936+0000] {processor.py:183} INFO - Processing /opt/airflow/dags/dag_streamflow.py took 0.115 seconds
[2026-01-11T00:04:17.461+0000] {processor.py:161} INFO - Started process (PID=564) to work on /opt/airflow/dags/dag_streamflow.py
[2026-01-11T00:04:17.471+0000] {processor.py:830} INFO - Processing file /opt/airflow/dags/dag_streamflow.py for tasks to queue
[2026-01-11T00:04:17.482+0000] {logging_mixin.py:188} INFO - [2026-01-11T00:04:17.481+0000] {dagbag.py:538} INFO - Filling up the DagBag from /opt/airflow/dags/dag_streamflow.py
[2026-01-11T00:04:17.538+0000] {processor.py:840} INFO - DAG(s) 'streamflow_main' retrieved from /opt/airflow/dags/dag_streamflow.py
[2026-01-11T00:04:17.723+0000] {logging_mixin.py:188} INFO - [2026-01-11T00:04:17.723+0000] {dag.py:3036} INFO - Sync 1 DAGs
[2026-01-11T00:04:17.760+0000] {logging_mixin.py:188} INFO - [2026-01-11T00:04:17.760+0000] {dag.py:3823} INFO - Setting next_dagrun for streamflow_main to None, run_after=None
[2026-01-11T00:04:17.818+0000] {processor.py:183} INFO - Processing /opt/airflow/dags/dag_streamflow.py took 0.374 seconds
[2026-01-11T00:04:48.078+0000] {processor.py:161} INFO - Started process (PID=576) to work on /opt/airflow/dags/dag_streamflow.py
[2026-01-11T00:04:48.080+0000] {processor.py:830} INFO - Processing file /opt/airflow/dags/dag_streamflow.py for tasks to queue
[2026-01-11T00:04:48.082+0000] {logging_mixin.py:188} INFO - [2026-01-11T00:04:48.081+0000] {dagbag.py:538} INFO - Filling up the DagBag from /opt/airflow/dags/dag_streamflow.py
[2026-01-11T00:04:48.100+0000] {processor.py:840} INFO - DAG(s) 'streamflow_main' retrieved from /opt/airflow/dags/dag_streamflow.py
[2026-01-11T00:04:48.144+0000] {logging_mixin.py:188} INFO - [2026-01-11T00:04:48.143+0000] {dag.py:3036} INFO - Sync 1 DAGs
[2026-01-11T00:04:48.168+0000] {logging_mixin.py:188} INFO - [2026-01-11T00:04:48.168+0000] {dag.py:3823} INFO - Setting next_dagrun for streamflow_main to None, run_after=None
[2026-01-11T00:04:48.205+0000] {processor.py:183} INFO - Processing /opt/airflow/dags/dag_streamflow.py took 0.135 seconds
[2026-01-11T00:05:18.345+0000] {processor.py:161} INFO - Started process (PID=588) to work on /opt/airflow/dags/dag_streamflow.py
[2026-01-11T00:05:18.346+0000] {processor.py:830} INFO - Processing file /opt/airflow/dags/dag_streamflow.py for tasks to queue
[2026-01-11T00:05:18.350+0000] {logging_mixin.py:188} INFO - [2026-01-11T00:05:18.349+0000] {dagbag.py:538} INFO - Filling up the DagBag from /opt/airflow/dags/dag_streamflow.py
[2026-01-11T00:05:18.386+0000] {processor.py:840} INFO - DAG(s) 'streamflow_main' retrieved from /opt/airflow/dags/dag_streamflow.py
[2026-01-11T00:05:18.449+0000] {logging_mixin.py:188} INFO - [2026-01-11T00:05:18.448+0000] {dag.py:3036} INFO - Sync 1 DAGs
[2026-01-11T00:05:18.492+0000] {logging_mixin.py:188} INFO - [2026-01-11T00:05:18.491+0000] {dag.py:3823} INFO - Setting next_dagrun for streamflow_main to None, run_after=None
[2026-01-11T00:05:18.561+0000] {processor.py:183} INFO - Processing /opt/airflow/dags/dag_streamflow.py took 0.224 seconds
[2026-01-11T00:05:48.624+0000] {processor.py:161} INFO - Started process (PID=600) to work on /opt/airflow/dags/dag_streamflow.py
[2026-01-11T00:05:48.626+0000] {processor.py:830} INFO - Processing file /opt/airflow/dags/dag_streamflow.py for tasks to queue
[2026-01-11T00:05:48.628+0000] {logging_mixin.py:188} INFO - [2026-01-11T00:05:48.627+0000] {dagbag.py:538} INFO - Filling up the DagBag from /opt/airflow/dags/dag_streamflow.py
[2026-01-11T00:05:48.644+0000] {processor.py:840} INFO - DAG(s) 'streamflow_main' retrieved from /opt/airflow/dags/dag_streamflow.py
[2026-01-11T00:05:48.685+0000] {logging_mixin.py:188} INFO - [2026-01-11T00:05:48.684+0000] {dag.py:3036} INFO - Sync 1 DAGs
[2026-01-11T00:05:48.707+0000] {logging_mixin.py:188} INFO - [2026-01-11T00:05:48.706+0000] {dag.py:3823} INFO - Setting next_dagrun for streamflow_main to None, run_after=None
[2026-01-11T00:05:48.740+0000] {processor.py:183} INFO - Processing /opt/airflow/dags/dag_streamflow.py took 0.122 seconds
[2026-01-11T00:06:19.106+0000] {processor.py:161} INFO - Started process (PID=612) to work on /opt/airflow/dags/dag_streamflow.py
[2026-01-11T00:06:19.108+0000] {processor.py:830} INFO - Processing file /opt/airflow/dags/dag_streamflow.py for tasks to queue
[2026-01-11T00:06:19.110+0000] {logging_mixin.py:188} INFO - [2026-01-11T00:06:19.109+0000] {dagbag.py:538} INFO - Filling up the DagBag from /opt/airflow/dags/dag_streamflow.py
[2026-01-11T00:06:19.129+0000] {processor.py:840} INFO - DAG(s) 'streamflow_main' retrieved from /opt/airflow/dags/dag_streamflow.py
[2026-01-11T00:06:19.167+0000] {logging_mixin.py:188} INFO - [2026-01-11T00:06:19.166+0000] {dag.py:3036} INFO - Sync 1 DAGs
[2026-01-11T00:06:19.188+0000] {logging_mixin.py:188} INFO - [2026-01-11T00:06:19.188+0000] {dag.py:3823} INFO - Setting next_dagrun for streamflow_main to None, run_after=None
[2026-01-11T00:06:19.223+0000] {processor.py:183} INFO - Processing /opt/airflow/dags/dag_streamflow.py took 0.122 seconds
[2026-01-11T00:06:49.835+0000] {processor.py:161} INFO - Started process (PID=630) to work on /opt/airflow/dags/dag_streamflow.py
[2026-01-11T00:06:49.838+0000] {processor.py:830} INFO - Processing file /opt/airflow/dags/dag_streamflow.py for tasks to queue
[2026-01-11T00:06:49.842+0000] {logging_mixin.py:188} INFO - [2026-01-11T00:06:49.841+0000] {dagbag.py:538} INFO - Filling up the DagBag from /opt/airflow/dags/dag_streamflow.py
[2026-01-11T00:06:49.860+0000] {processor.py:840} INFO - DAG(s) 'streamflow_main' retrieved from /opt/airflow/dags/dag_streamflow.py
[2026-01-11T00:06:49.902+0000] {logging_mixin.py:188} INFO - [2026-01-11T00:06:49.901+0000] {dag.py:3036} INFO - Sync 1 DAGs
[2026-01-11T00:06:49.926+0000] {logging_mixin.py:188} INFO - [2026-01-11T00:06:49.926+0000] {dag.py:3823} INFO - Setting next_dagrun for streamflow_main to None, run_after=None
[2026-01-11T00:06:49.969+0000] {processor.py:183} INFO - Processing /opt/airflow/dags/dag_streamflow.py took 0.141 seconds
[2026-01-11T00:07:20.424+0000] {processor.py:161} INFO - Started process (PID=642) to work on /opt/airflow/dags/dag_streamflow.py
[2026-01-11T00:07:20.427+0000] {processor.py:830} INFO - Processing file /opt/airflow/dags/dag_streamflow.py for tasks to queue
[2026-01-11T00:07:20.430+0000] {logging_mixin.py:188} INFO - [2026-01-11T00:07:20.429+0000] {dagbag.py:538} INFO - Filling up the DagBag from /opt/airflow/dags/dag_streamflow.py
[2026-01-11T00:07:20.449+0000] {processor.py:840} INFO - DAG(s) 'streamflow_main' retrieved from /opt/airflow/dags/dag_streamflow.py
[2026-01-11T00:07:20.490+0000] {logging_mixin.py:188} INFO - [2026-01-11T00:07:20.489+0000] {dag.py:3036} INFO - Sync 1 DAGs
[2026-01-11T00:07:20.509+0000] {logging_mixin.py:188} INFO - [2026-01-11T00:07:20.509+0000] {dag.py:3823} INFO - Setting next_dagrun for streamflow_main to None, run_after=None
[2026-01-11T00:07:20.543+0000] {processor.py:183} INFO - Processing /opt/airflow/dags/dag_streamflow.py took 0.124 seconds
[2026-01-11T00:07:50.654+0000] {processor.py:161} INFO - Started process (PID=654) to work on /opt/airflow/dags/dag_streamflow.py
[2026-01-11T00:07:50.655+0000] {processor.py:830} INFO - Processing file /opt/airflow/dags/dag_streamflow.py for tasks to queue
[2026-01-11T00:07:50.657+0000] {logging_mixin.py:188} INFO - [2026-01-11T00:07:50.657+0000] {dagbag.py:538} INFO - Filling up the DagBag from /opt/airflow/dags/dag_streamflow.py
[2026-01-11T00:07:50.674+0000] {processor.py:840} INFO - DAG(s) 'streamflow_main' retrieved from /opt/airflow/dags/dag_streamflow.py
[2026-01-11T00:07:50.712+0000] {logging_mixin.py:188} INFO - [2026-01-11T00:07:50.711+0000] {dag.py:3036} INFO - Sync 1 DAGs
[2026-01-11T00:07:50.733+0000] {logging_mixin.py:188} INFO - [2026-01-11T00:07:50.732+0000] {dag.py:3823} INFO - Setting next_dagrun for streamflow_main to None, run_after=None
[2026-01-11T00:07:50.766+0000] {processor.py:183} INFO - Processing /opt/airflow/dags/dag_streamflow.py took 0.119 seconds
[2026-01-11T00:08:21.372+0000] {processor.py:161} INFO - Started process (PID=671) to work on /opt/airflow/dags/dag_streamflow.py
[2026-01-11T00:08:21.399+0000] {processor.py:830} INFO - Processing file /opt/airflow/dags/dag_streamflow.py for tasks to queue
[2026-01-11T00:08:21.428+0000] {logging_mixin.py:188} INFO - [2026-01-11T00:08:21.421+0000] {dagbag.py:538} INFO - Filling up the DagBag from /opt/airflow/dags/dag_streamflow.py
[2026-01-11T00:08:21.550+0000] {processor.py:840} INFO - DAG(s) 'streamflow_main' retrieved from /opt/airflow/dags/dag_streamflow.py
[2026-01-11T00:08:21.710+0000] {logging_mixin.py:188} INFO - [2026-01-11T00:08:21.709+0000] {dag.py:3036} INFO - Sync 1 DAGs
[2026-01-11T00:08:21.823+0000] {logging_mixin.py:188} INFO - [2026-01-11T00:08:21.803+0000] {dag.py:3823} INFO - Setting next_dagrun for streamflow_main to None, run_after=None
[2026-01-11T00:08:22.066+0000] {processor.py:183} INFO - Processing /opt/airflow/dags/dag_streamflow.py took 0.728 seconds
[2026-01-11T00:08:52.563+0000] {processor.py:161} INFO - Started process (PID=683) to work on /opt/airflow/dags/dag_streamflow.py
[2026-01-11T00:08:52.569+0000] {processor.py:830} INFO - Processing file /opt/airflow/dags/dag_streamflow.py for tasks to queue
[2026-01-11T00:08:52.573+0000] {logging_mixin.py:188} INFO - [2026-01-11T00:08:52.572+0000] {dagbag.py:538} INFO - Filling up the DagBag from /opt/airflow/dags/dag_streamflow.py
[2026-01-11T00:08:52.624+0000] {processor.py:840} INFO - DAG(s) 'streamflow_main' retrieved from /opt/airflow/dags/dag_streamflow.py
[2026-01-11T00:08:52.723+0000] {logging_mixin.py:188} INFO - [2026-01-11T00:08:52.722+0000] {dag.py:3036} INFO - Sync 1 DAGs
[2026-01-11T00:08:52.768+0000] {logging_mixin.py:188} INFO - [2026-01-11T00:08:52.765+0000] {dag.py:3823} INFO - Setting next_dagrun for streamflow_main to None, run_after=None
[2026-01-11T00:08:52.896+0000] {processor.py:183} INFO - Processing /opt/airflow/dags/dag_streamflow.py took 0.346 seconds
[2026-01-11T00:09:23.754+0000] {processor.py:161} INFO - Started process (PID=794) to work on /opt/airflow/dags/dag_streamflow.py
[2026-01-11T00:09:23.762+0000] {processor.py:830} INFO - Processing file /opt/airflow/dags/dag_streamflow.py for tasks to queue
[2026-01-11T00:09:23.767+0000] {logging_mixin.py:188} INFO - [2026-01-11T00:09:23.764+0000] {dagbag.py:538} INFO - Filling up the DagBag from /opt/airflow/dags/dag_streamflow.py
[2026-01-11T00:09:23.865+0000] {processor.py:840} INFO - DAG(s) 'streamflow_main' retrieved from /opt/airflow/dags/dag_streamflow.py
[2026-01-11T00:09:24.183+0000] {logging_mixin.py:188} INFO - [2026-01-11T00:09:24.180+0000] {dag.py:3036} INFO - Sync 1 DAGs
[2026-01-11T00:09:24.925+0000] {logging_mixin.py:188} INFO - [2026-01-11T00:09:24.924+0000] {dag.py:3823} INFO - Setting next_dagrun for streamflow_main to None, run_after=None
[2026-01-11T00:09:26.058+0000] {processor.py:183} INFO - Processing /opt/airflow/dags/dag_streamflow.py took 2.362 seconds
[2026-01-11T00:09:56.344+0000] {processor.py:161} INFO - Started process (PID=838) to work on /opt/airflow/dags/dag_streamflow.py
[2026-01-11T00:09:56.351+0000] {processor.py:830} INFO - Processing file /opt/airflow/dags/dag_streamflow.py for tasks to queue
[2026-01-11T00:09:56.355+0000] {logging_mixin.py:188} INFO - [2026-01-11T00:09:56.353+0000] {dagbag.py:538} INFO - Filling up the DagBag from /opt/airflow/dags/dag_streamflow.py
[2026-01-11T00:09:56.425+0000] {processor.py:840} INFO - DAG(s) 'streamflow_main' retrieved from /opt/airflow/dags/dag_streamflow.py
[2026-01-11T00:09:56.673+0000] {logging_mixin.py:188} INFO - [2026-01-11T00:09:56.672+0000] {dag.py:3036} INFO - Sync 1 DAGs
[2026-01-11T00:09:56.751+0000] {logging_mixin.py:188} INFO - [2026-01-11T00:09:56.749+0000] {dag.py:3823} INFO - Setting next_dagrun for streamflow_main to None, run_after=None
[2026-01-11T00:09:56.809+0000] {processor.py:183} INFO - Processing /opt/airflow/dags/dag_streamflow.py took 0.483 seconds
[2026-01-11T00:10:27.310+0000] {processor.py:161} INFO - Started process (PID=850) to work on /opt/airflow/dags/dag_streamflow.py
[2026-01-11T00:10:27.312+0000] {processor.py:830} INFO - Processing file /opt/airflow/dags/dag_streamflow.py for tasks to queue
[2026-01-11T00:10:27.313+0000] {logging_mixin.py:188} INFO - [2026-01-11T00:10:27.313+0000] {dagbag.py:538} INFO - Filling up the DagBag from /opt/airflow/dags/dag_streamflow.py
[2026-01-11T00:10:27.334+0000] {processor.py:840} INFO - DAG(s) 'streamflow_main' retrieved from /opt/airflow/dags/dag_streamflow.py
[2026-01-11T00:10:27.384+0000] {logging_mixin.py:188} INFO - [2026-01-11T00:10:27.383+0000] {dag.py:3036} INFO - Sync 1 DAGs
[2026-01-11T00:10:27.407+0000] {logging_mixin.py:188} INFO - [2026-01-11T00:10:27.406+0000] {dag.py:3823} INFO - Setting next_dagrun for streamflow_main to None, run_after=None
[2026-01-11T00:10:27.443+0000] {processor.py:183} INFO - Processing /opt/airflow/dags/dag_streamflow.py took 0.139 seconds
[2026-01-11T00:10:57.766+0000] {processor.py:161} INFO - Started process (PID=862) to work on /opt/airflow/dags/dag_streamflow.py
[2026-01-11T00:10:57.768+0000] {processor.py:830} INFO - Processing file /opt/airflow/dags/dag_streamflow.py for tasks to queue
[2026-01-11T00:10:57.770+0000] {logging_mixin.py:188} INFO - [2026-01-11T00:10:57.769+0000] {dagbag.py:538} INFO - Filling up the DagBag from /opt/airflow/dags/dag_streamflow.py
[2026-01-11T00:10:57.792+0000] {processor.py:840} INFO - DAG(s) 'streamflow_main' retrieved from /opt/airflow/dags/dag_streamflow.py
[2026-01-11T00:10:57.846+0000] {logging_mixin.py:188} INFO - [2026-01-11T00:10:57.844+0000] {dag.py:3036} INFO - Sync 1 DAGs
[2026-01-11T00:10:57.877+0000] {logging_mixin.py:188} INFO - [2026-01-11T00:10:57.877+0000] {dag.py:3823} INFO - Setting next_dagrun for streamflow_main to None, run_after=None
[2026-01-11T00:10:57.915+0000] {processor.py:183} INFO - Processing /opt/airflow/dags/dag_streamflow.py took 0.156 seconds
[2026-01-11T00:11:28.606+0000] {processor.py:161} INFO - Started process (PID=874) to work on /opt/airflow/dags/dag_streamflow.py
[2026-01-11T00:11:28.610+0000] {processor.py:830} INFO - Processing file /opt/airflow/dags/dag_streamflow.py for tasks to queue
[2026-01-11T00:11:28.613+0000] {logging_mixin.py:188} INFO - [2026-01-11T00:11:28.612+0000] {dagbag.py:538} INFO - Filling up the DagBag from /opt/airflow/dags/dag_streamflow.py
[2026-01-11T00:11:28.641+0000] {processor.py:840} INFO - DAG(s) 'streamflow_main' retrieved from /opt/airflow/dags/dag_streamflow.py
[2026-01-11T00:11:28.693+0000] {logging_mixin.py:188} INFO - [2026-01-11T00:11:28.693+0000] {dag.py:3036} INFO - Sync 1 DAGs
[2026-01-11T00:11:28.724+0000] {logging_mixin.py:188} INFO - [2026-01-11T00:11:28.723+0000] {dag.py:3823} INFO - Setting next_dagrun for streamflow_main to None, run_after=None
[2026-01-11T00:11:28.769+0000] {processor.py:183} INFO - Processing /opt/airflow/dags/dag_streamflow.py took 0.169 seconds
[2026-01-11T00:11:58.838+0000] {processor.py:161} INFO - Started process (PID=886) to work on /opt/airflow/dags/dag_streamflow.py
[2026-01-11T00:11:58.841+0000] {processor.py:830} INFO - Processing file /opt/airflow/dags/dag_streamflow.py for tasks to queue
[2026-01-11T00:11:58.843+0000] {logging_mixin.py:188} INFO - [2026-01-11T00:11:58.842+0000] {dagbag.py:538} INFO - Filling up the DagBag from /opt/airflow/dags/dag_streamflow.py
[2026-01-11T00:11:58.875+0000] {processor.py:840} INFO - DAG(s) 'streamflow_main' retrieved from /opt/airflow/dags/dag_streamflow.py
[2026-01-11T00:11:58.917+0000] {logging_mixin.py:188} INFO - [2026-01-11T00:11:58.916+0000] {dag.py:3036} INFO - Sync 1 DAGs
[2026-01-11T00:11:58.941+0000] {logging_mixin.py:188} INFO - [2026-01-11T00:11:58.940+0000] {dag.py:3823} INFO - Setting next_dagrun for streamflow_main to None, run_after=None
[2026-01-11T00:11:58.978+0000] {processor.py:183} INFO - Processing /opt/airflow/dags/dag_streamflow.py took 0.147 seconds
[2026-01-11T00:12:29.448+0000] {processor.py:161} INFO - Started process (PID=897) to work on /opt/airflow/dags/dag_streamflow.py
[2026-01-11T00:12:29.451+0000] {processor.py:830} INFO - Processing file /opt/airflow/dags/dag_streamflow.py for tasks to queue
[2026-01-11T00:12:29.453+0000] {logging_mixin.py:188} INFO - [2026-01-11T00:12:29.452+0000] {dagbag.py:538} INFO - Filling up the DagBag from /opt/airflow/dags/dag_streamflow.py
[2026-01-11T00:12:29.478+0000] {processor.py:840} INFO - DAG(s) 'streamflow_main' retrieved from /opt/airflow/dags/dag_streamflow.py
[2026-01-11T00:12:29.542+0000] {logging_mixin.py:188} INFO - [2026-01-11T00:12:29.541+0000] {dag.py:3036} INFO - Sync 1 DAGs
[2026-01-11T00:12:29.571+0000] {logging_mixin.py:188} INFO - [2026-01-11T00:12:29.571+0000] {dag.py:3823} INFO - Setting next_dagrun for streamflow_main to None, run_after=None
[2026-01-11T00:12:29.620+0000] {processor.py:183} INFO - Processing /opt/airflow/dags/dag_streamflow.py took 0.178 seconds
[2026-01-11T00:12:59.927+0000] {processor.py:161} INFO - Started process (PID=909) to work on /opt/airflow/dags/dag_streamflow.py
[2026-01-11T00:12:59.929+0000] {processor.py:830} INFO - Processing file /opt/airflow/dags/dag_streamflow.py for tasks to queue
[2026-01-11T00:12:59.931+0000] {logging_mixin.py:188} INFO - [2026-01-11T00:12:59.931+0000] {dagbag.py:538} INFO - Filling up the DagBag from /opt/airflow/dags/dag_streamflow.py
[2026-01-11T00:12:59.954+0000] {processor.py:840} INFO - DAG(s) 'streamflow_main' retrieved from /opt/airflow/dags/dag_streamflow.py
[2026-01-11T00:13:00.078+0000] {logging_mixin.py:188} INFO - [2026-01-11T00:13:00.078+0000] {dag.py:3036} INFO - Sync 1 DAGs
[2026-01-11T00:13:00.158+0000] {logging_mixin.py:188} INFO - [2026-01-11T00:13:00.157+0000] {dag.py:3823} INFO - Setting next_dagrun for streamflow_main to None, run_after=None
[2026-01-11T00:13:00.195+0000] {processor.py:183} INFO - Processing /opt/airflow/dags/dag_streamflow.py took 0.322 seconds
[2026-01-11T00:13:30.364+0000] {processor.py:161} INFO - Started process (PID=921) to work on /opt/airflow/dags/dag_streamflow.py
[2026-01-11T00:13:30.366+0000] {processor.py:830} INFO - Processing file /opt/airflow/dags/dag_streamflow.py for tasks to queue
[2026-01-11T00:13:30.368+0000] {logging_mixin.py:188} INFO - [2026-01-11T00:13:30.367+0000] {dagbag.py:538} INFO - Filling up the DagBag from /opt/airflow/dags/dag_streamflow.py
[2026-01-11T00:13:30.385+0000] {processor.py:840} INFO - DAG(s) 'streamflow_main' retrieved from /opt/airflow/dags/dag_streamflow.py
[2026-01-11T00:13:30.421+0000] {logging_mixin.py:188} INFO - [2026-01-11T00:13:30.421+0000] {dag.py:3036} INFO - Sync 1 DAGs
[2026-01-11T00:13:30.439+0000] {logging_mixin.py:188} INFO - [2026-01-11T00:13:30.439+0000] {dag.py:3823} INFO - Setting next_dagrun for streamflow_main to None, run_after=None
[2026-01-11T00:13:30.472+0000] {processor.py:183} INFO - Processing /opt/airflow/dags/dag_streamflow.py took 0.113 seconds
[2026-01-11T00:14:00.633+0000] {processor.py:161} INFO - Started process (PID=933) to work on /opt/airflow/dags/dag_streamflow.py
[2026-01-11T00:14:00.634+0000] {processor.py:830} INFO - Processing file /opt/airflow/dags/dag_streamflow.py for tasks to queue
[2026-01-11T00:14:00.636+0000] {logging_mixin.py:188} INFO - [2026-01-11T00:14:00.635+0000] {dagbag.py:538} INFO - Filling up the DagBag from /opt/airflow/dags/dag_streamflow.py
[2026-01-11T00:14:00.652+0000] {processor.py:840} INFO - DAG(s) 'streamflow_main' retrieved from /opt/airflow/dags/dag_streamflow.py
[2026-01-11T00:14:00.689+0000] {logging_mixin.py:188} INFO - [2026-01-11T00:14:00.689+0000] {dag.py:3036} INFO - Sync 1 DAGs
[2026-01-11T00:14:00.708+0000] {logging_mixin.py:188} INFO - [2026-01-11T00:14:00.708+0000] {dag.py:3823} INFO - Setting next_dagrun for streamflow_main to None, run_after=None
[2026-01-11T00:14:00.741+0000] {processor.py:183} INFO - Processing /opt/airflow/dags/dag_streamflow.py took 0.115 seconds
[2026-01-11T00:14:31.187+0000] {processor.py:161} INFO - Started process (PID=945) to work on /opt/airflow/dags/dag_streamflow.py
[2026-01-11T00:14:31.192+0000] {processor.py:830} INFO - Processing file /opt/airflow/dags/dag_streamflow.py for tasks to queue
[2026-01-11T00:14:31.199+0000] {logging_mixin.py:188} INFO - [2026-01-11T00:14:31.197+0000] {dagbag.py:538} INFO - Filling up the DagBag from /opt/airflow/dags/dag_streamflow.py
[2026-01-11T00:14:31.236+0000] {processor.py:840} INFO - DAG(s) 'streamflow_main' retrieved from /opt/airflow/dags/dag_streamflow.py
[2026-01-11T00:14:31.302+0000] {logging_mixin.py:188} INFO - [2026-01-11T00:14:31.301+0000] {dag.py:3036} INFO - Sync 1 DAGs
[2026-01-11T00:14:31.368+0000] {logging_mixin.py:188} INFO - [2026-01-11T00:14:31.367+0000] {dag.py:3823} INFO - Setting next_dagrun for streamflow_main to None, run_after=None
[2026-01-11T00:14:31.410+0000] {processor.py:183} INFO - Processing /opt/airflow/dags/dag_streamflow.py took 0.238 seconds
[2026-01-11T00:15:01.600+0000] {processor.py:161} INFO - Started process (PID=957) to work on /opt/airflow/dags/dag_streamflow.py
[2026-01-11T00:15:01.602+0000] {processor.py:830} INFO - Processing file /opt/airflow/dags/dag_streamflow.py for tasks to queue
[2026-01-11T00:15:01.603+0000] {logging_mixin.py:188} INFO - [2026-01-11T00:15:01.603+0000] {dagbag.py:538} INFO - Filling up the DagBag from /opt/airflow/dags/dag_streamflow.py
[2026-01-11T00:15:01.620+0000] {processor.py:840} INFO - DAG(s) 'streamflow_main' retrieved from /opt/airflow/dags/dag_streamflow.py
[2026-01-11T00:15:01.656+0000] {logging_mixin.py:188} INFO - [2026-01-11T00:15:01.656+0000] {dag.py:3036} INFO - Sync 1 DAGs
[2026-01-11T00:15:01.674+0000] {logging_mixin.py:188} INFO - [2026-01-11T00:15:01.674+0000] {dag.py:3823} INFO - Setting next_dagrun for streamflow_main to None, run_after=None
[2026-01-11T00:15:01.707+0000] {processor.py:183} INFO - Processing /opt/airflow/dags/dag_streamflow.py took 0.112 seconds
[2026-01-11T00:15:32.141+0000] {processor.py:161} INFO - Started process (PID=968) to work on /opt/airflow/dags/dag_streamflow.py
[2026-01-11T00:15:32.143+0000] {processor.py:830} INFO - Processing file /opt/airflow/dags/dag_streamflow.py for tasks to queue
[2026-01-11T00:15:32.145+0000] {logging_mixin.py:188} INFO - [2026-01-11T00:15:32.144+0000] {dagbag.py:538} INFO - Filling up the DagBag from /opt/airflow/dags/dag_streamflow.py
[2026-01-11T00:15:32.162+0000] {processor.py:840} INFO - DAG(s) 'streamflow_main' retrieved from /opt/airflow/dags/dag_streamflow.py
[2026-01-11T00:15:32.200+0000] {logging_mixin.py:188} INFO - [2026-01-11T00:15:32.200+0000] {dag.py:3036} INFO - Sync 1 DAGs
[2026-01-11T00:15:32.222+0000] {logging_mixin.py:188} INFO - [2026-01-11T00:15:32.221+0000] {dag.py:3823} INFO - Setting next_dagrun for streamflow_main to None, run_after=None
[2026-01-11T00:15:32.256+0000] {processor.py:183} INFO - Processing /opt/airflow/dags/dag_streamflow.py took 0.121 seconds
[2026-01-11T00:16:02.551+0000] {processor.py:161} INFO - Started process (PID=980) to work on /opt/airflow/dags/dag_streamflow.py
[2026-01-11T00:16:02.553+0000] {processor.py:830} INFO - Processing file /opt/airflow/dags/dag_streamflow.py for tasks to queue
[2026-01-11T00:16:02.556+0000] {logging_mixin.py:188} INFO - [2026-01-11T00:16:02.555+0000] {dagbag.py:538} INFO - Filling up the DagBag from /opt/airflow/dags/dag_streamflow.py
[2026-01-11T00:16:02.578+0000] {processor.py:840} INFO - DAG(s) 'streamflow_main' retrieved from /opt/airflow/dags/dag_streamflow.py
[2026-01-11T00:16:02.632+0000] {logging_mixin.py:188} INFO - [2026-01-11T00:16:02.631+0000] {dag.py:3036} INFO - Sync 1 DAGs
[2026-01-11T00:16:02.660+0000] {logging_mixin.py:188} INFO - [2026-01-11T00:16:02.660+0000] {dag.py:3823} INFO - Setting next_dagrun for streamflow_main to None, run_after=None
[2026-01-11T00:16:02.702+0000] {processor.py:183} INFO - Processing /opt/airflow/dags/dag_streamflow.py took 0.158 seconds
[2026-01-11T00:16:33.175+0000] {processor.py:161} INFO - Started process (PID=992) to work on /opt/airflow/dags/dag_streamflow.py
[2026-01-11T00:16:33.177+0000] {processor.py:830} INFO - Processing file /opt/airflow/dags/dag_streamflow.py for tasks to queue
[2026-01-11T00:16:33.179+0000] {logging_mixin.py:188} INFO - [2026-01-11T00:16:33.179+0000] {dagbag.py:538} INFO - Filling up the DagBag from /opt/airflow/dags/dag_streamflow.py
[2026-01-11T00:16:33.204+0000] {processor.py:840} INFO - DAG(s) 'streamflow_main' retrieved from /opt/airflow/dags/dag_streamflow.py
[2026-01-11T00:16:33.242+0000] {logging_mixin.py:188} INFO - [2026-01-11T00:16:33.242+0000] {dag.py:3036} INFO - Sync 1 DAGs
[2026-01-11T00:16:33.305+0000] {logging_mixin.py:188} INFO - [2026-01-11T00:16:33.305+0000] {dag.py:3823} INFO - Setting next_dagrun for streamflow_main to None, run_after=None
[2026-01-11T00:16:33.379+0000] {processor.py:183} INFO - Processing /opt/airflow/dags/dag_streamflow.py took 0.211 seconds
[2026-01-11T00:17:03.907+0000] {processor.py:161} INFO - Started process (PID=1004) to work on /opt/airflow/dags/dag_streamflow.py
[2026-01-11T00:17:03.931+0000] {processor.py:830} INFO - Processing file /opt/airflow/dags/dag_streamflow.py for tasks to queue
[2026-01-11T00:17:03.943+0000] {logging_mixin.py:188} INFO - [2026-01-11T00:17:03.943+0000] {dagbag.py:538} INFO - Filling up the DagBag from /opt/airflow/dags/dag_streamflow.py
[2026-01-11T00:17:04.029+0000] {processor.py:840} INFO - DAG(s) 'streamflow_main' retrieved from /opt/airflow/dags/dag_streamflow.py
[2026-01-11T00:17:04.138+0000] {logging_mixin.py:188} INFO - [2026-01-11T00:17:04.138+0000] {dag.py:3036} INFO - Sync 1 DAGs
[2026-01-11T00:17:04.177+0000] {logging_mixin.py:188} INFO - [2026-01-11T00:17:04.176+0000] {dag.py:3823} INFO - Setting next_dagrun for streamflow_main to None, run_after=None
[2026-01-11T00:17:04.427+0000] {processor.py:183} INFO - Processing /opt/airflow/dags/dag_streamflow.py took 0.532 seconds
[2026-01-11T00:17:35.395+0000] {processor.py:161} INFO - Started process (PID=1016) to work on /opt/airflow/dags/dag_streamflow.py
[2026-01-11T00:17:35.408+0000] {processor.py:830} INFO - Processing file /opt/airflow/dags/dag_streamflow.py for tasks to queue
[2026-01-11T00:17:35.414+0000] {logging_mixin.py:188} INFO - [2026-01-11T00:17:35.413+0000] {dagbag.py:538} INFO - Filling up the DagBag from /opt/airflow/dags/dag_streamflow.py
[2026-01-11T00:17:35.660+0000] {processor.py:840} INFO - DAG(s) 'streamflow_main' retrieved from /opt/airflow/dags/dag_streamflow.py
[2026-01-11T00:17:36.116+0000] {logging_mixin.py:188} INFO - [2026-01-11T00:17:36.115+0000] {dag.py:3036} INFO - Sync 1 DAGs
[2026-01-11T00:17:36.232+0000] {logging_mixin.py:188} INFO - [2026-01-11T00:17:36.231+0000] {dag.py:3823} INFO - Setting next_dagrun for streamflow_main to None, run_after=None
[2026-01-11T00:17:36.326+0000] {processor.py:183} INFO - Processing /opt/airflow/dags/dag_streamflow.py took 1.011 seconds
[2026-01-11T00:18:06.531+0000] {processor.py:161} INFO - Started process (PID=1074) to work on /opt/airflow/dags/dag_streamflow.py
[2026-01-11T00:18:06.535+0000] {processor.py:830} INFO - Processing file /opt/airflow/dags/dag_streamflow.py for tasks to queue
[2026-01-11T00:18:06.539+0000] {logging_mixin.py:188} INFO - [2026-01-11T00:18:06.538+0000] {dagbag.py:538} INFO - Filling up the DagBag from /opt/airflow/dags/dag_streamflow.py
[2026-01-11T00:18:06.709+0000] {processor.py:840} INFO - DAG(s) 'streamflow_main' retrieved from /opt/airflow/dags/dag_streamflow.py
[2026-01-11T00:18:06.955+0000] {logging_mixin.py:188} INFO - [2026-01-11T00:18:06.952+0000] {dag.py:3036} INFO - Sync 1 DAGs
[2026-01-11T00:18:07.023+0000] {logging_mixin.py:188} INFO - [2026-01-11T00:18:07.022+0000] {dag.py:3823} INFO - Setting next_dagrun for streamflow_main to None, run_after=None
[2026-01-11T00:18:07.171+0000] {processor.py:183} INFO - Processing /opt/airflow/dags/dag_streamflow.py took 0.654 seconds
[2026-01-11T00:18:37.331+0000] {processor.py:161} INFO - Started process (PID=1169) to work on /opt/airflow/dags/dag_streamflow.py
[2026-01-11T00:18:37.334+0000] {processor.py:830} INFO - Processing file /opt/airflow/dags/dag_streamflow.py for tasks to queue
[2026-01-11T00:18:37.339+0000] {logging_mixin.py:188} INFO - [2026-01-11T00:18:37.336+0000] {dagbag.py:538} INFO - Filling up the DagBag from /opt/airflow/dags/dag_streamflow.py
[2026-01-11T00:18:37.375+0000] {processor.py:840} INFO - DAG(s) 'streamflow_main' retrieved from /opt/airflow/dags/dag_streamflow.py
[2026-01-11T00:18:37.432+0000] {logging_mixin.py:188} INFO - [2026-01-11T00:18:37.431+0000] {dag.py:3036} INFO - Sync 1 DAGs
[2026-01-11T00:18:37.464+0000] {logging_mixin.py:188} INFO - [2026-01-11T00:18:37.463+0000] {dag.py:3823} INFO - Setting next_dagrun for streamflow_main to None, run_after=None
[2026-01-11T00:18:37.516+0000] {processor.py:183} INFO - Processing /opt/airflow/dags/dag_streamflow.py took 0.197 seconds
[2026-01-11T00:19:07.581+0000] {processor.py:161} INFO - Started process (PID=1187) to work on /opt/airflow/dags/dag_streamflow.py
[2026-01-11T00:19:07.584+0000] {processor.py:830} INFO - Processing file /opt/airflow/dags/dag_streamflow.py for tasks to queue
[2026-01-11T00:19:07.586+0000] {logging_mixin.py:188} INFO - [2026-01-11T00:19:07.585+0000] {dagbag.py:538} INFO - Filling up the DagBag from /opt/airflow/dags/dag_streamflow.py
[2026-01-11T00:19:07.602+0000] {processor.py:840} INFO - DAG(s) 'streamflow_main' retrieved from /opt/airflow/dags/dag_streamflow.py
[2026-01-11T00:19:07.642+0000] {logging_mixin.py:188} INFO - [2026-01-11T00:19:07.642+0000] {dag.py:3036} INFO - Sync 1 DAGs
[2026-01-11T00:19:07.661+0000] {logging_mixin.py:188} INFO - [2026-01-11T00:19:07.661+0000] {dag.py:3823} INFO - Setting next_dagrun for streamflow_main to None, run_after=None
[2026-01-11T00:19:07.697+0000] {processor.py:183} INFO - Processing /opt/airflow/dags/dag_streamflow.py took 0.123 seconds
[2026-01-11T00:19:38.500+0000] {processor.py:161} INFO - Started process (PID=1199) to work on /opt/airflow/dags/dag_streamflow.py
[2026-01-11T00:19:38.503+0000] {processor.py:830} INFO - Processing file /opt/airflow/dags/dag_streamflow.py for tasks to queue
[2026-01-11T00:19:38.508+0000] {logging_mixin.py:188} INFO - [2026-01-11T00:19:38.507+0000] {dagbag.py:538} INFO - Filling up the DagBag from /opt/airflow/dags/dag_streamflow.py
[2026-01-11T00:19:38.534+0000] {processor.py:840} INFO - DAG(s) 'streamflow_main' retrieved from /opt/airflow/dags/dag_streamflow.py
[2026-01-11T00:19:38.608+0000] {logging_mixin.py:188} INFO - [2026-01-11T00:19:38.606+0000] {dag.py:3036} INFO - Sync 1 DAGs
[2026-01-11T00:19:38.651+0000] {logging_mixin.py:188} INFO - [2026-01-11T00:19:38.651+0000] {dag.py:3823} INFO - Setting next_dagrun for streamflow_main to None, run_after=None
[2026-01-11T00:19:38.698+0000] {processor.py:183} INFO - Processing /opt/airflow/dags/dag_streamflow.py took 0.206 seconds
[2026-01-11T00:20:09.355+0000] {processor.py:161} INFO - Started process (PID=1258) to work on /opt/airflow/dags/dag_streamflow.py
[2026-01-11T00:20:09.359+0000] {processor.py:830} INFO - Processing file /opt/airflow/dags/dag_streamflow.py for tasks to queue
[2026-01-11T00:20:09.365+0000] {logging_mixin.py:188} INFO - [2026-01-11T00:20:09.364+0000] {dagbag.py:538} INFO - Filling up the DagBag from /opt/airflow/dags/dag_streamflow.py
[2026-01-11T00:20:09.417+0000] {processor.py:840} INFO - DAG(s) 'streamflow_main' retrieved from /opt/airflow/dags/dag_streamflow.py
[2026-01-11T00:20:09.489+0000] {logging_mixin.py:188} INFO - [2026-01-11T00:20:09.489+0000] {dag.py:3036} INFO - Sync 1 DAGs
[2026-01-11T00:20:09.523+0000] {logging_mixin.py:188} INFO - [2026-01-11T00:20:09.522+0000] {dag.py:3823} INFO - Setting next_dagrun for streamflow_main to None, run_after=None
[2026-01-11T00:20:09.574+0000] {processor.py:183} INFO - Processing /opt/airflow/dags/dag_streamflow.py took 0.227 seconds
[2026-01-11T00:20:39.873+0000] {processor.py:161} INFO - Started process (PID=1353) to work on /opt/airflow/dags/dag_streamflow.py
[2026-01-11T00:20:39.875+0000] {processor.py:830} INFO - Processing file /opt/airflow/dags/dag_streamflow.py for tasks to queue
[2026-01-11T00:20:39.877+0000] {logging_mixin.py:188} INFO - [2026-01-11T00:20:39.876+0000] {dagbag.py:538} INFO - Filling up the DagBag from /opt/airflow/dags/dag_streamflow.py
[2026-01-11T00:20:39.909+0000] {processor.py:840} INFO - DAG(s) 'streamflow_main' retrieved from /opt/airflow/dags/dag_streamflow.py
[2026-01-11T00:20:39.981+0000] {logging_mixin.py:188} INFO - [2026-01-11T00:20:39.980+0000] {dag.py:3036} INFO - Sync 1 DAGs
[2026-01-11T00:20:40.012+0000] {logging_mixin.py:188} INFO - [2026-01-11T00:20:40.011+0000] {dag.py:3823} INFO - Setting next_dagrun for streamflow_main to None, run_after=None
[2026-01-11T00:20:40.057+0000] {processor.py:183} INFO - Processing /opt/airflow/dags/dag_streamflow.py took 0.193 seconds
[2026-01-11T00:21:10.550+0000] {processor.py:161} INFO - Started process (PID=1365) to work on /opt/airflow/dags/dag_streamflow.py
[2026-01-11T00:21:10.553+0000] {processor.py:830} INFO - Processing file /opt/airflow/dags/dag_streamflow.py for tasks to queue
[2026-01-11T00:21:10.558+0000] {logging_mixin.py:188} INFO - [2026-01-11T00:21:10.557+0000] {dagbag.py:538} INFO - Filling up the DagBag from /opt/airflow/dags/dag_streamflow.py
[2026-01-11T00:21:10.590+0000] {processor.py:840} INFO - DAG(s) 'streamflow_main' retrieved from /opt/airflow/dags/dag_streamflow.py
[2026-01-11T00:21:10.633+0000] {logging_mixin.py:188} INFO - [2026-01-11T00:21:10.633+0000] {dag.py:3036} INFO - Sync 1 DAGs
[2026-01-11T00:21:10.664+0000] {logging_mixin.py:188} INFO - [2026-01-11T00:21:10.663+0000] {dag.py:3823} INFO - Setting next_dagrun for streamflow_main to None, run_after=None
[2026-01-11T00:21:10.710+0000] {processor.py:183} INFO - Processing /opt/airflow/dags/dag_streamflow.py took 0.208 seconds
[2026-01-11T00:21:40.939+0000] {processor.py:161} INFO - Started process (PID=1377) to work on /opt/airflow/dags/dag_streamflow.py
[2026-01-11T00:21:40.941+0000] {processor.py:830} INFO - Processing file /opt/airflow/dags/dag_streamflow.py for tasks to queue
[2026-01-11T00:21:40.944+0000] {logging_mixin.py:188} INFO - [2026-01-11T00:21:40.943+0000] {dagbag.py:538} INFO - Filling up the DagBag from /opt/airflow/dags/dag_streamflow.py
[2026-01-11T00:21:40.964+0000] {processor.py:840} INFO - DAG(s) 'streamflow_main' retrieved from /opt/airflow/dags/dag_streamflow.py
[2026-01-11T00:21:41.010+0000] {logging_mixin.py:188} INFO - [2026-01-11T00:21:41.010+0000] {dag.py:3036} INFO - Sync 1 DAGs
[2026-01-11T00:21:41.038+0000] {logging_mixin.py:188} INFO - [2026-01-11T00:21:41.038+0000] {dag.py:3823} INFO - Setting next_dagrun for streamflow_main to None, run_after=None
[2026-01-11T00:21:41.078+0000] {processor.py:183} INFO - Processing /opt/airflow/dags/dag_streamflow.py took 0.146 seconds
[2026-01-11T00:22:11.531+0000] {processor.py:161} INFO - Started process (PID=1389) to work on /opt/airflow/dags/dag_streamflow.py
[2026-01-11T00:22:11.532+0000] {processor.py:830} INFO - Processing file /opt/airflow/dags/dag_streamflow.py for tasks to queue
[2026-01-11T00:22:11.535+0000] {logging_mixin.py:188} INFO - [2026-01-11T00:22:11.534+0000] {dagbag.py:538} INFO - Filling up the DagBag from /opt/airflow/dags/dag_streamflow.py
[2026-01-11T00:22:11.553+0000] {processor.py:840} INFO - DAG(s) 'streamflow_main' retrieved from /opt/airflow/dags/dag_streamflow.py
[2026-01-11T00:22:11.590+0000] {logging_mixin.py:188} INFO - [2026-01-11T00:22:11.590+0000] {dag.py:3036} INFO - Sync 1 DAGs
[2026-01-11T00:22:11.609+0000] {logging_mixin.py:188} INFO - [2026-01-11T00:22:11.609+0000] {dag.py:3823} INFO - Setting next_dagrun for streamflow_main to None, run_after=None
[2026-01-11T00:22:11.642+0000] {processor.py:183} INFO - Processing /opt/airflow/dags/dag_streamflow.py took 0.116 seconds
[2026-01-11T00:22:42.077+0000] {processor.py:161} INFO - Started process (PID=1401) to work on /opt/airflow/dags/dag_streamflow.py
[2026-01-11T00:22:42.078+0000] {processor.py:830} INFO - Processing file /opt/airflow/dags/dag_streamflow.py for tasks to queue
[2026-01-11T00:22:42.080+0000] {logging_mixin.py:188} INFO - [2026-01-11T00:22:42.080+0000] {dagbag.py:538} INFO - Filling up the DagBag from /opt/airflow/dags/dag_streamflow.py
[2026-01-11T00:22:42.096+0000] {processor.py:840} INFO - DAG(s) 'streamflow_main' retrieved from /opt/airflow/dags/dag_streamflow.py
[2026-01-11T00:22:42.133+0000] {logging_mixin.py:188} INFO - [2026-01-11T00:22:42.132+0000] {dag.py:3036} INFO - Sync 1 DAGs
[2026-01-11T00:22:42.153+0000] {logging_mixin.py:188} INFO - [2026-01-11T00:22:42.153+0000] {dag.py:3823} INFO - Setting next_dagrun for streamflow_main to None, run_after=None
[2026-01-11T00:22:42.188+0000] {processor.py:183} INFO - Processing /opt/airflow/dags/dag_streamflow.py took 0.116 seconds
[2026-01-11T00:23:12.864+0000] {processor.py:161} INFO - Started process (PID=1414) to work on /opt/airflow/dags/dag_streamflow.py
[2026-01-11T00:23:12.866+0000] {processor.py:830} INFO - Processing file /opt/airflow/dags/dag_streamflow.py for tasks to queue
[2026-01-11T00:23:12.870+0000] {logging_mixin.py:188} INFO - [2026-01-11T00:23:12.869+0000] {dagbag.py:538} INFO - Filling up the DagBag from /opt/airflow/dags/dag_streamflow.py
[2026-01-11T00:23:12.936+0000] {processor.py:840} INFO - DAG(s) 'streamflow_main' retrieved from /opt/airflow/dags/dag_streamflow.py
[2026-01-11T00:23:13.031+0000] {logging_mixin.py:188} INFO - [2026-01-11T00:23:13.030+0000] {dag.py:3036} INFO - Sync 1 DAGs
[2026-01-11T00:23:13.113+0000] {logging_mixin.py:188} INFO - [2026-01-11T00:23:13.113+0000] {dag.py:3823} INFO - Setting next_dagrun for streamflow_main to None, run_after=None
[2026-01-11T00:23:13.305+0000] {processor.py:183} INFO - Processing /opt/airflow/dags/dag_streamflow.py took 0.449 seconds
[2026-01-11T00:23:43.634+0000] {processor.py:161} INFO - Started process (PID=1426) to work on /opt/airflow/dags/dag_streamflow.py
[2026-01-11T00:23:43.642+0000] {processor.py:830} INFO - Processing file /opt/airflow/dags/dag_streamflow.py for tasks to queue
[2026-01-11T00:23:43.783+0000] {logging_mixin.py:188} INFO - [2026-01-11T00:23:43.783+0000] {dagbag.py:538} INFO - Filling up the DagBag from /opt/airflow/dags/dag_streamflow.py
[2026-01-11T00:23:43.925+0000] {processor.py:840} INFO - DAG(s) 'streamflow_main' retrieved from /opt/airflow/dags/dag_streamflow.py
[2026-01-11T00:23:44.002+0000] {logging_mixin.py:188} INFO - [2026-01-11T00:23:44.002+0000] {dag.py:3036} INFO - Sync 1 DAGs
[2026-01-11T00:23:44.062+0000] {logging_mixin.py:188} INFO - [2026-01-11T00:23:44.059+0000] {dag.py:3823} INFO - Setting next_dagrun for streamflow_main to None, run_after=None
[2026-01-11T00:23:44.142+0000] {processor.py:183} INFO - Processing /opt/airflow/dags/dag_streamflow.py took 0.560 seconds
[2026-01-11T00:24:14.717+0000] {processor.py:161} INFO - Started process (PID=1568) to work on /opt/airflow/dags/dag_streamflow.py
[2026-01-11T00:24:14.722+0000] {processor.py:830} INFO - Processing file /opt/airflow/dags/dag_streamflow.py for tasks to queue
[2026-01-11T00:24:14.727+0000] {logging_mixin.py:188} INFO - [2026-01-11T00:24:14.727+0000] {dagbag.py:538} INFO - Filling up the DagBag from /opt/airflow/dags/dag_streamflow.py
[2026-01-11T00:24:14.760+0000] {processor.py:840} INFO - DAG(s) 'streamflow_main' retrieved from /opt/airflow/dags/dag_streamflow.py
[2026-01-11T00:24:14.836+0000] {logging_mixin.py:188} INFO - [2026-01-11T00:24:14.835+0000] {dag.py:3036} INFO - Sync 1 DAGs
[2026-01-11T00:24:14.878+0000] {logging_mixin.py:188} INFO - [2026-01-11T00:24:14.877+0000] {dag.py:3823} INFO - Setting next_dagrun for streamflow_main to None, run_after=None
[2026-01-11T00:24:14.928+0000] {processor.py:183} INFO - Processing /opt/airflow/dags/dag_streamflow.py took 0.222 seconds
[2026-01-11T00:24:45.457+0000] {processor.py:161} INFO - Started process (PID=1579) to work on /opt/airflow/dags/dag_streamflow.py
[2026-01-11T00:24:45.481+0000] {processor.py:830} INFO - Processing file /opt/airflow/dags/dag_streamflow.py for tasks to queue
[2026-01-11T00:24:45.484+0000] {logging_mixin.py:188} INFO - [2026-01-11T00:24:45.484+0000] {dagbag.py:538} INFO - Filling up the DagBag from /opt/airflow/dags/dag_streamflow.py
[2026-01-11T00:24:45.606+0000] {processor.py:840} INFO - DAG(s) 'streamflow_main' retrieved from /opt/airflow/dags/dag_streamflow.py
[2026-01-11T00:24:45.898+0000] {logging_mixin.py:188} INFO - [2026-01-11T00:24:45.898+0000] {dag.py:3036} INFO - Sync 1 DAGs
[2026-01-11T00:24:46.077+0000] {logging_mixin.py:188} INFO - [2026-01-11T00:24:46.076+0000] {dag.py:3823} INFO - Setting next_dagrun for streamflow_main to None, run_after=None
[2026-01-11T00:24:46.304+0000] {processor.py:183} INFO - Processing /opt/airflow/dags/dag_streamflow.py took 0.879 seconds
[2026-01-11T00:25:16.616+0000] {processor.py:161} INFO - Started process (PID=1590) to work on /opt/airflow/dags/dag_streamflow.py
[2026-01-11T00:25:16.623+0000] {processor.py:830} INFO - Processing file /opt/airflow/dags/dag_streamflow.py for tasks to queue
[2026-01-11T00:25:16.626+0000] {logging_mixin.py:188} INFO - [2026-01-11T00:25:16.625+0000] {dagbag.py:538} INFO - Filling up the DagBag from /opt/airflow/dags/dag_streamflow.py
[2026-01-11T00:25:16.687+0000] {processor.py:840} INFO - DAG(s) 'streamflow_main' retrieved from /opt/airflow/dags/dag_streamflow.py
[2026-01-11T00:25:16.919+0000] {logging_mixin.py:188} INFO - [2026-01-11T00:25:16.918+0000] {dag.py:3036} INFO - Sync 1 DAGs
[2026-01-11T00:25:16.970+0000] {logging_mixin.py:188} INFO - [2026-01-11T00:25:16.970+0000] {dag.py:3823} INFO - Setting next_dagrun for streamflow_main to None, run_after=None
[2026-01-11T00:25:17.128+0000] {processor.py:183} INFO - Processing /opt/airflow/dags/dag_streamflow.py took 0.536 seconds
[2026-01-11T00:25:47.510+0000] {processor.py:161} INFO - Started process (PID=1608) to work on /opt/airflow/dags/dag_streamflow.py
[2026-01-11T00:25:47.512+0000] {processor.py:830} INFO - Processing file /opt/airflow/dags/dag_streamflow.py for tasks to queue
[2026-01-11T00:25:47.514+0000] {logging_mixin.py:188} INFO - [2026-01-11T00:25:47.513+0000] {dagbag.py:538} INFO - Filling up the DagBag from /opt/airflow/dags/dag_streamflow.py
[2026-01-11T00:25:47.533+0000] {processor.py:840} INFO - DAG(s) 'streamflow_main' retrieved from /opt/airflow/dags/dag_streamflow.py
[2026-01-11T00:25:47.595+0000] {logging_mixin.py:188} INFO - [2026-01-11T00:25:47.595+0000] {dag.py:3036} INFO - Sync 1 DAGs
[2026-01-11T00:25:47.640+0000] {logging_mixin.py:188} INFO - [2026-01-11T00:25:47.640+0000] {dag.py:3823} INFO - Setting next_dagrun for streamflow_main to None, run_after=None
[2026-01-11T00:25:47.689+0000] {processor.py:183} INFO - Processing /opt/airflow/dags/dag_streamflow.py took 0.185 seconds
[2026-01-11T00:26:18.179+0000] {processor.py:161} INFO - Started process (PID=1620) to work on /opt/airflow/dags/dag_streamflow.py
[2026-01-11T00:26:18.182+0000] {processor.py:830} INFO - Processing file /opt/airflow/dags/dag_streamflow.py for tasks to queue
[2026-01-11T00:26:18.184+0000] {logging_mixin.py:188} INFO - [2026-01-11T00:26:18.183+0000] {dagbag.py:538} INFO - Filling up the DagBag from /opt/airflow/dags/dag_streamflow.py
[2026-01-11T00:26:18.206+0000] {processor.py:840} INFO - DAG(s) 'streamflow_main' retrieved from /opt/airflow/dags/dag_streamflow.py
[2026-01-11T00:26:18.250+0000] {logging_mixin.py:188} INFO - [2026-01-11T00:26:18.249+0000] {dag.py:3036} INFO - Sync 1 DAGs
[2026-01-11T00:26:18.278+0000] {logging_mixin.py:188} INFO - [2026-01-11T00:26:18.278+0000] {dag.py:3823} INFO - Setting next_dagrun for streamflow_main to None, run_after=None
[2026-01-11T00:26:18.322+0000] {processor.py:183} INFO - Processing /opt/airflow/dags/dag_streamflow.py took 0.148 seconds
[2026-01-11T00:26:49.182+0000] {processor.py:161} INFO - Started process (PID=1632) to work on /opt/airflow/dags/dag_streamflow.py
[2026-01-11T00:26:49.187+0000] {processor.py:830} INFO - Processing file /opt/airflow/dags/dag_streamflow.py for tasks to queue
[2026-01-11T00:26:49.188+0000] {logging_mixin.py:188} INFO - [2026-01-11T00:26:49.188+0000] {dagbag.py:538} INFO - Filling up the DagBag from /opt/airflow/dags/dag_streamflow.py
[2026-01-11T00:26:49.213+0000] {processor.py:840} INFO - DAG(s) 'streamflow_main' retrieved from /opt/airflow/dags/dag_streamflow.py
[2026-01-11T00:26:49.276+0000] {logging_mixin.py:188} INFO - [2026-01-11T00:26:49.276+0000] {dag.py:3036} INFO - Sync 1 DAGs
[2026-01-11T00:26:49.301+0000] {logging_mixin.py:188} INFO - [2026-01-11T00:26:49.301+0000] {dag.py:3823} INFO - Setting next_dagrun for streamflow_main to None, run_after=None
[2026-01-11T00:26:49.346+0000] {processor.py:183} INFO - Processing /opt/airflow/dags/dag_streamflow.py took 0.180 seconds
[2026-01-11T00:27:19.604+0000] {processor.py:161} INFO - Started process (PID=1701) to work on /opt/airflow/dags/dag_streamflow.py
[2026-01-11T00:27:19.606+0000] {processor.py:830} INFO - Processing file /opt/airflow/dags/dag_streamflow.py for tasks to queue
[2026-01-11T00:27:19.608+0000] {logging_mixin.py:188} INFO - [2026-01-11T00:27:19.607+0000] {dagbag.py:538} INFO - Filling up the DagBag from /opt/airflow/dags/dag_streamflow.py
[2026-01-11T00:27:19.639+0000] {processor.py:840} INFO - DAG(s) 'streamflow_main' retrieved from /opt/airflow/dags/dag_streamflow.py
[2026-01-11T00:27:19.739+0000] {logging_mixin.py:188} INFO - [2026-01-11T00:27:19.739+0000] {dag.py:3036} INFO - Sync 1 DAGs
[2026-01-11T00:27:19.762+0000] {logging_mixin.py:188} INFO - [2026-01-11T00:27:19.762+0000] {dag.py:3823} INFO - Setting next_dagrun for streamflow_main to None, run_after=None
[2026-01-11T00:27:19.798+0000] {processor.py:183} INFO - Processing /opt/airflow/dags/dag_streamflow.py took 0.201 seconds
[2026-01-11T00:27:50.054+0000] {processor.py:161} INFO - Started process (PID=1786) to work on /opt/airflow/dags/dag_streamflow.py
[2026-01-11T00:27:50.056+0000] {processor.py:830} INFO - Processing file /opt/airflow/dags/dag_streamflow.py for tasks to queue
[2026-01-11T00:27:50.059+0000] {logging_mixin.py:188} INFO - [2026-01-11T00:27:50.058+0000] {dagbag.py:538} INFO - Filling up the DagBag from /opt/airflow/dags/dag_streamflow.py
[2026-01-11T00:27:50.080+0000] {processor.py:840} INFO - DAG(s) 'streamflow_main' retrieved from /opt/airflow/dags/dag_streamflow.py
[2026-01-11T00:27:50.128+0000] {logging_mixin.py:188} INFO - [2026-01-11T00:27:50.127+0000] {dag.py:3036} INFO - Sync 1 DAGs
[2026-01-11T00:27:50.157+0000] {logging_mixin.py:188} INFO - [2026-01-11T00:27:50.157+0000] {dag.py:3823} INFO - Setting next_dagrun for streamflow_main to None, run_after=None
[2026-01-11T00:27:50.205+0000] {processor.py:183} INFO - Processing /opt/airflow/dags/dag_streamflow.py took 0.157 seconds
[2026-01-11T00:28:20.627+0000] {processor.py:161} INFO - Started process (PID=1798) to work on /opt/airflow/dags/dag_streamflow.py
[2026-01-11T00:28:20.629+0000] {processor.py:830} INFO - Processing file /opt/airflow/dags/dag_streamflow.py for tasks to queue
[2026-01-11T00:28:20.631+0000] {logging_mixin.py:188} INFO - [2026-01-11T00:28:20.631+0000] {dagbag.py:538} INFO - Filling up the DagBag from /opt/airflow/dags/dag_streamflow.py
[2026-01-11T00:28:20.652+0000] {processor.py:840} INFO - DAG(s) 'streamflow_main' retrieved from /opt/airflow/dags/dag_streamflow.py
[2026-01-11T00:28:20.700+0000] {logging_mixin.py:188} INFO - [2026-01-11T00:28:20.700+0000] {dag.py:3036} INFO - Sync 1 DAGs
[2026-01-11T00:28:20.721+0000] {logging_mixin.py:188} INFO - [2026-01-11T00:28:20.720+0000] {dag.py:3823} INFO - Setting next_dagrun for streamflow_main to None, run_after=None
[2026-01-11T00:28:20.754+0000] {processor.py:183} INFO - Processing /opt/airflow/dags/dag_streamflow.py took 0.134 seconds
[2026-01-11T00:28:50.923+0000] {processor.py:161} INFO - Started process (PID=1810) to work on /opt/airflow/dags/dag_streamflow.py
[2026-01-11T00:28:50.925+0000] {processor.py:830} INFO - Processing file /opt/airflow/dags/dag_streamflow.py for tasks to queue
[2026-01-11T00:28:50.927+0000] {logging_mixin.py:188} INFO - [2026-01-11T00:28:50.926+0000] {dagbag.py:538} INFO - Filling up the DagBag from /opt/airflow/dags/dag_streamflow.py
[2026-01-11T00:28:50.944+0000] {processor.py:840} INFO - DAG(s) 'streamflow_main' retrieved from /opt/airflow/dags/dag_streamflow.py
[2026-01-11T00:28:50.980+0000] {logging_mixin.py:188} INFO - [2026-01-11T00:28:50.979+0000] {dag.py:3036} INFO - Sync 1 DAGs
[2026-01-11T00:28:51.000+0000] {logging_mixin.py:188} INFO - [2026-01-11T00:28:51.000+0000] {dag.py:3823} INFO - Setting next_dagrun for streamflow_main to None, run_after=None
[2026-01-11T00:28:51.036+0000] {processor.py:183} INFO - Processing /opt/airflow/dags/dag_streamflow.py took 0.118 seconds
[2026-01-11T00:29:21.500+0000] {processor.py:161} INFO - Started process (PID=1822) to work on /opt/airflow/dags/dag_streamflow.py
[2026-01-11T00:29:21.504+0000] {processor.py:830} INFO - Processing file /opt/airflow/dags/dag_streamflow.py for tasks to queue
[2026-01-11T00:29:21.510+0000] {logging_mixin.py:188} INFO - [2026-01-11T00:29:21.509+0000] {dagbag.py:538} INFO - Filling up the DagBag from /opt/airflow/dags/dag_streamflow.py
[2026-01-11T00:29:21.546+0000] {processor.py:840} INFO - DAG(s) 'streamflow_main' retrieved from /opt/airflow/dags/dag_streamflow.py
[2026-01-11T00:29:21.644+0000] {logging_mixin.py:188} INFO - [2026-01-11T00:29:21.643+0000] {dag.py:3036} INFO - Sync 1 DAGs
[2026-01-11T00:29:21.686+0000] {logging_mixin.py:188} INFO - [2026-01-11T00:29:21.685+0000] {dag.py:3823} INFO - Setting next_dagrun for streamflow_main to None, run_after=None
[2026-01-11T00:29:21.769+0000] {processor.py:183} INFO - Processing /opt/airflow/dags/dag_streamflow.py took 0.280 seconds
[2026-01-11T00:29:52.022+0000] {processor.py:161} INFO - Started process (PID=1834) to work on /opt/airflow/dags/dag_streamflow.py
[2026-01-11T00:29:52.025+0000] {processor.py:830} INFO - Processing file /opt/airflow/dags/dag_streamflow.py for tasks to queue
[2026-01-11T00:29:52.028+0000] {logging_mixin.py:188} INFO - [2026-01-11T00:29:52.027+0000] {dagbag.py:538} INFO - Filling up the DagBag from /opt/airflow/dags/dag_streamflow.py
[2026-01-11T00:29:52.059+0000] {processor.py:840} INFO - DAG(s) 'streamflow_main' retrieved from /opt/airflow/dags/dag_streamflow.py
[2026-01-11T00:29:52.110+0000] {logging_mixin.py:188} INFO - [2026-01-11T00:29:52.110+0000] {dag.py:3036} INFO - Sync 1 DAGs
[2026-01-11T00:29:52.139+0000] {logging_mixin.py:188} INFO - [2026-01-11T00:29:52.139+0000] {dag.py:3823} INFO - Setting next_dagrun for streamflow_main to None, run_after=None
[2026-01-11T00:29:52.191+0000] {processor.py:183} INFO - Processing /opt/airflow/dags/dag_streamflow.py took 0.177 seconds
[2026-01-11T00:30:22.341+0000] {processor.py:161} INFO - Started process (PID=1846) to work on /opt/airflow/dags/dag_streamflow.py
[2026-01-11T00:30:22.342+0000] {processor.py:830} INFO - Processing file /opt/airflow/dags/dag_streamflow.py for tasks to queue
[2026-01-11T00:30:22.344+0000] {logging_mixin.py:188} INFO - [2026-01-11T00:30:22.344+0000] {dagbag.py:538} INFO - Filling up the DagBag from /opt/airflow/dags/dag_streamflow.py
[2026-01-11T00:30:22.361+0000] {processor.py:840} INFO - DAG(s) 'streamflow_main' retrieved from /opt/airflow/dags/dag_streamflow.py
[2026-01-11T00:30:22.399+0000] {logging_mixin.py:188} INFO - [2026-01-11T00:30:22.399+0000] {dag.py:3036} INFO - Sync 1 DAGs
[2026-01-11T00:30:22.420+0000] {logging_mixin.py:188} INFO - [2026-01-11T00:30:22.420+0000] {dag.py:3823} INFO - Setting next_dagrun for streamflow_main to None, run_after=None
[2026-01-11T00:30:22.455+0000] {processor.py:183} INFO - Processing /opt/airflow/dags/dag_streamflow.py took 0.119 seconds
[2026-01-11T00:30:52.651+0000] {processor.py:161} INFO - Started process (PID=1858) to work on /opt/airflow/dags/dag_streamflow.py
[2026-01-11T00:30:52.654+0000] {processor.py:830} INFO - Processing file /opt/airflow/dags/dag_streamflow.py for tasks to queue
[2026-01-11T00:30:52.656+0000] {logging_mixin.py:188} INFO - [2026-01-11T00:30:52.656+0000] {dagbag.py:538} INFO - Filling up the DagBag from /opt/airflow/dags/dag_streamflow.py
[2026-01-11T00:30:52.675+0000] {processor.py:840} INFO - DAG(s) 'streamflow_main' retrieved from /opt/airflow/dags/dag_streamflow.py
[2026-01-11T00:30:52.717+0000] {logging_mixin.py:188} INFO - [2026-01-11T00:30:52.717+0000] {dag.py:3036} INFO - Sync 1 DAGs
[2026-01-11T00:30:52.742+0000] {logging_mixin.py:188} INFO - [2026-01-11T00:30:52.741+0000] {dag.py:3823} INFO - Setting next_dagrun for streamflow_main to None, run_after=None
[2026-01-11T00:30:52.808+0000] {processor.py:183} INFO - Processing /opt/airflow/dags/dag_streamflow.py took 0.163 seconds
[2026-01-11T00:31:23.531+0000] {processor.py:161} INFO - Started process (PID=1870) to work on /opt/airflow/dags/dag_streamflow.py
[2026-01-11T00:31:23.533+0000] {processor.py:830} INFO - Processing file /opt/airflow/dags/dag_streamflow.py for tasks to queue
[2026-01-11T00:31:23.535+0000] {logging_mixin.py:188} INFO - [2026-01-11T00:31:23.534+0000] {dagbag.py:538} INFO - Filling up the DagBag from /opt/airflow/dags/dag_streamflow.py
[2026-01-11T00:31:23.557+0000] {processor.py:840} INFO - DAG(s) 'streamflow_main' retrieved from /opt/airflow/dags/dag_streamflow.py
[2026-01-11T00:31:23.596+0000] {logging_mixin.py:188} INFO - [2026-01-11T00:31:23.595+0000] {dag.py:3036} INFO - Sync 1 DAGs
[2026-01-11T00:31:23.619+0000] {logging_mixin.py:188} INFO - [2026-01-11T00:31:23.618+0000] {dag.py:3823} INFO - Setting next_dagrun for streamflow_main to None, run_after=None
[2026-01-11T00:31:23.661+0000] {processor.py:183} INFO - Processing /opt/airflow/dags/dag_streamflow.py took 0.135 seconds
[2026-01-11T00:31:54.195+0000] {processor.py:161} INFO - Started process (PID=1882) to work on /opt/airflow/dags/dag_streamflow.py
[2026-01-11T00:31:54.203+0000] {processor.py:830} INFO - Processing file /opt/airflow/dags/dag_streamflow.py for tasks to queue
[2026-01-11T00:31:54.207+0000] {logging_mixin.py:188} INFO - [2026-01-11T00:31:54.206+0000] {dagbag.py:538} INFO - Filling up the DagBag from /opt/airflow/dags/dag_streamflow.py
[2026-01-11T00:31:54.242+0000] {processor.py:840} INFO - DAG(s) 'streamflow_main' retrieved from /opt/airflow/dags/dag_streamflow.py
[2026-01-11T00:31:54.295+0000] {logging_mixin.py:188} INFO - [2026-01-11T00:31:54.295+0000] {dag.py:3036} INFO - Sync 1 DAGs
[2026-01-11T00:31:54.319+0000] {logging_mixin.py:188} INFO - [2026-01-11T00:31:54.319+0000] {dag.py:3823} INFO - Setting next_dagrun for streamflow_main to None, run_after=None
[2026-01-11T00:31:54.358+0000] {processor.py:183} INFO - Processing /opt/airflow/dags/dag_streamflow.py took 0.193 seconds
[2026-01-11T00:32:24.642+0000] {processor.py:161} INFO - Started process (PID=1894) to work on /opt/airflow/dags/dag_streamflow.py
[2026-01-11T00:32:24.645+0000] {processor.py:830} INFO - Processing file /opt/airflow/dags/dag_streamflow.py for tasks to queue
[2026-01-11T00:32:24.647+0000] {logging_mixin.py:188} INFO - [2026-01-11T00:32:24.646+0000] {dagbag.py:538} INFO - Filling up the DagBag from /opt/airflow/dags/dag_streamflow.py
[2026-01-11T00:32:24.666+0000] {processor.py:840} INFO - DAG(s) 'streamflow_main' retrieved from /opt/airflow/dags/dag_streamflow.py
[2026-01-11T00:32:24.701+0000] {logging_mixin.py:188} INFO - [2026-01-11T00:32:24.701+0000] {dag.py:3036} INFO - Sync 1 DAGs
[2026-01-11T00:32:24.721+0000] {logging_mixin.py:188} INFO - [2026-01-11T00:32:24.721+0000] {dag.py:3823} INFO - Setting next_dagrun for streamflow_main to None, run_after=None
[2026-01-11T00:32:24.753+0000] {processor.py:183} INFO - Processing /opt/airflow/dags/dag_streamflow.py took 0.117 seconds
[2026-01-11T00:32:55.106+0000] {processor.py:161} INFO - Started process (PID=1906) to work on /opt/airflow/dags/dag_streamflow.py
[2026-01-11T00:32:55.108+0000] {processor.py:830} INFO - Processing file /opt/airflow/dags/dag_streamflow.py for tasks to queue
[2026-01-11T00:32:55.111+0000] {logging_mixin.py:188} INFO - [2026-01-11T00:32:55.110+0000] {dagbag.py:538} INFO - Filling up the DagBag from /opt/airflow/dags/dag_streamflow.py
[2026-01-11T00:32:55.140+0000] {processor.py:840} INFO - DAG(s) 'streamflow_main' retrieved from /opt/airflow/dags/dag_streamflow.py
[2026-01-11T00:32:55.204+0000] {logging_mixin.py:188} INFO - [2026-01-11T00:32:55.203+0000] {dag.py:3036} INFO - Sync 1 DAGs
[2026-01-11T00:32:55.240+0000] {logging_mixin.py:188} INFO - [2026-01-11T00:32:55.239+0000] {dag.py:3823} INFO - Setting next_dagrun for streamflow_main to None, run_after=None
[2026-01-11T00:32:55.282+0000] {processor.py:183} INFO - Processing /opt/airflow/dags/dag_streamflow.py took 0.184 seconds
[2026-01-11T00:33:25.401+0000] {processor.py:161} INFO - Started process (PID=1918) to work on /opt/airflow/dags/dag_streamflow.py
[2026-01-11T00:33:25.403+0000] {processor.py:830} INFO - Processing file /opt/airflow/dags/dag_streamflow.py for tasks to queue
[2026-01-11T00:33:25.404+0000] {logging_mixin.py:188} INFO - [2026-01-11T00:33:25.404+0000] {dagbag.py:538} INFO - Filling up the DagBag from /opt/airflow/dags/dag_streamflow.py
[2026-01-11T00:33:25.423+0000] {processor.py:840} INFO - DAG(s) 'streamflow_main' retrieved from /opt/airflow/dags/dag_streamflow.py
[2026-01-11T00:33:25.460+0000] {logging_mixin.py:188} INFO - [2026-01-11T00:33:25.460+0000] {dag.py:3036} INFO - Sync 1 DAGs
[2026-01-11T00:33:25.481+0000] {logging_mixin.py:188} INFO - [2026-01-11T00:33:25.481+0000] {dag.py:3823} INFO - Setting next_dagrun for streamflow_main to None, run_after=None
[2026-01-11T00:33:25.517+0000] {processor.py:183} INFO - Processing /opt/airflow/dags/dag_streamflow.py took 0.122 seconds
[2026-01-11T00:33:55.952+0000] {processor.py:161} INFO - Started process (PID=1930) to work on /opt/airflow/dags/dag_streamflow.py
[2026-01-11T00:33:55.956+0000] {processor.py:830} INFO - Processing file /opt/airflow/dags/dag_streamflow.py for tasks to queue
[2026-01-11T00:33:55.958+0000] {logging_mixin.py:188} INFO - [2026-01-11T00:33:55.957+0000] {dagbag.py:538} INFO - Filling up the DagBag from /opt/airflow/dags/dag_streamflow.py
[2026-01-11T00:33:55.977+0000] {processor.py:840} INFO - DAG(s) 'streamflow_main' retrieved from /opt/airflow/dags/dag_streamflow.py
[2026-01-11T00:33:56.015+0000] {logging_mixin.py:188} INFO - [2026-01-11T00:33:56.014+0000] {dag.py:3036} INFO - Sync 1 DAGs
[2026-01-11T00:33:56.038+0000] {logging_mixin.py:188} INFO - [2026-01-11T00:33:56.038+0000] {dag.py:3823} INFO - Setting next_dagrun for streamflow_main to None, run_after=None
[2026-01-11T00:33:56.083+0000] {processor.py:183} INFO - Processing /opt/airflow/dags/dag_streamflow.py took 0.136 seconds
[2026-01-11T00:34:26.595+0000] {processor.py:161} INFO - Started process (PID=1942) to work on /opt/airflow/dags/dag_streamflow.py
[2026-01-11T00:34:26.606+0000] {processor.py:830} INFO - Processing file /opt/airflow/dags/dag_streamflow.py for tasks to queue
[2026-01-11T00:34:26.611+0000] {logging_mixin.py:188} INFO - [2026-01-11T00:34:26.610+0000] {dagbag.py:538} INFO - Filling up the DagBag from /opt/airflow/dags/dag_streamflow.py
[2026-01-11T00:34:26.637+0000] {processor.py:840} INFO - DAG(s) 'streamflow_main' retrieved from /opt/airflow/dags/dag_streamflow.py
[2026-01-11T00:34:26.689+0000] {logging_mixin.py:188} INFO - [2026-01-11T00:34:26.688+0000] {dag.py:3036} INFO - Sync 1 DAGs
[2026-01-11T00:34:26.716+0000] {logging_mixin.py:188} INFO - [2026-01-11T00:34:26.716+0000] {dag.py:3823} INFO - Setting next_dagrun for streamflow_main to None, run_after=None
[2026-01-11T00:34:26.837+0000] {processor.py:183} INFO - Processing /opt/airflow/dags/dag_streamflow.py took 0.252 seconds
[2026-01-11T00:34:57.202+0000] {processor.py:161} INFO - Started process (PID=1954) to work on /opt/airflow/dags/dag_streamflow.py
[2026-01-11T00:34:57.203+0000] {processor.py:830} INFO - Processing file /opt/airflow/dags/dag_streamflow.py for tasks to queue
[2026-01-11T00:34:57.205+0000] {logging_mixin.py:188} INFO - [2026-01-11T00:34:57.205+0000] {dagbag.py:538} INFO - Filling up the DagBag from /opt/airflow/dags/dag_streamflow.py
[2026-01-11T00:34:57.231+0000] {processor.py:840} INFO - DAG(s) 'streamflow_main' retrieved from /opt/airflow/dags/dag_streamflow.py
[2026-01-11T00:34:57.269+0000] {logging_mixin.py:188} INFO - [2026-01-11T00:34:57.269+0000] {dag.py:3036} INFO - Sync 1 DAGs
[2026-01-11T00:34:57.289+0000] {logging_mixin.py:188} INFO - [2026-01-11T00:34:57.289+0000] {dag.py:3823} INFO - Setting next_dagrun for streamflow_main to None, run_after=None
[2026-01-11T00:34:57.321+0000] {processor.py:183} INFO - Processing /opt/airflow/dags/dag_streamflow.py took 0.126 seconds
[2026-01-11T00:35:27.944+0000] {processor.py:161} INFO - Started process (PID=1965) to work on /opt/airflow/dags/dag_streamflow.py
[2026-01-11T00:35:27.954+0000] {processor.py:830} INFO - Processing file /opt/airflow/dags/dag_streamflow.py for tasks to queue
[2026-01-11T00:35:27.958+0000] {logging_mixin.py:188} INFO - [2026-01-11T00:35:27.957+0000] {dagbag.py:538} INFO - Filling up the DagBag from /opt/airflow/dags/dag_streamflow.py
[2026-01-11T00:35:28.010+0000] {processor.py:840} INFO - DAG(s) 'streamflow_main' retrieved from /opt/airflow/dags/dag_streamflow.py
[2026-01-11T00:35:28.128+0000] {logging_mixin.py:188} INFO - [2026-01-11T00:35:28.127+0000] {dag.py:3036} INFO - Sync 1 DAGs
[2026-01-11T00:35:28.175+0000] {logging_mixin.py:188} INFO - [2026-01-11T00:35:28.174+0000] {dag.py:3823} INFO - Setting next_dagrun for streamflow_main to None, run_after=None
[2026-01-11T00:35:28.257+0000] {processor.py:183} INFO - Processing /opt/airflow/dags/dag_streamflow.py took 0.328 seconds
[2026-01-11T00:37:41.346+0000] {processor.py:161} INFO - Started process (PID=331) to work on /opt/airflow/dags/dag_streamflow.py
[2026-01-11T00:37:41.375+0000] {processor.py:830} INFO - Processing file /opt/airflow/dags/dag_streamflow.py for tasks to queue
[2026-01-11T00:37:41.380+0000] {logging_mixin.py:188} INFO - [2026-01-11T00:37:41.379+0000] {dagbag.py:538} INFO - Filling up the DagBag from /opt/airflow/dags/dag_streamflow.py
[2026-01-11T00:37:41.694+0000] {processor.py:840} INFO - DAG(s) 'streamflow_main' retrieved from /opt/airflow/dags/dag_streamflow.py
[2026-01-11T00:37:42.867+0000] {logging_mixin.py:188} INFO - [2026-01-11T00:37:42.862+0000] {dag.py:3036} INFO - Sync 1 DAGs
[2026-01-11T00:37:42.943+0000] {logging_mixin.py:188} INFO - [2026-01-11T00:37:42.943+0000] {dag.py:3823} INFO - Setting next_dagrun for streamflow_main to None, run_after=None
[2026-01-11T00:37:43.039+0000] {processor.py:183} INFO - Processing /opt/airflow/dags/dag_streamflow.py took 1.828 seconds
[2026-01-11T00:38:14.023+0000] {processor.py:161} INFO - Started process (PID=376) to work on /opt/airflow/dags/dag_streamflow.py
[2026-01-11T00:38:14.056+0000] {processor.py:830} INFO - Processing file /opt/airflow/dags/dag_streamflow.py for tasks to queue
[2026-01-11T00:38:14.072+0000] {logging_mixin.py:188} INFO - [2026-01-11T00:38:14.068+0000] {dagbag.py:538} INFO - Filling up the DagBag from /opt/airflow/dags/dag_streamflow.py
[2026-01-11T00:38:14.187+0000] {processor.py:840} INFO - DAG(s) 'streamflow_main' retrieved from /opt/airflow/dags/dag_streamflow.py
[2026-01-11T00:38:14.372+0000] {logging_mixin.py:188} INFO - [2026-01-11T00:38:14.371+0000] {dag.py:3036} INFO - Sync 1 DAGs
[2026-01-11T00:38:14.590+0000] {logging_mixin.py:188} INFO - [2026-01-11T00:38:14.590+0000] {dag.py:3823} INFO - Setting next_dagrun for streamflow_main to None, run_after=None
[2026-01-11T00:38:14.695+0000] {processor.py:183} INFO - Processing /opt/airflow/dags/dag_streamflow.py took 0.701 seconds
[2026-01-11T00:38:45.037+0000] {processor.py:161} INFO - Started process (PID=451) to work on /opt/airflow/dags/dag_streamflow.py
[2026-01-11T00:38:45.043+0000] {processor.py:830} INFO - Processing file /opt/airflow/dags/dag_streamflow.py for tasks to queue
[2026-01-11T00:38:45.047+0000] {logging_mixin.py:188} INFO - [2026-01-11T00:38:45.046+0000] {dagbag.py:538} INFO - Filling up the DagBag from /opt/airflow/dags/dag_streamflow.py
[2026-01-11T00:38:45.102+0000] {processor.py:840} INFO - DAG(s) 'streamflow_main' retrieved from /opt/airflow/dags/dag_streamflow.py
[2026-01-11T00:38:45.180+0000] {logging_mixin.py:188} INFO - [2026-01-11T00:38:45.179+0000] {dag.py:3036} INFO - Sync 1 DAGs
[2026-01-11T00:38:45.220+0000] {logging_mixin.py:188} INFO - [2026-01-11T00:38:45.219+0000] {dag.py:3823} INFO - Setting next_dagrun for streamflow_main to None, run_after=None
[2026-01-11T00:38:45.280+0000] {processor.py:183} INFO - Processing /opt/airflow/dags/dag_streamflow.py took 0.254 seconds
[2026-01-11T00:39:15.728+0000] {processor.py:161} INFO - Started process (PID=467) to work on /opt/airflow/dags/dag_streamflow.py
[2026-01-11T00:39:15.731+0000] {processor.py:830} INFO - Processing file /opt/airflow/dags/dag_streamflow.py for tasks to queue
[2026-01-11T00:39:15.735+0000] {logging_mixin.py:188} INFO - [2026-01-11T00:39:15.734+0000] {dagbag.py:538} INFO - Filling up the DagBag from /opt/airflow/dags/dag_streamflow.py
[2026-01-11T00:39:15.809+0000] {processor.py:840} INFO - DAG(s) 'streamflow_main' retrieved from /opt/airflow/dags/dag_streamflow.py
[2026-01-11T00:39:15.892+0000] {logging_mixin.py:188} INFO - [2026-01-11T00:39:15.890+0000] {dag.py:3036} INFO - Sync 1 DAGs
[2026-01-11T00:39:15.947+0000] {logging_mixin.py:188} INFO - [2026-01-11T00:39:15.946+0000] {dag.py:3823} INFO - Setting next_dagrun for streamflow_main to None, run_after=None
[2026-01-11T00:39:16.029+0000] {processor.py:183} INFO - Processing /opt/airflow/dags/dag_streamflow.py took 0.326 seconds
[2026-01-11T00:39:46.807+0000] {processor.py:161} INFO - Started process (PID=479) to work on /opt/airflow/dags/dag_streamflow.py
[2026-01-11T00:39:46.817+0000] {processor.py:830} INFO - Processing file /opt/airflow/dags/dag_streamflow.py for tasks to queue
[2026-01-11T00:39:46.821+0000] {logging_mixin.py:188} INFO - [2026-01-11T00:39:46.820+0000] {dagbag.py:538} INFO - Filling up the DagBag from /opt/airflow/dags/dag_streamflow.py
[2026-01-11T00:39:46.853+0000] {processor.py:840} INFO - DAG(s) 'streamflow_main' retrieved from /opt/airflow/dags/dag_streamflow.py
[2026-01-11T00:39:46.929+0000] {logging_mixin.py:188} INFO - [2026-01-11T00:39:46.928+0000] {dag.py:3036} INFO - Sync 1 DAGs
[2026-01-11T00:39:46.957+0000] {logging_mixin.py:188} INFO - [2026-01-11T00:39:46.957+0000] {dag.py:3823} INFO - Setting next_dagrun for streamflow_main to None, run_after=None
[2026-01-11T00:39:47.009+0000] {processor.py:183} INFO - Processing /opt/airflow/dags/dag_streamflow.py took 0.214 seconds
[2026-01-11T00:40:17.366+0000] {processor.py:161} INFO - Started process (PID=491) to work on /opt/airflow/dags/dag_streamflow.py
[2026-01-11T00:40:17.370+0000] {processor.py:830} INFO - Processing file /opt/airflow/dags/dag_streamflow.py for tasks to queue
[2026-01-11T00:40:17.372+0000] {logging_mixin.py:188} INFO - [2026-01-11T00:40:17.371+0000] {dagbag.py:538} INFO - Filling up the DagBag from /opt/airflow/dags/dag_streamflow.py
[2026-01-11T00:40:17.390+0000] {processor.py:840} INFO - DAG(s) 'streamflow_main' retrieved from /opt/airflow/dags/dag_streamflow.py
[2026-01-11T00:40:17.429+0000] {logging_mixin.py:188} INFO - [2026-01-11T00:40:17.429+0000] {dag.py:3036} INFO - Sync 1 DAGs
[2026-01-11T00:40:17.450+0000] {logging_mixin.py:188} INFO - [2026-01-11T00:40:17.449+0000] {dag.py:3823} INFO - Setting next_dagrun for streamflow_main to None, run_after=None
[2026-01-11T00:40:17.488+0000] {processor.py:183} INFO - Processing /opt/airflow/dags/dag_streamflow.py took 0.128 seconds
[2026-01-11T00:40:47.695+0000] {processor.py:161} INFO - Started process (PID=503) to work on /opt/airflow/dags/dag_streamflow.py
[2026-01-11T00:40:47.697+0000] {processor.py:830} INFO - Processing file /opt/airflow/dags/dag_streamflow.py for tasks to queue
[2026-01-11T00:40:47.699+0000] {logging_mixin.py:188} INFO - [2026-01-11T00:40:47.699+0000] {dagbag.py:538} INFO - Filling up the DagBag from /opt/airflow/dags/dag_streamflow.py
[2026-01-11T00:40:47.716+0000] {processor.py:840} INFO - DAG(s) 'streamflow_main' retrieved from /opt/airflow/dags/dag_streamflow.py
[2026-01-11T00:40:47.755+0000] {logging_mixin.py:188} INFO - [2026-01-11T00:40:47.755+0000] {dag.py:3036} INFO - Sync 1 DAGs
[2026-01-11T00:40:47.777+0000] {logging_mixin.py:188} INFO - [2026-01-11T00:40:47.777+0000] {dag.py:3823} INFO - Setting next_dagrun for streamflow_main to None, run_after=None
[2026-01-11T00:40:47.813+0000] {processor.py:183} INFO - Processing /opt/airflow/dags/dag_streamflow.py took 0.125 seconds
[2026-01-11T00:41:18.312+0000] {processor.py:161} INFO - Started process (PID=515) to work on /opt/airflow/dags/dag_streamflow.py
[2026-01-11T00:41:18.315+0000] {processor.py:830} INFO - Processing file /opt/airflow/dags/dag_streamflow.py for tasks to queue
[2026-01-11T00:41:18.317+0000] {logging_mixin.py:188} INFO - [2026-01-11T00:41:18.316+0000] {dagbag.py:538} INFO - Filling up the DagBag from /opt/airflow/dags/dag_streamflow.py
[2026-01-11T00:41:18.338+0000] {processor.py:840} INFO - DAG(s) 'streamflow_main' retrieved from /opt/airflow/dags/dag_streamflow.py
[2026-01-11T00:41:18.403+0000] {logging_mixin.py:188} INFO - [2026-01-11T00:41:18.402+0000] {dag.py:3036} INFO - Sync 1 DAGs
[2026-01-11T00:41:18.425+0000] {logging_mixin.py:188} INFO - [2026-01-11T00:41:18.425+0000] {dag.py:3823} INFO - Setting next_dagrun for streamflow_main to None, run_after=None
[2026-01-11T00:41:18.461+0000] {processor.py:183} INFO - Processing /opt/airflow/dags/dag_streamflow.py took 0.157 seconds
[2026-01-11T00:41:48.724+0000] {processor.py:161} INFO - Started process (PID=634) to work on /opt/airflow/dags/dag_streamflow.py
[2026-01-11T00:41:48.730+0000] {processor.py:830} INFO - Processing file /opt/airflow/dags/dag_streamflow.py for tasks to queue
[2026-01-11T00:41:48.737+0000] {logging_mixin.py:188} INFO - [2026-01-11T00:41:48.734+0000] {dagbag.py:538} INFO - Filling up the DagBag from /opt/airflow/dags/dag_streamflow.py
[2026-01-11T00:41:48.873+0000] {processor.py:840} INFO - DAG(s) 'streamflow_main' retrieved from /opt/airflow/dags/dag_streamflow.py
[2026-01-11T00:41:49.381+0000] {logging_mixin.py:188} INFO - [2026-01-11T00:41:49.380+0000] {dag.py:3036} INFO - Sync 1 DAGs
[2026-01-11T00:41:49.912+0000] {logging_mixin.py:188} INFO - [2026-01-11T00:41:49.909+0000] {dag.py:3823} INFO - Setting next_dagrun for streamflow_main to None, run_after=None
[2026-01-11T00:41:50.109+0000] {processor.py:183} INFO - Processing /opt/airflow/dags/dag_streamflow.py took 1.395 seconds
[2026-01-11T00:42:20.840+0000] {processor.py:161} INFO - Started process (PID=724) to work on /opt/airflow/dags/dag_streamflow.py
[2026-01-11T00:42:20.843+0000] {processor.py:830} INFO - Processing file /opt/airflow/dags/dag_streamflow.py for tasks to queue
[2026-01-11T00:42:20.847+0000] {logging_mixin.py:188} INFO - [2026-01-11T00:42:20.846+0000] {dagbag.py:538} INFO - Filling up the DagBag from /opt/airflow/dags/dag_streamflow.py
[2026-01-11T00:42:20.887+0000] {processor.py:840} INFO - DAG(s) 'streamflow_main' retrieved from /opt/airflow/dags/dag_streamflow.py
[2026-01-11T00:42:20.953+0000] {logging_mixin.py:188} INFO - [2026-01-11T00:42:20.952+0000] {dag.py:3036} INFO - Sync 1 DAGs
[2026-01-11T00:42:20.991+0000] {logging_mixin.py:188} INFO - [2026-01-11T00:42:20.990+0000] {dag.py:3823} INFO - Setting next_dagrun for streamflow_main to None, run_after=None
[2026-01-11T00:42:21.056+0000] {processor.py:183} INFO - Processing /opt/airflow/dags/dag_streamflow.py took 0.228 seconds
[2026-01-11T00:42:51.522+0000] {processor.py:161} INFO - Started process (PID=757) to work on /opt/airflow/dags/dag_streamflow.py
[2026-01-11T00:42:51.524+0000] {processor.py:830} INFO - Processing file /opt/airflow/dags/dag_streamflow.py for tasks to queue
[2026-01-11T00:42:51.528+0000] {logging_mixin.py:188} INFO - [2026-01-11T00:42:51.527+0000] {dagbag.py:538} INFO - Filling up the DagBag from /opt/airflow/dags/dag_streamflow.py
[2026-01-11T00:42:51.568+0000] {processor.py:840} INFO - DAG(s) 'streamflow_main' retrieved from /opt/airflow/dags/dag_streamflow.py
[2026-01-11T00:42:51.659+0000] {logging_mixin.py:188} INFO - [2026-01-11T00:42:51.650+0000] {dag.py:3036} INFO - Sync 1 DAGs
[2026-01-11T00:42:51.736+0000] {logging_mixin.py:188} INFO - [2026-01-11T00:42:51.736+0000] {dag.py:3823} INFO - Setting next_dagrun for streamflow_main to None, run_after=None
[2026-01-11T00:42:51.788+0000] {processor.py:183} INFO - Processing /opt/airflow/dags/dag_streamflow.py took 0.274 seconds
[2026-01-11T00:43:22.316+0000] {processor.py:161} INFO - Started process (PID=768) to work on /opt/airflow/dags/dag_streamflow.py
[2026-01-11T00:43:22.318+0000] {processor.py:830} INFO - Processing file /opt/airflow/dags/dag_streamflow.py for tasks to queue
[2026-01-11T00:43:22.333+0000] {logging_mixin.py:188} INFO - [2026-01-11T00:43:22.332+0000] {dagbag.py:538} INFO - Filling up the DagBag from /opt/airflow/dags/dag_streamflow.py
[2026-01-11T00:43:22.361+0000] {processor.py:840} INFO - DAG(s) 'streamflow_main' retrieved from /opt/airflow/dags/dag_streamflow.py
[2026-01-11T00:43:22.415+0000] {logging_mixin.py:188} INFO - [2026-01-11T00:43:22.414+0000] {dag.py:3036} INFO - Sync 1 DAGs
[2026-01-11T00:43:22.453+0000] {logging_mixin.py:188} INFO - [2026-01-11T00:43:22.452+0000] {dag.py:3823} INFO - Setting next_dagrun for streamflow_main to None, run_after=None
[2026-01-11T00:43:22.506+0000] {processor.py:183} INFO - Processing /opt/airflow/dags/dag_streamflow.py took 0.197 seconds
[2026-01-11T00:43:53.037+0000] {processor.py:161} INFO - Started process (PID=780) to work on /opt/airflow/dags/dag_streamflow.py
[2026-01-11T00:43:53.039+0000] {processor.py:830} INFO - Processing file /opt/airflow/dags/dag_streamflow.py for tasks to queue
[2026-01-11T00:43:53.041+0000] {logging_mixin.py:188} INFO - [2026-01-11T00:43:53.040+0000] {dagbag.py:538} INFO - Filling up the DagBag from /opt/airflow/dags/dag_streamflow.py
[2026-01-11T00:43:53.078+0000] {processor.py:840} INFO - DAG(s) 'streamflow_main' retrieved from /opt/airflow/dags/dag_streamflow.py
[2026-01-11T00:43:53.179+0000] {logging_mixin.py:188} INFO - [2026-01-11T00:43:53.178+0000] {dag.py:3036} INFO - Sync 1 DAGs
[2026-01-11T00:43:53.220+0000] {logging_mixin.py:188} INFO - [2026-01-11T00:43:53.219+0000] {dag.py:3823} INFO - Setting next_dagrun for streamflow_main to None, run_after=None
[2026-01-11T00:43:53.278+0000] {processor.py:183} INFO - Processing /opt/airflow/dags/dag_streamflow.py took 0.253 seconds
[2026-01-11T00:44:23.690+0000] {processor.py:161} INFO - Started process (PID=792) to work on /opt/airflow/dags/dag_streamflow.py
[2026-01-11T00:44:23.693+0000] {processor.py:830} INFO - Processing file /opt/airflow/dags/dag_streamflow.py for tasks to queue
[2026-01-11T00:44:23.695+0000] {logging_mixin.py:188} INFO - [2026-01-11T00:44:23.694+0000] {dagbag.py:538} INFO - Filling up the DagBag from /opt/airflow/dags/dag_streamflow.py
[2026-01-11T00:44:23.719+0000] {processor.py:840} INFO - DAG(s) 'streamflow_main' retrieved from /opt/airflow/dags/dag_streamflow.py
[2026-01-11T00:44:23.766+0000] {logging_mixin.py:188} INFO - [2026-01-11T00:44:23.765+0000] {dag.py:3036} INFO - Sync 1 DAGs
[2026-01-11T00:44:23.787+0000] {logging_mixin.py:188} INFO - [2026-01-11T00:44:23.787+0000] {dag.py:3823} INFO - Setting next_dagrun for streamflow_main to None, run_after=None
[2026-01-11T00:44:23.824+0000] {processor.py:183} INFO - Processing /opt/airflow/dags/dag_streamflow.py took 0.141 seconds
[2026-01-11T00:44:54.059+0000] {processor.py:161} INFO - Started process (PID=804) to work on /opt/airflow/dags/dag_streamflow.py
[2026-01-11T00:44:54.061+0000] {processor.py:830} INFO - Processing file /opt/airflow/dags/dag_streamflow.py for tasks to queue
[2026-01-11T00:44:54.063+0000] {logging_mixin.py:188} INFO - [2026-01-11T00:44:54.063+0000] {dagbag.py:538} INFO - Filling up the DagBag from /opt/airflow/dags/dag_streamflow.py
[2026-01-11T00:44:54.086+0000] {processor.py:840} INFO - DAG(s) 'streamflow_main' retrieved from /opt/airflow/dags/dag_streamflow.py
[2026-01-11T00:44:54.154+0000] {logging_mixin.py:188} INFO - [2026-01-11T00:44:54.153+0000] {dag.py:3036} INFO - Sync 1 DAGs
[2026-01-11T00:44:54.204+0000] {logging_mixin.py:188} INFO - [2026-01-11T00:44:54.203+0000] {dag.py:3823} INFO - Setting next_dagrun for streamflow_main to None, run_after=None
[2026-01-11T00:44:54.251+0000] {processor.py:183} INFO - Processing /opt/airflow/dags/dag_streamflow.py took 0.200 seconds
[2026-01-11T00:45:24.384+0000] {processor.py:161} INFO - Started process (PID=816) to work on /opt/airflow/dags/dag_streamflow.py
[2026-01-11T00:45:24.386+0000] {processor.py:830} INFO - Processing file /opt/airflow/dags/dag_streamflow.py for tasks to queue
[2026-01-11T00:45:24.388+0000] {logging_mixin.py:188} INFO - [2026-01-11T00:45:24.388+0000] {dagbag.py:538} INFO - Filling up the DagBag from /opt/airflow/dags/dag_streamflow.py
[2026-01-11T00:45:24.406+0000] {processor.py:840} INFO - DAG(s) 'streamflow_main' retrieved from /opt/airflow/dags/dag_streamflow.py
[2026-01-11T00:45:24.445+0000] {logging_mixin.py:188} INFO - [2026-01-11T00:45:24.445+0000] {dag.py:3036} INFO - Sync 1 DAGs
[2026-01-11T00:45:24.482+0000] {logging_mixin.py:188} INFO - [2026-01-11T00:45:24.481+0000] {dag.py:3823} INFO - Setting next_dagrun for streamflow_main to None, run_after=None
[2026-01-11T00:45:24.515+0000] {processor.py:183} INFO - Processing /opt/airflow/dags/dag_streamflow.py took 0.139 seconds
[2026-01-11T00:45:55.184+0000] {processor.py:161} INFO - Started process (PID=941) to work on /opt/airflow/dags/dag_streamflow.py
[2026-01-11T00:45:55.213+0000] {processor.py:830} INFO - Processing file /opt/airflow/dags/dag_streamflow.py for tasks to queue
[2026-01-11T00:45:55.221+0000] {logging_mixin.py:188} INFO - [2026-01-11T00:45:55.220+0000] {dagbag.py:538} INFO - Filling up the DagBag from /opt/airflow/dags/dag_streamflow.py
[2026-01-11T00:45:55.436+0000] {processor.py:840} INFO - DAG(s) 'streamflow_main' retrieved from /opt/airflow/dags/dag_streamflow.py
[2026-01-11T00:45:55.739+0000] {logging_mixin.py:188} INFO - [2026-01-11T00:45:55.736+0000] {dag.py:3036} INFO - Sync 1 DAGs
[2026-01-11T00:45:55.793+0000] {logging_mixin.py:188} INFO - [2026-01-11T00:45:55.792+0000] {dag.py:3823} INFO - Setting next_dagrun for streamflow_main to None, run_after=None
[2026-01-11T00:45:56.072+0000] {processor.py:183} INFO - Processing /opt/airflow/dags/dag_streamflow.py took 0.901 seconds
[2026-01-11T00:46:26.952+0000] {processor.py:161} INFO - Started process (PID=1026) to work on /opt/airflow/dags/dag_streamflow.py
[2026-01-11T00:46:26.976+0000] {processor.py:830} INFO - Processing file /opt/airflow/dags/dag_streamflow.py for tasks to queue
[2026-01-11T00:46:26.990+0000] {logging_mixin.py:188} INFO - [2026-01-11T00:46:26.989+0000] {dagbag.py:538} INFO - Filling up the DagBag from /opt/airflow/dags/dag_streamflow.py
[2026-01-11T00:46:27.079+0000] {processor.py:840} INFO - DAG(s) 'streamflow_main' retrieved from /opt/airflow/dags/dag_streamflow.py
[2026-01-11T00:46:27.347+0000] {logging_mixin.py:188} INFO - [2026-01-11T00:46:27.346+0000] {dag.py:3036} INFO - Sync 1 DAGs
[2026-01-11T00:46:27.521+0000] {logging_mixin.py:188} INFO - [2026-01-11T00:46:27.519+0000] {dag.py:3823} INFO - Setting next_dagrun for streamflow_main to None, run_after=None
[2026-01-11T00:46:27.736+0000] {processor.py:183} INFO - Processing /opt/airflow/dags/dag_streamflow.py took 0.807 seconds
[2026-01-11T00:47:01.911+0000] {processor.py:161} INFO - Started process (PID=1120) to work on /opt/airflow/dags/dag_streamflow.py
[2026-01-11T00:47:01.929+0000] {processor.py:830} INFO - Processing file /opt/airflow/dags/dag_streamflow.py for tasks to queue
[2026-01-11T00:47:02.130+0000] {logging_mixin.py:188} INFO - [2026-01-11T00:47:01.955+0000] {dagbag.py:538} INFO - Filling up the DagBag from /opt/airflow/dags/dag_streamflow.py
[2026-01-11T00:47:03.476+0000] {processor.py:840} INFO - DAG(s) 'streamflow_main' retrieved from /opt/airflow/dags/dag_streamflow.py
[2026-01-11T00:47:04.666+0000] {logging_mixin.py:188} INFO - [2026-01-11T00:47:04.666+0000] {dag.py:3036} INFO - Sync 1 DAGs
[2026-01-11T00:47:06.593+0000] {logging_mixin.py:188} INFO - [2026-01-11T00:47:06.589+0000] {dag.py:3823} INFO - Setting next_dagrun for streamflow_main to None, run_after=None
[2026-01-11T00:47:08.199+0000] {processor.py:183} INFO - Processing /opt/airflow/dags/dag_streamflow.py took 7.006 seconds
[2026-01-11T00:47:38.966+0000] {processor.py:161} INFO - Started process (PID=1166) to work on /opt/airflow/dags/dag_streamflow.py
[2026-01-11T00:47:38.968+0000] {processor.py:830} INFO - Processing file /opt/airflow/dags/dag_streamflow.py for tasks to queue
[2026-01-11T00:47:38.970+0000] {logging_mixin.py:188} INFO - [2026-01-11T00:47:38.969+0000] {dagbag.py:538} INFO - Filling up the DagBag from /opt/airflow/dags/dag_streamflow.py
[2026-01-11T00:47:38.990+0000] {processor.py:840} INFO - DAG(s) 'streamflow_main' retrieved from /opt/airflow/dags/dag_streamflow.py
[2026-01-11T00:47:39.038+0000] {logging_mixin.py:188} INFO - [2026-01-11T00:47:39.037+0000] {dag.py:3036} INFO - Sync 1 DAGs
[2026-01-11T00:47:39.058+0000] {logging_mixin.py:188} INFO - [2026-01-11T00:47:39.057+0000] {dag.py:3823} INFO - Setting next_dagrun for streamflow_main to None, run_after=None
[2026-01-11T00:47:39.095+0000] {processor.py:183} INFO - Processing /opt/airflow/dags/dag_streamflow.py took 0.136 seconds
[2026-01-11T00:48:09.648+0000] {processor.py:161} INFO - Started process (PID=1178) to work on /opt/airflow/dags/dag_streamflow.py
[2026-01-11T00:48:09.652+0000] {processor.py:830} INFO - Processing file /opt/airflow/dags/dag_streamflow.py for tasks to queue
[2026-01-11T00:48:09.654+0000] {logging_mixin.py:188} INFO - [2026-01-11T00:48:09.654+0000] {dagbag.py:538} INFO - Filling up the DagBag from /opt/airflow/dags/dag_streamflow.py
[2026-01-11T00:48:09.683+0000] {processor.py:840} INFO - DAG(s) 'streamflow_main' retrieved from /opt/airflow/dags/dag_streamflow.py
[2026-01-11T00:48:09.735+0000] {logging_mixin.py:188} INFO - [2026-01-11T00:48:09.735+0000] {dag.py:3036} INFO - Sync 1 DAGs
[2026-01-11T00:48:09.785+0000] {logging_mixin.py:188} INFO - [2026-01-11T00:48:09.785+0000] {dag.py:3823} INFO - Setting next_dagrun for streamflow_main to None, run_after=None
[2026-01-11T00:48:09.838+0000] {processor.py:183} INFO - Processing /opt/airflow/dags/dag_streamflow.py took 0.199 seconds
[2026-01-11T00:48:40.059+0000] {processor.py:161} INFO - Started process (PID=1197) to work on /opt/airflow/dags/dag_streamflow.py
[2026-01-11T00:48:40.066+0000] {processor.py:830} INFO - Processing file /opt/airflow/dags/dag_streamflow.py for tasks to queue
[2026-01-11T00:48:40.078+0000] {logging_mixin.py:188} INFO - [2026-01-11T00:48:40.077+0000] {dagbag.py:538} INFO - Filling up the DagBag from /opt/airflow/dags/dag_streamflow.py
[2026-01-11T00:48:40.112+0000] {processor.py:840} INFO - DAG(s) 'streamflow_main' retrieved from /opt/airflow/dags/dag_streamflow.py
[2026-01-11T00:48:40.175+0000] {logging_mixin.py:188} INFO - [2026-01-11T00:48:40.173+0000] {dag.py:3036} INFO - Sync 1 DAGs
[2026-01-11T00:48:40.210+0000] {logging_mixin.py:188} INFO - [2026-01-11T00:48:40.210+0000] {dag.py:3823} INFO - Setting next_dagrun for streamflow_main to None, run_after=None
[2026-01-11T00:48:40.258+0000] {processor.py:183} INFO - Processing /opt/airflow/dags/dag_streamflow.py took 0.211 seconds
[2026-01-11T00:49:11.140+0000] {processor.py:161} INFO - Started process (PID=1209) to work on /opt/airflow/dags/dag_streamflow.py
[2026-01-11T00:49:11.142+0000] {processor.py:830} INFO - Processing file /opt/airflow/dags/dag_streamflow.py for tasks to queue
[2026-01-11T00:49:11.144+0000] {logging_mixin.py:188} INFO - [2026-01-11T00:49:11.144+0000] {dagbag.py:538} INFO - Filling up the DagBag from /opt/airflow/dags/dag_streamflow.py
[2026-01-11T00:49:11.166+0000] {processor.py:840} INFO - DAG(s) 'streamflow_main' retrieved from /opt/airflow/dags/dag_streamflow.py
[2026-01-11T00:49:11.219+0000] {logging_mixin.py:188} INFO - [2026-01-11T00:49:11.218+0000] {dag.py:3036} INFO - Sync 1 DAGs
[2026-01-11T00:49:11.248+0000] {logging_mixin.py:188} INFO - [2026-01-11T00:49:11.248+0000] {dag.py:3823} INFO - Setting next_dagrun for streamflow_main to None, run_after=None
[2026-01-11T00:49:11.290+0000] {processor.py:183} INFO - Processing /opt/airflow/dags/dag_streamflow.py took 0.161 seconds
[2026-01-11T00:49:41.841+0000] {processor.py:161} INFO - Started process (PID=1221) to work on /opt/airflow/dags/dag_streamflow.py
[2026-01-11T00:49:41.843+0000] {processor.py:830} INFO - Processing file /opt/airflow/dags/dag_streamflow.py for tasks to queue
[2026-01-11T00:49:41.845+0000] {logging_mixin.py:188} INFO - [2026-01-11T00:49:41.844+0000] {dagbag.py:538} INFO - Filling up the DagBag from /opt/airflow/dags/dag_streamflow.py
[2026-01-11T00:49:41.862+0000] {processor.py:840} INFO - DAG(s) 'streamflow_main' retrieved from /opt/airflow/dags/dag_streamflow.py
[2026-01-11T00:49:41.906+0000] {logging_mixin.py:188} INFO - [2026-01-11T00:49:41.905+0000] {dag.py:3036} INFO - Sync 1 DAGs
[2026-01-11T00:49:41.928+0000] {logging_mixin.py:188} INFO - [2026-01-11T00:49:41.928+0000] {dag.py:3823} INFO - Setting next_dagrun for streamflow_main to None, run_after=None
[2026-01-11T00:49:41.964+0000] {processor.py:183} INFO - Processing /opt/airflow/dags/dag_streamflow.py took 0.130 seconds
[2026-01-11T00:50:12.173+0000] {processor.py:161} INFO - Started process (PID=1233) to work on /opt/airflow/dags/dag_streamflow.py
[2026-01-11T00:50:12.177+0000] {processor.py:830} INFO - Processing file /opt/airflow/dags/dag_streamflow.py for tasks to queue
[2026-01-11T00:50:12.179+0000] {logging_mixin.py:188} INFO - [2026-01-11T00:50:12.178+0000] {dagbag.py:538} INFO - Filling up the DagBag from /opt/airflow/dags/dag_streamflow.py
[2026-01-11T00:50:12.195+0000] {processor.py:840} INFO - DAG(s) 'streamflow_main' retrieved from /opt/airflow/dags/dag_streamflow.py
[2026-01-11T00:50:12.235+0000] {logging_mixin.py:188} INFO - [2026-01-11T00:50:12.235+0000] {dag.py:3036} INFO - Sync 1 DAGs
[2026-01-11T00:50:12.254+0000] {logging_mixin.py:188} INFO - [2026-01-11T00:50:12.253+0000] {dag.py:3823} INFO - Setting next_dagrun for streamflow_main to None, run_after=None
[2026-01-11T00:50:12.289+0000] {processor.py:183} INFO - Processing /opt/airflow/dags/dag_streamflow.py took 0.121 seconds
[2026-01-11T00:50:42.682+0000] {processor.py:161} INFO - Started process (PID=1244) to work on /opt/airflow/dags/dag_streamflow.py
[2026-01-11T00:50:42.684+0000] {processor.py:830} INFO - Processing file /opt/airflow/dags/dag_streamflow.py for tasks to queue
[2026-01-11T00:50:42.686+0000] {logging_mixin.py:188} INFO - [2026-01-11T00:50:42.685+0000] {dagbag.py:538} INFO - Filling up the DagBag from /opt/airflow/dags/dag_streamflow.py
[2026-01-11T00:50:42.702+0000] {processor.py:840} INFO - DAG(s) 'streamflow_main' retrieved from /opt/airflow/dags/dag_streamflow.py
[2026-01-11T00:50:42.737+0000] {logging_mixin.py:188} INFO - [2026-01-11T00:50:42.737+0000] {dag.py:3036} INFO - Sync 1 DAGs
[2026-01-11T00:50:42.757+0000] {logging_mixin.py:188} INFO - [2026-01-11T00:50:42.757+0000] {dag.py:3823} INFO - Setting next_dagrun for streamflow_main to None, run_after=None
[2026-01-11T00:50:42.789+0000] {processor.py:183} INFO - Processing /opt/airflow/dags/dag_streamflow.py took 0.112 seconds
[2026-01-11T00:51:13.050+0000] {processor.py:161} INFO - Started process (PID=1256) to work on /opt/airflow/dags/dag_streamflow.py
[2026-01-11T00:51:13.064+0000] {processor.py:830} INFO - Processing file /opt/airflow/dags/dag_streamflow.py for tasks to queue
[2026-01-11T00:51:13.078+0000] {logging_mixin.py:188} INFO - [2026-01-11T00:51:13.077+0000] {dagbag.py:538} INFO - Filling up the DagBag from /opt/airflow/dags/dag_streamflow.py
[2026-01-11T00:51:13.110+0000] {processor.py:840} INFO - DAG(s) 'streamflow_main' retrieved from /opt/airflow/dags/dag_streamflow.py
[2026-01-11T00:51:13.173+0000] {logging_mixin.py:188} INFO - [2026-01-11T00:51:13.172+0000] {dag.py:3036} INFO - Sync 1 DAGs
[2026-01-11T00:51:13.197+0000] {logging_mixin.py:188} INFO - [2026-01-11T00:51:13.196+0000] {dag.py:3823} INFO - Setting next_dagrun for streamflow_main to None, run_after=None
[2026-01-11T00:51:13.230+0000] {processor.py:183} INFO - Processing /opt/airflow/dags/dag_streamflow.py took 0.186 seconds
[2026-01-11T00:51:43.403+0000] {processor.py:161} INFO - Started process (PID=1268) to work on /opt/airflow/dags/dag_streamflow.py
[2026-01-11T00:51:43.405+0000] {processor.py:830} INFO - Processing file /opt/airflow/dags/dag_streamflow.py for tasks to queue
[2026-01-11T00:51:43.407+0000] {logging_mixin.py:188} INFO - [2026-01-11T00:51:43.406+0000] {dagbag.py:538} INFO - Filling up the DagBag from /opt/airflow/dags/dag_streamflow.py
[2026-01-11T00:51:43.423+0000] {processor.py:840} INFO - DAG(s) 'streamflow_main' retrieved from /opt/airflow/dags/dag_streamflow.py
[2026-01-11T00:51:43.459+0000] {logging_mixin.py:188} INFO - [2026-01-11T00:51:43.459+0000] {dag.py:3036} INFO - Sync 1 DAGs
[2026-01-11T00:51:43.479+0000] {logging_mixin.py:188} INFO - [2026-01-11T00:51:43.478+0000] {dag.py:3823} INFO - Setting next_dagrun for streamflow_main to None, run_after=None
[2026-01-11T00:51:43.513+0000] {processor.py:183} INFO - Processing /opt/airflow/dags/dag_streamflow.py took 0.116 seconds
[2026-01-11T00:52:13.765+0000] {processor.py:161} INFO - Started process (PID=1280) to work on /opt/airflow/dags/dag_streamflow.py
[2026-01-11T00:52:13.769+0000] {processor.py:830} INFO - Processing file /opt/airflow/dags/dag_streamflow.py for tasks to queue
[2026-01-11T00:52:13.772+0000] {logging_mixin.py:188} INFO - [2026-01-11T00:52:13.771+0000] {dagbag.py:538} INFO - Filling up the DagBag from /opt/airflow/dags/dag_streamflow.py
[2026-01-11T00:52:13.794+0000] {processor.py:840} INFO - DAG(s) 'streamflow_main' retrieved from /opt/airflow/dags/dag_streamflow.py
[2026-01-11T00:52:13.839+0000] {logging_mixin.py:188} INFO - [2026-01-11T00:52:13.839+0000] {dag.py:3036} INFO - Sync 1 DAGs
[2026-01-11T00:52:13.863+0000] {logging_mixin.py:188} INFO - [2026-01-11T00:52:13.863+0000] {dag.py:3823} INFO - Setting next_dagrun for streamflow_main to None, run_after=None
[2026-01-11T00:52:13.900+0000] {processor.py:183} INFO - Processing /opt/airflow/dags/dag_streamflow.py took 0.142 seconds
[2026-01-11T00:52:44.327+0000] {processor.py:161} INFO - Started process (PID=1292) to work on /opt/airflow/dags/dag_streamflow.py
[2026-01-11T00:52:44.332+0000] {processor.py:830} INFO - Processing file /opt/airflow/dags/dag_streamflow.py for tasks to queue
[2026-01-11T00:52:44.334+0000] {logging_mixin.py:188} INFO - [2026-01-11T00:52:44.334+0000] {dagbag.py:538} INFO - Filling up the DagBag from /opt/airflow/dags/dag_streamflow.py
[2026-01-11T00:52:44.375+0000] {processor.py:840} INFO - DAG(s) 'streamflow_main' retrieved from /opt/airflow/dags/dag_streamflow.py
[2026-01-11T00:52:44.450+0000] {logging_mixin.py:188} INFO - [2026-01-11T00:52:44.449+0000] {dag.py:3036} INFO - Sync 1 DAGs
[2026-01-11T00:52:44.488+0000] {logging_mixin.py:188} INFO - [2026-01-11T00:52:44.488+0000] {dag.py:3823} INFO - Setting next_dagrun for streamflow_main to None, run_after=None
[2026-01-11T00:52:44.549+0000] {processor.py:183} INFO - Processing /opt/airflow/dags/dag_streamflow.py took 0.230 seconds
