[2026-01-04T07:14:30.930+0000] {manager.py:469} INFO - Processing files using up to 2 processes at a time 
[2026-01-04T07:14:30.941+0000] {manager.py:470} INFO - Process each file at most once every 30 seconds
[2026-01-04T07:14:30.955+0000] {manager.py:471} INFO - Checking for new files in /opt/airflow/dags every 60 seconds
[2026-01-04T07:14:30.962+0000] {manager.py:738} INFO - Searching for files in /opt/airflow/dags
[2026-01-04T07:14:30.991+0000] {manager.py:741} INFO - There are 0 files in /opt/airflow/dags
[2026-01-04T07:14:35.973+0000] {manager.py:451} INFO - Exiting gracefully upon receiving signal 15
[2026-01-04T08:12:49.115+0000] {manager.py:469} INFO - Processing files using up to 2 processes at a time 
[2026-01-04T08:12:49.121+0000] {manager.py:470} INFO - Process each file at most once every 30 seconds
[2026-01-04T08:12:49.124+0000] {manager.py:471} INFO - Checking for new files in /opt/airflow/dags every 300 seconds
[2026-01-04T08:12:49.127+0000] {manager.py:738} INFO - Searching for files in /opt/airflow/dags
[2026-01-04T08:12:49.132+0000] {manager.py:741} INFO - There are 0 files in /opt/airflow/dags
[2026-01-04T08:17:50.064+0000] {manager.py:738} INFO - Searching for files in /opt/airflow/dags
[2026-01-04T08:17:50.084+0000] {manager.py:741} INFO - There are 0 files in /opt/airflow/dags
[2026-01-04T08:22:50.626+0000] {manager.py:738} INFO - Searching for files in /opt/airflow/dags
[2026-01-04T08:22:50.635+0000] {manager.py:741} INFO - There are 0 files in /opt/airflow/dags
[2026-01-04T08:27:50.720+0000] {manager.py:738} INFO - Searching for files in /opt/airflow/dags
[2026-01-04T08:27:50.737+0000] {manager.py:741} INFO - There are 0 files in /opt/airflow/dags
[2026-01-04T08:32:50.960+0000] {manager.py:738} INFO - Searching for files in /opt/airflow/dags
[2026-01-04T08:32:50.973+0000] {manager.py:741} INFO - There are 0 files in /opt/airflow/dags
[2026-01-04T08:37:51.280+0000] {manager.py:738} INFO - Searching for files in /opt/airflow/dags
[2026-01-04T08:37:51.298+0000] {manager.py:741} INFO - There are 0 files in /opt/airflow/dags
[2026-01-04T08:42:52.019+0000] {manager.py:738} INFO - Searching for files in /opt/airflow/dags
[2026-01-04T08:42:52.025+0000] {manager.py:741} INFO - There are 0 files in /opt/airflow/dags
[2026-01-04T08:47:52.614+0000] {manager.py:738} INFO - Searching for files in /opt/airflow/dags
[2026-01-04T08:47:52.627+0000] {manager.py:741} INFO - There are 0 files in /opt/airflow/dags
[2026-01-04T10:10:19.640+0000] {manager.py:738} INFO - Searching for files in /opt/airflow/dags
[2026-01-04T10:10:19.863+0000] {manager.py:741} INFO - There are 0 files in /opt/airflow/dags
[2026-01-04T10:10:20.190+0000] {manager.py:451} INFO - Exiting gracefully upon receiving signal 15
[2026-01-04T10:10:24.548+0000] {manager.py:469} INFO - Processing files using up to 2 processes at a time 
[2026-01-04T10:10:24.551+0000] {manager.py:470} INFO - Process each file at most once every 30 seconds
[2026-01-04T10:10:24.552+0000] {manager.py:471} INFO - Checking for new files in /opt/airflow/dags every 300 seconds
[2026-01-04T10:10:24.554+0000] {manager.py:738} INFO - Searching for files in /opt/airflow/dags
[2026-01-04T10:10:24.562+0000] {manager.py:741} INFO - There are 0 files in /opt/airflow/dags
[2026-01-04T14:37:17.301+0000] {manager.py:738} INFO - Searching for files in /opt/airflow/dags
[2026-01-04T14:37:17.978+0000] {manager.py:741} INFO - There are 0 files in /opt/airflow/dags
[2026-01-04T22:37:54.603+0000] {manager.py:738} INFO - Searching for files in /opt/airflow/dags
[2026-01-04T22:37:54.936+0000] {manager.py:741} INFO - There are 0 files in /opt/airflow/dags
[2026-01-05T04:44:53.610+0000] {manager.py:738} INFO - Searching for files in /opt/airflow/dags
[2026-01-05T04:44:53.715+0000] {manager.py:741} INFO - There are 0 files in /opt/airflow/dags
[2026-01-05T14:14:23.569+0000] {manager.py:738} INFO - Searching for files in /opt/airflow/dags
[2026-01-05T14:14:24.125+0000] {manager.py:741} INFO - There are 0 files in /opt/airflow/dags
[2026-01-05T15:06:20.989+0000] {manager.py:738} INFO - Searching for files in /opt/airflow/dags
[2026-01-05T15:06:21.129+0000] {manager.py:741} INFO - There are 0 files in /opt/airflow/dags
[2026-01-05T15:11:21.499+0000] {manager.py:738} INFO - Searching for files in /opt/airflow/dags
[2026-01-05T15:11:21.511+0000] {manager.py:741} INFO - There are 0 files in /opt/airflow/dags
[2026-01-05T15:16:21.598+0000] {manager.py:738} INFO - Searching for files in /opt/airflow/dags
[2026-01-05T15:16:21.605+0000] {manager.py:741} INFO - There are 0 files in /opt/airflow/dags
[2026-01-07T06:08:28.273+0000] {manager.py:469} INFO - Processing files using up to 2 processes at a time 
[2026-01-07T06:08:28.282+0000] {manager.py:470} INFO - Process each file at most once every 30 seconds
[2026-01-07T06:08:28.287+0000] {manager.py:471} INFO - Checking for new files in /opt/airflow/dags every 300 seconds
[2026-01-07T06:08:28.292+0000] {manager.py:738} INFO - Searching for files in /opt/airflow/dags
[2026-01-07T06:08:28.304+0000] {manager.py:741} INFO - There are 0 files in /opt/airflow/dags
[2026-01-07T06:13:29.073+0000] {manager.py:738} INFO - Searching for files in /opt/airflow/dags
[2026-01-07T06:13:29.099+0000] {manager.py:741} INFO - There are 0 files in /opt/airflow/dags
[2026-01-07T06:18:29.122+0000] {manager.py:738} INFO - Searching for files in /opt/airflow/dags
[2026-01-07T06:18:29.135+0000] {manager.py:741} INFO - There are 0 files in /opt/airflow/dags
[2026-01-07T06:23:29.988+0000] {manager.py:738} INFO - Searching for files in /opt/airflow/dags
[2026-01-07T06:23:30.003+0000] {manager.py:741} INFO - There are 0 files in /opt/airflow/dags
[2026-01-07T06:28:30.900+0000] {manager.py:738} INFO - Searching for files in /opt/airflow/dags
[2026-01-07T06:28:30.912+0000] {manager.py:741} INFO - There are 0 files in /opt/airflow/dags
[2026-01-07T06:33:31.306+0000] {manager.py:738} INFO - Searching for files in /opt/airflow/dags
[2026-01-07T06:33:31.315+0000] {manager.py:741} INFO - There are 0 files in /opt/airflow/dags
[2026-01-07T06:38:32.053+0000] {manager.py:738} INFO - Searching for files in /opt/airflow/dags
[2026-01-07T06:38:32.064+0000] {manager.py:741} INFO - There are 0 files in /opt/airflow/dags
[2026-01-07T06:43:32.741+0000] {manager.py:738} INFO - Searching for files in /opt/airflow/dags
[2026-01-07T06:43:32.747+0000] {manager.py:741} INFO - There are 0 files in /opt/airflow/dags
[2026-01-07T06:48:32.987+0000] {manager.py:738} INFO - Searching for files in /opt/airflow/dags
[2026-01-07T06:48:33.033+0000] {manager.py:741} INFO - There are 0 files in /opt/airflow/dags
[2026-01-07T06:53:33.169+0000] {manager.py:738} INFO - Searching for files in /opt/airflow/dags
[2026-01-07T06:53:33.177+0000] {manager.py:741} INFO - There are 0 files in /opt/airflow/dags
[2026-01-07T06:58:33.834+0000] {manager.py:738} INFO - Searching for files in /opt/airflow/dags
[2026-01-07T06:58:33.844+0000] {manager.py:741} INFO - There are 0 files in /opt/airflow/dags
[2026-01-07T07:03:33.943+0000] {manager.py:738} INFO - Searching for files in /opt/airflow/dags
[2026-01-07T07:03:33.954+0000] {manager.py:741} INFO - There are 0 files in /opt/airflow/dags
[2026-01-07T07:08:33.964+0000] {manager.py:738} INFO - Searching for files in /opt/airflow/dags
[2026-01-07T07:08:33.975+0000] {manager.py:741} INFO - There are 0 files in /opt/airflow/dags
[2026-01-07T07:13:34.081+0000] {manager.py:738} INFO - Searching for files in /opt/airflow/dags
[2026-01-07T07:13:34.092+0000] {manager.py:741} INFO - There are 0 files in /opt/airflow/dags
[2026-01-07T07:18:34.184+0000] {manager.py:738} INFO - Searching for files in /opt/airflow/dags
[2026-01-07T07:18:34.190+0000] {manager.py:741} INFO - There are 0 files in /opt/airflow/dags
[2026-01-07T07:23:35.054+0000] {manager.py:738} INFO - Searching for files in /opt/airflow/dags
[2026-01-07T07:23:35.064+0000] {manager.py:741} INFO - There are 0 files in /opt/airflow/dags
[2026-01-07T07:28:35.177+0000] {manager.py:738} INFO - Searching for files in /opt/airflow/dags
[2026-01-07T07:28:35.185+0000] {manager.py:741} INFO - There are 0 files in /opt/airflow/dags
[2026-01-07T07:33:35.887+0000] {manager.py:738} INFO - Searching for files in /opt/airflow/dags
[2026-01-07T07:33:35.896+0000] {manager.py:741} INFO - There are 0 files in /opt/airflow/dags
[2026-01-07T07:38:36.080+0000] {manager.py:738} INFO - Searching for files in /opt/airflow/dags
[2026-01-07T07:38:36.101+0000] {manager.py:741} INFO - There are 0 files in /opt/airflow/dags
[2026-01-07T07:43:36.899+0000] {manager.py:738} INFO - Searching for files in /opt/airflow/dags
[2026-01-07T07:43:36.935+0000] {manager.py:741} INFO - There are 0 files in /opt/airflow/dags
[2026-01-07T07:48:37.581+0000] {manager.py:738} INFO - Searching for files in /opt/airflow/dags
[2026-01-07T07:48:37.587+0000] {manager.py:741} INFO - There are 0 files in /opt/airflow/dags
[2026-01-07T07:53:38.464+0000] {manager.py:738} INFO - Searching for files in /opt/airflow/dags
[2026-01-07T07:53:38.483+0000] {manager.py:741} INFO - There are 0 files in /opt/airflow/dags
[2026-01-07T07:58:38.483+0000] {manager.py:738} INFO - Searching for files in /opt/airflow/dags
[2026-01-07T07:58:38.506+0000] {manager.py:741} INFO - There are 0 files in /opt/airflow/dags
[2026-01-07T08:03:39.078+0000] {manager.py:738} INFO - Searching for files in /opt/airflow/dags
[2026-01-07T08:03:39.085+0000] {manager.py:741} INFO - There are 0 files in /opt/airflow/dags
[2026-01-10T00:12:36.948+0000] {manager.py:469} INFO - Processing files using up to 2 processes at a time 
[2026-01-10T00:12:36.952+0000] {manager.py:470} INFO - Process each file at most once every 30 seconds
[2026-01-10T00:12:36.954+0000] {manager.py:471} INFO - Checking for new files in /opt/airflow/dags every 300 seconds
[2026-01-10T00:12:36.960+0000] {manager.py:738} INFO - Searching for files in /opt/airflow/dags
[2026-01-10T00:12:36.972+0000] {manager.py:741} INFO - There are 0 files in /opt/airflow/dags
[2026-01-10T00:17:37.306+0000] {manager.py:738} INFO - Searching for files in /opt/airflow/dags
[2026-01-10T00:17:37.321+0000] {manager.py:741} INFO - There are 0 files in /opt/airflow/dags
[2026-01-10T00:22:37.357+0000] {manager.py:738} INFO - Searching for files in /opt/airflow/dags
[2026-01-10T00:22:37.374+0000] {manager.py:741} INFO - There are 0 files in /opt/airflow/dags
[2026-01-10T00:27:37.878+0000] {manager.py:738} INFO - Searching for files in /opt/airflow/dags
[2026-01-10T00:27:37.888+0000] {manager.py:741} INFO - There are 0 files in /opt/airflow/dags
[2026-01-10T00:32:38.546+0000] {manager.py:738} INFO - Searching for files in /opt/airflow/dags
[2026-01-10T00:32:38.555+0000] {manager.py:741} INFO - There are 0 files in /opt/airflow/dags
[2026-01-10T00:37:38.711+0000] {manager.py:738} INFO - Searching for files in /opt/airflow/dags
[2026-01-10T00:37:38.719+0000] {manager.py:741} INFO - There are 0 files in /opt/airflow/dags
[2026-01-10T00:42:38.782+0000] {manager.py:738} INFO - Searching for files in /opt/airflow/dags
[2026-01-10T00:42:38.791+0000] {manager.py:741} INFO - There are 0 files in /opt/airflow/dags
[2026-01-10T00:47:38.971+0000] {manager.py:738} INFO - Searching for files in /opt/airflow/dags
[2026-01-10T00:47:42.553+0000] {manager.py:741} INFO - There are 0 files in /opt/airflow/dags
[2026-01-10T00:52:39.360+0000] {manager.py:738} INFO - Searching for files in /opt/airflow/dags
[2026-01-10T00:52:39.453+0000] {manager.py:741} INFO - There are 0 files in /opt/airflow/dags
[2026-01-10T05:34:55.100+0000] {manager.py:469} INFO - Processing files using up to 2 processes at a time 
[2026-01-10T05:34:55.105+0000] {manager.py:470} INFO - Process each file at most once every 30 seconds
[2026-01-10T05:34:55.108+0000] {manager.py:471} INFO - Checking for new files in /opt/airflow/dags every 300 seconds
[2026-01-10T05:34:55.111+0000] {manager.py:738} INFO - Searching for files in /opt/airflow/dags
[2026-01-10T05:34:55.120+0000] {manager.py:741} INFO - There are 0 files in /opt/airflow/dags
[2026-01-10T05:39:55.564+0000] {manager.py:738} INFO - Searching for files in /opt/airflow/dags
[2026-01-10T05:39:55.574+0000] {manager.py:741} INFO - There are 0 files in /opt/airflow/dags
[2026-01-10T05:44:55.606+0000] {manager.py:738} INFO - Searching for files in /opt/airflow/dags
[2026-01-10T05:44:55.619+0000] {manager.py:741} INFO - There are 0 files in /opt/airflow/dags
[2026-01-10T05:49:55.780+0000] {manager.py:738} INFO - Searching for files in /opt/airflow/dags
[2026-01-10T05:49:55.792+0000] {manager.py:741} INFO - There are 0 files in /opt/airflow/dags
[2026-01-10T05:54:56.682+0000] {manager.py:738} INFO - Searching for files in /opt/airflow/dags
[2026-01-10T05:54:56.690+0000] {manager.py:741} INFO - There are 0 files in /opt/airflow/dags
[2026-01-10T05:59:56.816+0000] {manager.py:738} INFO - Searching for files in /opt/airflow/dags
[2026-01-10T05:59:56.823+0000] {manager.py:741} INFO - There are 0 files in /opt/airflow/dags
[2026-01-10T06:04:57.010+0000] {manager.py:738} INFO - Searching for files in /opt/airflow/dags
[2026-01-10T06:04:57.020+0000] {manager.py:741} INFO - There are 0 files in /opt/airflow/dags
[2026-01-10T06:09:57.223+0000] {manager.py:738} INFO - Searching for files in /opt/airflow/dags
[2026-01-10T06:09:57.235+0000] {manager.py:741} INFO - There are 0 files in /opt/airflow/dags
[2026-01-10T06:14:58.016+0000] {manager.py:738} INFO - Searching for files in /opt/airflow/dags
[2026-01-10T06:14:58.025+0000] {manager.py:741} INFO - There are 0 files in /opt/airflow/dags
[2026-01-10T06:19:58.133+0000] {manager.py:738} INFO - Searching for files in /opt/airflow/dags
[2026-01-10T06:19:58.145+0000] {manager.py:741} INFO - There are 0 files in /opt/airflow/dags
[2026-01-10T06:24:58.154+0000] {manager.py:738} INFO - Searching for files in /opt/airflow/dags
[2026-01-10T06:24:58.161+0000] {manager.py:741} INFO - There are 0 files in /opt/airflow/dags
[2026-01-10T06:29:58.355+0000] {manager.py:738} INFO - Searching for files in /opt/airflow/dags
[2026-01-10T06:29:58.373+0000] {manager.py:741} INFO - There are 1 files in /opt/airflow/dags
[2026-01-10T06:30:04.696+0000] {manager.py:879} INFO - 
================================================================================
DAG File Processing Stats

File Path                            PID    Runtime      # DAGs    # Errors  Last Runtime    Last Run
-----------------------------------  -----  ---------  --------  ----------  --------------  -------------------
/opt/airflow/dags/dag_streamflow.py                           1           0  0.97s           2026-01-10T06:29:59
================================================================================
[2026-01-10T06:30:35.061+0000] {manager.py:879} INFO - 
================================================================================
DAG File Processing Stats

File Path                            PID    Runtime      # DAGs    # Errors  Last Runtime    Last Run
-----------------------------------  -----  ---------  --------  ----------  --------------  -------------------
/opt/airflow/dags/dag_streamflow.py                           1           0  0.21s           2026-01-10T06:30:30
================================================================================
[2026-01-10T06:31:05.411+0000] {manager.py:879} INFO - 
================================================================================
DAG File Processing Stats

File Path                            PID    Runtime      # DAGs    # Errors  Last Runtime    Last Run
-----------------------------------  -----  ---------  --------  ----------  --------------  -------------------
/opt/airflow/dags/dag_streamflow.py                           1           0  0.26s           2026-01-10T06:31:00
================================================================================
[2026-01-10T06:31:35.785+0000] {manager.py:879} INFO - 
================================================================================
DAG File Processing Stats

File Path                            PID    Runtime      # DAGs    # Errors  Last Runtime    Last Run
-----------------------------------  -----  ---------  --------  ----------  --------------  -------------------
/opt/airflow/dags/dag_streamflow.py                           1           0  0.17s           2026-01-10T06:31:30
================================================================================
[2026-01-10T06:32:06.276+0000] {manager.py:879} INFO - 
================================================================================
DAG File Processing Stats

File Path                            PID    Runtime      # DAGs    # Errors  Last Runtime    Last Run
-----------------------------------  -----  ---------  --------  ----------  --------------  -------------------
/opt/airflow/dags/dag_streamflow.py                           1           0  0.26s           2026-01-10T06:32:01
================================================================================
[2026-01-10T06:32:36.704+0000] {manager.py:879} INFO - 
================================================================================
DAG File Processing Stats

File Path                            PID    Runtime      # DAGs    # Errors  Last Runtime    Last Run
-----------------------------------  -----  ---------  --------  ----------  --------------  -------------------
/opt/airflow/dags/dag_streamflow.py                           1           0  0.16s           2026-01-10T06:32:31
================================================================================
[2026-01-10T06:33:07.272+0000] {manager.py:879} INFO - 
================================================================================
DAG File Processing Stats

File Path                            PID    Runtime      # DAGs    # Errors  Last Runtime    Last Run
-----------------------------------  -----  ---------  --------  ----------  --------------  -------------------
/opt/airflow/dags/dag_streamflow.py                           1           0  0.16s           2026-01-10T06:33:02
================================================================================
[2026-01-10T06:33:37.604+0000] {manager.py:879} INFO - 
================================================================================
DAG File Processing Stats

File Path                            PID    Runtime      # DAGs    # Errors  Last Runtime    Last Run
-----------------------------------  -----  ---------  --------  ----------  --------------  -------------------
/opt/airflow/dags/dag_streamflow.py                           1           0  0.18s           2026-01-10T06:33:32
================================================================================
[2026-01-10T06:34:08.176+0000] {manager.py:879} INFO - 
================================================================================
DAG File Processing Stats

File Path                            PID    Runtime      # DAGs    # Errors  Last Runtime    Last Run
-----------------------------------  -----  ---------  --------  ----------  --------------  -------------------
/opt/airflow/dags/dag_streamflow.py                           1           0  0.33s           2026-01-10T06:34:03
================================================================================
[2026-01-10T06:34:38.219+0000] {manager.py:879} INFO - 
================================================================================
DAG File Processing Stats

File Path                            PID    Runtime      # DAGs    # Errors  Last Runtime    Last Run
-----------------------------------  -----  ---------  --------  ----------  --------------  -------------------
/opt/airflow/dags/dag_streamflow.py                           1           0  0.40s           2026-01-10T06:34:34
================================================================================
[2026-01-10T06:34:58.673+0000] {manager.py:738} INFO - Searching for files in /opt/airflow/dags
[2026-01-10T06:34:58.707+0000] {manager.py:741} INFO - There are 1 files in /opt/airflow/dags
[2026-01-10T06:35:08.444+0000] {manager.py:879} INFO - 
================================================================================
DAG File Processing Stats

File Path                            PID    Runtime      # DAGs    # Errors  Last Runtime    Last Run
-----------------------------------  -----  ---------  --------  ----------  --------------  -------------------
/opt/airflow/dags/dag_streamflow.py                           1           0  0.18s           2026-01-10T06:35:04
================================================================================
[2026-01-10T06:35:39.120+0000] {manager.py:879} INFO - 
================================================================================
DAG File Processing Stats

File Path                            PID    Runtime      # DAGs    # Errors  Last Runtime    Last Run
-----------------------------------  -----  ---------  --------  ----------  --------------  -------------------
/opt/airflow/dags/dag_streamflow.py                           1           0  0.17s           2026-01-10T06:35:35
================================================================================
[2026-01-10T06:36:09.482+0000] {manager.py:879} INFO - 
================================================================================
DAG File Processing Stats

File Path                            PID    Runtime      # DAGs    # Errors  Last Runtime    Last Run
-----------------------------------  -----  ---------  --------  ----------  --------------  -------------------
/opt/airflow/dags/dag_streamflow.py                           1           0  0.16s           2026-01-10T06:36:05
================================================================================
[2026-01-10T06:36:39.509+0000] {manager.py:879} INFO - 
================================================================================
DAG File Processing Stats

File Path                            PID    Runtime      # DAGs    # Errors  Last Runtime    Last Run
-----------------------------------  -----  ---------  --------  ----------  --------------  -------------------
/opt/airflow/dags/dag_streamflow.py                           1           0  2.54s           2026-01-10T06:36:38
================================================================================
[2026-01-10T06:37:09.700+0000] {manager.py:879} INFO - 
================================================================================
DAG File Processing Stats

File Path                            PID    Runtime      # DAGs    # Errors  Last Runtime    Last Run
-----------------------------------  -----  ---------  --------  ----------  --------------  -------------------
/opt/airflow/dags/dag_streamflow.py                           1           0  0.31s           2026-01-10T06:37:08
================================================================================
[2026-01-10T06:37:40.135+0000] {manager.py:879} INFO - 
================================================================================
DAG File Processing Stats

File Path                            PID    Runtime      # DAGs    # Errors  Last Runtime    Last Run
-----------------------------------  -----  ---------  --------  ----------  --------------  -------------------
/opt/airflow/dags/dag_streamflow.py                           1           0  0.39s           2026-01-10T06:37:39
================================================================================
[2026-01-10T06:38:10.534+0000] {manager.py:879} INFO - 
================================================================================
DAG File Processing Stats

File Path                            PID    Runtime      # DAGs    # Errors  Last Runtime    Last Run
-----------------------------------  -----  ---------  --------  ----------  --------------  -------------------
/opt/airflow/dags/dag_streamflow.py                           1           0  0.38s           2026-01-10T06:38:09
================================================================================
[2026-01-10T06:38:40.992+0000] {manager.py:879} INFO - 
================================================================================
DAG File Processing Stats

File Path                            PID    Runtime      # DAGs    # Errors  Last Runtime    Last Run
-----------------------------------  -----  ---------  --------  ----------  --------------  -------------------
/opt/airflow/dags/dag_streamflow.py                           1           0  0.27s           2026-01-10T06:38:40
================================================================================
[2026-01-10T06:39:11.477+0000] {manager.py:879} INFO - 
================================================================================
DAG File Processing Stats

File Path                            PID    Runtime      # DAGs    # Errors  Last Runtime    Last Run
-----------------------------------  -----  ---------  --------  ----------  --------------  -------------------
/opt/airflow/dags/dag_streamflow.py                           1           0  0.95s           2026-01-10T06:39:11
================================================================================
[2026-01-10T06:39:42.176+0000] {manager.py:879} INFO - 
================================================================================
DAG File Processing Stats

File Path                              PID  Runtime      # DAGs    # Errors  Last Runtime    Last Run
-----------------------------------  -----  ---------  --------  ----------  --------------  -------------------
/opt/airflow/dags/dag_streamflow.py   1185  0.01s             1           0  0.95s           2026-01-10T06:39:11
================================================================================
[2026-01-10T06:39:59.498+0000] {manager.py:738} INFO - Searching for files in /opt/airflow/dags
[2026-01-10T06:39:59.517+0000] {manager.py:741} INFO - There are 1 files in /opt/airflow/dags
[2026-01-10T06:40:12.868+0000] {manager.py:879} INFO - 
================================================================================
DAG File Processing Stats

File Path                              PID  Runtime      # DAGs    # Errors  Last Runtime    Last Run
-----------------------------------  -----  ---------  --------  ----------  --------------  -------------------
/opt/airflow/dags/dag_streamflow.py   1196  0.01s             1           0  0.18s           2026-01-10T06:39:42
================================================================================
[2026-01-10T06:40:43.309+0000] {manager.py:879} INFO - 
================================================================================
DAG File Processing Stats

File Path                              PID  Runtime      # DAGs    # Errors  Last Runtime    Last Run
-----------------------------------  -----  ---------  --------  ----------  --------------  -------------------
/opt/airflow/dags/dag_streamflow.py   1208  0.01s             1           0  0.27s           2026-01-10T06:40:13
================================================================================
[2026-01-10T06:41:13.862+0000] {manager.py:879} INFO - 
================================================================================
DAG File Processing Stats

File Path                              PID  Runtime      # DAGs    # Errors  Last Runtime    Last Run
-----------------------------------  -----  ---------  --------  ----------  --------------  -------------------
/opt/airflow/dags/dag_streamflow.py   1219  0.02s             1           0  0.17s           2026-01-10T06:40:43
================================================================================
[2026-01-10T06:41:44.420+0000] {manager.py:879} INFO - 
================================================================================
DAG File Processing Stats

File Path                              PID  Runtime      # DAGs    # Errors  Last Runtime    Last Run
-----------------------------------  -----  ---------  --------  ----------  --------------  -------------------
/opt/airflow/dags/dag_streamflow.py   1231  0.06s             1           0  0.40s           2026-01-10T06:41:14
================================================================================
[2026-01-10T06:42:14.771+0000] {manager.py:879} INFO - 
================================================================================
DAG File Processing Stats

File Path                              PID  Runtime      # DAGs    # Errors  Last Runtime    Last Run
-----------------------------------  -----  ---------  --------  ----------  --------------  -------------------
/opt/airflow/dags/dag_streamflow.py   1243  0.03s             1           0  0.21s           2026-01-10T06:41:44
================================================================================
[2026-01-10T06:42:45.511+0000] {manager.py:879} INFO - 
================================================================================
DAG File Processing Stats

File Path                              PID  Runtime      # DAGs    # Errors  Last Runtime    Last Run
-----------------------------------  -----  ---------  --------  ----------  --------------  -------------------
/opt/airflow/dags/dag_streamflow.py   1254  0.03s             1           0  0.29s           2026-01-10T06:42:15
================================================================================
[2026-01-10T06:43:16.034+0000] {manager.py:879} INFO - 
================================================================================
DAG File Processing Stats

File Path                              PID  Runtime      # DAGs    # Errors  Last Runtime    Last Run
-----------------------------------  -----  ---------  --------  ----------  --------------  -------------------
/opt/airflow/dags/dag_streamflow.py   1266  0.01s             1           0  0.33s           2026-01-10T06:42:45
================================================================================
[2026-01-10T06:43:46.608+0000] {manager.py:879} INFO - 
================================================================================
DAG File Processing Stats

File Path                              PID  Runtime      # DAGs    # Errors  Last Runtime    Last Run
-----------------------------------  -----  ---------  --------  ----------  --------------  -------------------
/opt/airflow/dags/dag_streamflow.py   1278  0.01s             1           0  0.42s           2026-01-10T06:43:16
================================================================================
[2026-01-10T06:44:17.184+0000] {manager.py:879} INFO - 
================================================================================
DAG File Processing Stats

File Path                              PID  Runtime      # DAGs    # Errors  Last Runtime    Last Run
-----------------------------------  -----  ---------  --------  ----------  --------------  -------------------
/opt/airflow/dags/dag_streamflow.py   1290  0.01s             1           0  0.30s           2026-01-10T06:43:46
================================================================================
[2026-01-10T06:44:47.912+0000] {manager.py:879} INFO - 
================================================================================
DAG File Processing Stats

File Path                              PID  Runtime      # DAGs    # Errors  Last Runtime    Last Run
-----------------------------------  -----  ---------  --------  ----------  --------------  -------------------
/opt/airflow/dags/dag_streamflow.py   1302  0.01s             1           0  0.36s           2026-01-10T06:44:17
================================================================================
[2026-01-10T06:45:00.036+0000] {manager.py:738} INFO - Searching for files in /opt/airflow/dags
[2026-01-10T06:45:00.050+0000] {manager.py:741} INFO - There are 1 files in /opt/airflow/dags
[2026-01-10T06:45:18.316+0000] {manager.py:879} INFO - 
================================================================================
DAG File Processing Stats

File Path                              PID  Runtime      # DAGs    # Errors  Last Runtime    Last Run
-----------------------------------  -----  ---------  --------  ----------  --------------  -------------------
/opt/airflow/dags/dag_streamflow.py   1314  0.01s             1           0  0.30s           2026-01-10T06:44:48
================================================================================
[2026-01-10T06:45:48.764+0000] {manager.py:879} INFO - 
================================================================================
DAG File Processing Stats

File Path                              PID  Runtime      # DAGs    # Errors  Last Runtime    Last Run
-----------------------------------  -----  ---------  --------  ----------  --------------  -------------------
/opt/airflow/dags/dag_streamflow.py   1326  0.01s             1           0  0.32s           2026-01-10T06:45:18
================================================================================
[2026-01-10T06:46:19.355+0000] {manager.py:879} INFO - 
================================================================================
DAG File Processing Stats

File Path                              PID  Runtime      # DAGs    # Errors  Last Runtime    Last Run
-----------------------------------  -----  ---------  --------  ----------  --------------  -------------------
/opt/airflow/dags/dag_streamflow.py   1338  0.01s             1           0  0.35s           2026-01-10T06:45:49
================================================================================
[2026-01-10T06:46:50.022+0000] {manager.py:879} INFO - 
================================================================================
DAG File Processing Stats

File Path                              PID  Runtime      # DAGs    # Errors  Last Runtime    Last Run
-----------------------------------  -----  ---------  --------  ----------  --------------  -------------------
/opt/airflow/dags/dag_streamflow.py   1350  0.01s             1           0  0.29s           2026-01-10T06:46:19
================================================================================
[2026-01-10T06:47:20.382+0000] {manager.py:879} INFO - 
================================================================================
DAG File Processing Stats

File Path                              PID  Runtime      # DAGs    # Errors  Last Runtime    Last Run
-----------------------------------  -----  ---------  --------  ----------  --------------  -------------------
/opt/airflow/dags/dag_streamflow.py   1362  0.01s             1           0  0.15s           2026-01-10T06:46:50
================================================================================
[2026-01-10T06:47:50.728+0000] {manager.py:879} INFO - 
================================================================================
DAG File Processing Stats

File Path                              PID  Runtime      # DAGs    # Errors  Last Runtime    Last Run
-----------------------------------  -----  ---------  --------  ----------  --------------  -------------------
/opt/airflow/dags/dag_streamflow.py   1374  0.01s             1           0  0.16s           2026-01-10T06:47:20
================================================================================
[2026-01-10T06:48:21.389+0000] {manager.py:879} INFO - 
================================================================================
DAG File Processing Stats

File Path                              PID  Runtime      # DAGs    # Errors  Last Runtime    Last Run
-----------------------------------  -----  ---------  --------  ----------  --------------  -------------------
/opt/airflow/dags/dag_streamflow.py   1386  0.01s             1           0  0.29s           2026-01-10T06:47:51
================================================================================
[2026-01-10T06:48:52.352+0000] {manager.py:879} INFO - 
================================================================================
DAG File Processing Stats

File Path                              PID  Runtime      # DAGs    # Errors  Last Runtime    Last Run
-----------------------------------  -----  ---------  --------  ----------  --------------  -------------------
/opt/airflow/dags/dag_streamflow.py   1397  0.02s             1           0  0.33s           2026-01-10T06:48:21
================================================================================
[2026-01-10T06:49:23.154+0000] {manager.py:879} INFO - 
================================================================================
DAG File Processing Stats

File Path                            PID    Runtime      # DAGs    # Errors  Last Runtime    Last Run
-----------------------------------  -----  ---------  --------  ----------  --------------  -------------------
/opt/airflow/dags/dag_streamflow.py                           1           0  1.24s           2026-01-10T06:48:53
================================================================================
[2026-01-10T06:49:53.557+0000] {manager.py:879} INFO - 
================================================================================
DAG File Processing Stats

File Path                            PID    Runtime      # DAGs    # Errors  Last Runtime    Last Run
-----------------------------------  -----  ---------  --------  ----------  --------------  -------------------
/opt/airflow/dags/dag_streamflow.py                           1           0  0.23s           2026-01-10T06:49:24
================================================================================
[2026-01-10T06:50:00.899+0000] {manager.py:738} INFO - Searching for files in /opt/airflow/dags
[2026-01-10T06:50:00.912+0000] {manager.py:741} INFO - There are 1 files in /opt/airflow/dags
[2026-01-10T06:50:24.156+0000] {manager.py:879} INFO - 
================================================================================
DAG File Processing Stats

File Path                            PID    Runtime      # DAGs    # Errors  Last Runtime    Last Run
-----------------------------------  -----  ---------  --------  ----------  --------------  -------------------
/opt/airflow/dags/dag_streamflow.py                           1           0  0.21s           2026-01-10T06:49:54
================================================================================
[2026-01-10T06:50:54.754+0000] {manager.py:879} INFO - 
================================================================================
DAG File Processing Stats

File Path                            PID    Runtime      # DAGs    # Errors  Last Runtime    Last Run
-----------------------------------  -----  ---------  --------  ----------  --------------  -------------------
/opt/airflow/dags/dag_streamflow.py                           1           0  0.25s           2026-01-10T06:50:25
================================================================================
[2026-01-10T06:51:25.128+0000] {manager.py:879} INFO - 
================================================================================
DAG File Processing Stats

File Path                            PID    Runtime      # DAGs    # Errors  Last Runtime    Last Run
-----------------------------------  -----  ---------  --------  ----------  --------------  -------------------
/opt/airflow/dags/dag_streamflow.py                           1           0  0.27s           2026-01-10T06:50:56
================================================================================
[2026-01-10T06:51:55.635+0000] {manager.py:879} INFO - 
================================================================================
DAG File Processing Stats

File Path                            PID    Runtime      # DAGs    # Errors  Last Runtime    Last Run
-----------------------------------  -----  ---------  --------  ----------  --------------  -------------------
/opt/airflow/dags/dag_streamflow.py                           1           0  0.18s           2026-01-10T06:51:26
================================================================================
[2026-01-10T06:52:26.079+0000] {manager.py:879} INFO - 
================================================================================
DAG File Processing Stats

File Path                            PID    Runtime      # DAGs    # Errors  Last Runtime    Last Run
-----------------------------------  -----  ---------  --------  ----------  --------------  -------------------
/opt/airflow/dags/dag_streamflow.py                           1           0  0.35s           2026-01-10T06:51:57
================================================================================
[2026-01-10T06:52:56.666+0000] {manager.py:879} INFO - 
================================================================================
DAG File Processing Stats

File Path                            PID    Runtime      # DAGs    # Errors  Last Runtime    Last Run
-----------------------------------  -----  ---------  --------  ----------  --------------  -------------------
/opt/airflow/dags/dag_streamflow.py                           1           0  0.27s           2026-01-10T06:52:27
================================================================================
[2026-01-10T06:53:27.128+0000] {manager.py:879} INFO - 
================================================================================
DAG File Processing Stats

File Path                            PID    Runtime      # DAGs    # Errors  Last Runtime    Last Run
-----------------------------------  -----  ---------  --------  ----------  --------------  -------------------
/opt/airflow/dags/dag_streamflow.py                           1           0  0.21s           2026-01-10T06:52:57
================================================================================
[2026-01-10T06:53:57.529+0000] {manager.py:879} INFO - 
================================================================================
DAG File Processing Stats

File Path                            PID    Runtime      # DAGs    # Errors  Last Runtime    Last Run
-----------------------------------  -----  ---------  --------  ----------  --------------  -------------------
/opt/airflow/dags/dag_streamflow.py                           1           0  0.16s           2026-01-10T06:53:28
================================================================================
[2026-01-10T06:54:28.321+0000] {manager.py:879} INFO - 
================================================================================
DAG File Processing Stats

File Path                            PID    Runtime      # DAGs    # Errors  Last Runtime    Last Run
-----------------------------------  -----  ---------  --------  ----------  --------------  -------------------
/opt/airflow/dags/dag_streamflow.py                           1           0  0.16s           2026-01-10T06:53:58
================================================================================
[2026-01-10T06:54:58.756+0000] {manager.py:879} INFO - 
================================================================================
DAG File Processing Stats

File Path                            PID    Runtime      # DAGs    # Errors  Last Runtime    Last Run
-----------------------------------  -----  ---------  --------  ----------  --------------  -------------------
/opt/airflow/dags/dag_streamflow.py                           1           0  0.15s           2026-01-10T06:54:29
================================================================================
[2026-01-10T06:55:00.939+0000] {manager.py:738} INFO - Searching for files in /opt/airflow/dags
[2026-01-10T06:55:00.953+0000] {manager.py:741} INFO - There are 1 files in /opt/airflow/dags
[2026-01-10T06:55:29.124+0000] {manager.py:879} INFO - 
================================================================================
DAG File Processing Stats

File Path                            PID    Runtime      # DAGs    # Errors  Last Runtime    Last Run
-----------------------------------  -----  ---------  --------  ----------  --------------  -------------------
/opt/airflow/dags/dag_streamflow.py                           1           0  0.16s           2026-01-10T06:54:59
================================================================================
[2026-01-10T06:55:59.689+0000] {manager.py:879} INFO - 
================================================================================
DAG File Processing Stats

File Path                            PID    Runtime      # DAGs    # Errors  Last Runtime    Last Run
-----------------------------------  -----  ---------  --------  ----------  --------------  -------------------
/opt/airflow/dags/dag_streamflow.py                           1           0  0.16s           2026-01-10T06:55:30
================================================================================
[2026-01-10T06:56:30.059+0000] {manager.py:879} INFO - 
================================================================================
DAG File Processing Stats

File Path                            PID    Runtime      # DAGs    # Errors  Last Runtime    Last Run
-----------------------------------  -----  ---------  --------  ----------  --------------  -------------------
/opt/airflow/dags/dag_streamflow.py                           1           0  0.19s           2026-01-10T06:56:00
================================================================================
[2026-01-10T06:57:00.749+0000] {manager.py:879} INFO - 
================================================================================
DAG File Processing Stats

File Path                            PID    Runtime      # DAGs    # Errors  Last Runtime    Last Run
-----------------------------------  -----  ---------  --------  ----------  --------------  -------------------
/opt/airflow/dags/dag_streamflow.py                           1           0  0.18s           2026-01-10T06:56:31
================================================================================
[2026-01-10T06:57:31.147+0000] {manager.py:879} INFO - 
================================================================================
DAG File Processing Stats

File Path                            PID    Runtime      # DAGs    # Errors  Last Runtime    Last Run
-----------------------------------  -----  ---------  --------  ----------  --------------  -------------------
/opt/airflow/dags/dag_streamflow.py                           1           0  0.71s           2026-01-10T06:57:02
================================================================================
[2026-01-10T06:58:01.649+0000] {manager.py:879} INFO - 
================================================================================
DAG File Processing Stats

File Path                            PID    Runtime      # DAGs    # Errors  Last Runtime    Last Run
-----------------------------------  -----  ---------  --------  ----------  --------------  -------------------
/opt/airflow/dags/dag_streamflow.py                           1           0  0.28s           2026-01-10T06:57:33
================================================================================
[2026-01-10T06:58:32.394+0000] {manager.py:879} INFO - 
================================================================================
DAG File Processing Stats

File Path                            PID    Runtime      # DAGs    # Errors  Last Runtime    Last Run
-----------------------------------  -----  ---------  --------  ----------  --------------  -------------------
/opt/airflow/dags/dag_streamflow.py                           1           0  0.16s           2026-01-10T06:58:03
================================================================================
