[2026-01-13T04:06:57.792+0000] {logging_mixin.py:188} INFO - Changing /opt/***/logs/dag_id=streamflow_main/run_id=manual__2026-01-13T04:05:35+00:00/task_id=ingest_kafka_to_landing permission to 509
[2026-01-13T04:06:57.912+0000] {logging_mixin.py:188} INFO - Changing /opt/***/logs/dag_id=streamflow_main/run_id=manual__2026-01-13T04:05:35+00:00/task_id=ingest_kafka_to_landing permission to 509
[2026-01-13T04:06:57.988+0000] {taskinstance.py:1956} INFO - Dependencies all met for dep_context=non-requeueable deps ti=<TaskInstance: streamflow_main.ingest_kafka_to_landing manual__2026-01-13T04:05:35+00:00 [queued]>
[2026-01-13T04:06:58.006+0000] {taskinstance.py:1956} INFO - Dependencies all met for dep_context=requeueable deps ti=<TaskInstance: streamflow_main.ingest_kafka_to_landing manual__2026-01-13T04:05:35+00:00 [queued]>
[2026-01-13T04:06:58.008+0000] {taskinstance.py:2170} INFO - Starting attempt 1 of 2
[2026-01-13T04:06:58.033+0000] {taskinstance.py:2191} INFO - Executing <Task(BashOperator): ingest_kafka_to_landing> on 2026-01-13 04:05:35+00:00
[2026-01-13T04:06:58.044+0000] {standard_task_runner.py:60} INFO - Started process 317 to run task
[2026-01-13T04:06:58.056+0000] {standard_task_runner.py:87} INFO - Running: ['***', 'tasks', 'run', 'streamflow_main', 'ingest_kafka_to_landing', 'manual__2026-01-13T04:05:35+00:00', '--job-id', '2', '--raw', '--subdir', 'DAGS_FOLDER/dag_streamflow.py', '--cfg-path', '/tmp/tmp94vq51_w']
[2026-01-13T04:06:58.061+0000] {standard_task_runner.py:88} INFO - Job 2: Subtask ingest_kafka_to_landing
[2026-01-13T04:06:58.168+0000] {logging_mixin.py:188} INFO - Changing /opt/***/logs/dag_id=streamflow_main/run_id=manual__2026-01-13T04:05:35+00:00/task_id=ingest_kafka_to_landing permission to 509
[2026-01-13T04:06:58.173+0000] {task_command.py:423} INFO - Running <TaskInstance: streamflow_main.ingest_kafka_to_landing manual__2026-01-13T04:05:35+00:00 [running]> on host fff62030f240
[2026-01-13T04:06:58.328+0000] {taskinstance.py:2480} INFO - Exporting env vars: AIRFLOW_CTX_DAG_OWNER='student' AIRFLOW_CTX_DAG_ID='streamflow_main' AIRFLOW_CTX_TASK_ID='ingest_kafka_to_landing' AIRFLOW_CTX_EXECUTION_DATE='2026-01-13T04:05:35+00:00' AIRFLOW_CTX_TRY_NUMBER='1' AIRFLOW_CTX_DAG_RUN_ID='manual__2026-01-13T04:05:35+00:00'
[2026-01-13T04:06:58.332+0000] {subprocess.py:63} INFO - Tmp dir root location: /tmp
[2026-01-13T04:06:58.335+0000] {subprocess.py:75} INFO - Running command: ['/usr/bin/bash', '-c', '\n        python /opt/spark-jobs/ingest_kafka_to_landing.py           --output-path /opt/spark-data/landing/2026-01-13\n        ']
[2026-01-13T04:06:58.353+0000] {subprocess.py:86} INFO - Output:
[2026-01-13T04:07:59.574+0000] {subprocess.py:93} INFO - Wrote 1556 messages to /opt/spark-data/landing/2026-01-13/user_events_20260113_040728.json
[2026-01-13T04:07:59.576+0000] {subprocess.py:93} INFO - Consumed 1556 messages from user_events
[2026-01-13T04:07:59.578+0000] {subprocess.py:93} INFO - Wrote 1735 messages to /opt/spark-data/landing/2026-01-13/transaction_events_20260113_040759.json
[2026-01-13T04:07:59.580+0000] {subprocess.py:93} INFO - Consumed 1735 messages from transaction_events
[2026-01-13T04:07:59.582+0000] {subprocess.py:93} INFO - Total messages consumed: 3291
[2026-01-13T04:07:59.742+0000] {subprocess.py:97} INFO - Command exited with return code 0
[2026-01-13T04:07:59.799+0000] {taskinstance.py:1138} INFO - Marking task as SUCCESS. dag_id=streamflow_main, task_id=ingest_kafka_to_landing, execution_date=20260113T040535, start_date=20260113T040657, end_date=20260113T040759
[2026-01-13T04:07:59.837+0000] {local_task_job_runner.py:234} INFO - Task exited with return code 0
[2026-01-13T04:07:59.869+0000] {taskinstance.py:3280} INFO - 1 downstream tasks scheduled from follow-on schedule check
